#
# There is insufficient memory for the Java Runtime Environment to continue.
# Native memory allocation (mmap) failed to map 178257920 bytes. Error detail: G1 virtual space
# Possible reasons:
#   The system is out of physical RAM or swap space
#   This process is running with CompressedOops enabled, and the Java Heap may be blocking the growth of the native heap
# Possible solutions:
#   Reduce memory load on the system
#   Increase physical memory or swap space
#   Check if swap backing store is full
#   Decrease Java heap size (-Xmx/-Xms)
#   Decrease number of Java threads
#   Decrease Java thread stack sizes (-Xss)
#   Set larger code cache with -XX:ReservedCodeCacheSize=
#   JVM is running with Unscaled Compressed Oops mode in which the Java heap is
#     placed in the first 4GB address space. The Java Heap base address is the
#     maximum limit for the native heap growth. Please use -XX:HeapBaseMinAddress
#     to set the Java Heap base and to place the Java Heap above 4GB virtual address.
# This output file may be truncated or incomplete.
#
#  Out of Memory Error (os_windows.cpp:3703), pid=13076, tid=7400
#
# JRE version: OpenJDK Runtime Environment (23.0.1+11) (build 23.0.1+11-39)
# Java VM: OpenJDK 64-Bit Server VM (23.0.1+11-39, mixed mode, emulated-client, sharing, tiered, compressed oops, compressed class ptrs, g1 gc, windows-amd64)
# No core dump will be written. Minidumps are not enabled by default on client versions of Windows
#

---------------  S U M M A R Y ------------

Command Line: -XX:TieredStopAtLevel=1 -Dspring.output.ansi.enabled=always -Dcom.sun.management.jmxremote -Dspring.jmx.enabled=true -Dspring.liveBeansView.mbeanDomain -Dspring.application.admin.enabled=true -Dmanagement.endpoints.jmx.exposure.include=* -javaagent:D:\Intellij IDEA\IntelliJ IDEA 2024.1.4\lib\idea_rt.jar=58315:D:\Intellij IDEA\IntelliJ IDEA 2024.1.4\bin -Dfile.encoding=UTF-8 -Dsun.stdout.encoding=UTF-8 -Dsun.stderr.encoding=UTF-8 com.app.vaxms_server.VaxmsServerApplication

Host: 11th Gen Intel(R) Core(TM) i5-1135G7 @ 2.40GHz, 8 cores, 7G,  Windows 11 , 64 bit Build 26100 (10.0.26100.3775)
Time: Fri Apr 11 17:33:16 2025 SE Asia Standard Time elapsed time: 14.618901 seconds (0d 0h 0m 14s)

---------------  T H R E A D  ---------------

Current thread (0x000002272c045f10):  VMThread "VM Thread"          [id=7400, stack(0x00000050cbe00000,0x00000050cbf00000) (1024K)]

Stack: [0x00000050cbe00000,0x00000050cbf00000]
Native frames: (J=compiled Java code, j=interpreted, Vv=VM code, C=native code)
V  [jvm.dll+0x6e08b9]  (no source info available)
V  [jvm.dll+0x87dc83]  (no source info available)
V  [jvm.dll+0x88010e]  (no source info available)
V  [jvm.dll+0x8807e3]  (no source info available)
V  [jvm.dll+0x27aee6]  (no source info available)
V  [jvm.dll+0x6dd1c5]  (no source info available)
V  [jvm.dll+0x6d104a]  (no source info available)
V  [jvm.dll+0x35b3ea]  (no source info available)
V  [jvm.dll+0x3637f6]  (no source info available)
V  [jvm.dll+0x34fd5e]  (no source info available)
V  [jvm.dll+0x34fff8]  (no source info available)
V  [jvm.dll+0x3289cc]  (no source info available)
V  [jvm.dll+0x328a5a]  (no source info available)
V  [jvm.dll+0x374c92]  (no source info available)
V  [jvm.dll+0x373392]  (no source info available)
V  [jvm.dll+0x3281a7]  (no source info available)
V  [jvm.dll+0x372e58]  (no source info available)
V  [jvm.dll+0x886720]  (no source info available)
V  [jvm.dll+0x887a47]  (no source info available)
V  [jvm.dll+0x887f78]  (no source info available)
V  [jvm.dll+0x888213]  (no source info available)
V  [jvm.dll+0x824f8b]  (no source info available)
V  [jvm.dll+0x6df065]  (no source info available)
C  [ucrtbase.dll+0x37b0]  (no source info available)
C  [KERNEL32.DLL+0x2e8d7]  (no source info available)
C  [ntdll.dll+0xb14fc]  (no source info available)

VM_Operation (0x00000050cd7f6618): G1TryInitiateConcMark, mode: safepoint, requested by thread 0x000002277245f560


---------------  P R O C E S S  ---------------

Threads class SMR info:
_java_thread_list=0x000002277459c550, length=24, elements={
0x00000227194d37c0, 0x000002272c060180, 0x000002272c061750, 0x000002272c066350,
0x000002272c066db0, 0x000002272c068380, 0x000002272c06fdd0, 0x000002272c0743c0,
0x000002272c1e3550, 0x000002272c1e6f00, 0x000002272c1f57c0, 0x000002272c49af10,
0x000002272c49d590, 0x000002272cac20f0, 0x000002272cb36150, 0x00000227723c6a00,
0x00000227723e9770, 0x000002277245eef0, 0x000002277245f560, 0x0000022772916c10,
0x00000227729172a0, 0x0000022772918650, 0x0000022772916580, 0x0000022772314700
}

Java Threads: ( => current thread )
  0x00000227194d37c0 JavaThread "main"                              [_thread_blocked, id=2860, stack(0x00000050cb700000,0x00000050cb800000) (1024K)]
  0x000002272c060180 JavaThread "Reference Handler"          daemon [_thread_blocked, id=5204, stack(0x00000050cbf00000,0x00000050cc000000) (1024K)]
  0x000002272c061750 JavaThread "Finalizer"                  daemon [_thread_blocked, id=4496, stack(0x00000050cc000000,0x00000050cc100000) (1024K)]
  0x000002272c066350 JavaThread "Signal Dispatcher"          daemon [_thread_blocked, id=4240, stack(0x00000050cc100000,0x00000050cc200000) (1024K)]
  0x000002272c066db0 JavaThread "Attach Listener"            daemon [_thread_blocked, id=8652, stack(0x00000050cc200000,0x00000050cc300000) (1024K)]
  0x000002272c068380 JavaThread "Service Thread"             daemon [_thread_blocked, id=6476, stack(0x00000050cc300000,0x00000050cc400000) (1024K)]
  0x000002272c06fdd0 JavaThread "Monitor Deflation Thread"   daemon [_thread_blocked, id=10356, stack(0x00000050cc400000,0x00000050cc500000) (1024K)]
  0x000002272c0743c0 JavaThread "C1 CompilerThread0"         daemon [_thread_blocked, id=17856, stack(0x00000050cc500000,0x00000050cc600000) (1024K)]
  0x000002272c1e3550 JavaThread "Common-Cleaner"             daemon [_thread_blocked, id=1892, stack(0x00000050cc600000,0x00000050cc700000) (1024K)]
  0x000002272c1e6f00 JavaThread "C1 CompilerThread1"         daemon [_thread_blocked, id=13104, stack(0x00000050cc700000,0x00000050cc800000) (1024K)]
  0x000002272c1f57c0 JavaThread "C1 CompilerThread2"         daemon [_thread_blocked, id=4480, stack(0x00000050cc800000,0x00000050cc900000) (1024K)]
  0x000002272c49af10 JavaThread "Monitor Ctrl-Break"         daemon [_thread_in_native, id=17396, stack(0x00000050cc900000,0x00000050cca00000) (1024K)]
  0x000002272c49d590 JavaThread "Notification Thread"        daemon [_thread_blocked, id=15436, stack(0x00000050cca00000,0x00000050ccb00000) (1024K)]
  0x000002272cac20f0 JavaThread "C1 CompilerThread3"         daemon [_thread_blocked, id=13676, stack(0x00000050ccb00000,0x00000050ccc00000) (1024K)]
  0x000002272cb36150 JavaThread "RMI TCP Accept-0"           daemon [_thread_in_native, id=17280, stack(0x00000050ccc00000,0x00000050ccd00000) (1024K)]
  0x00000227723c6a00 JavaThread "RMI TCP Connection(1)-192.168.1.27" daemon [_thread_blocked, id=2408, stack(0x00000050cd400000,0x00000050cd500000) (1024K)]
  0x00000227723e9770 JavaThread "RMI Scheduler(0)"           daemon [_thread_blocked, id=17424, stack(0x00000050cd500000,0x00000050cd600000) (1024K)]
  0x000002277245eef0 JavaThread "Thread-0"                          [_thread_blocked, id=2800, stack(0x00000050cd600000,0x00000050cd700000) (1024K)]
  0x000002277245f560 JavaThread "restartedMain"                     [_thread_blocked, id=6236, stack(0x00000050cd700000,0x00000050cd800000) (1024K)]
  0x0000022772916c10 JavaThread "Catalina-utility-1"                [_thread_blocked, id=4780, stack(0x00000050cd800000,0x00000050cd900000) (1024K)]
  0x00000227729172a0 JavaThread "Catalina-utility-2"                [_thread_blocked, id=12224, stack(0x00000050cda00000,0x00000050cdb00000) (1024K)]
  0x0000022772918650 JavaThread "container-0"                       [_thread_blocked, id=15316, stack(0x00000050cdb00000,0x00000050cdc00000) (1024K)]
  0x0000022772916580 JavaThread "PostgreSQL-JDBC-Cleaner"    daemon [_thread_blocked, id=4012, stack(0x00000050cdd00000,0x00000050cde00000) (1024K)]
  0x0000022772314700 JavaThread "HikariPool-1 housekeeper"   daemon [_thread_blocked, id=15584, stack(0x00000050cde00000,0x00000050cdf00000) (1024K)]
Total: 24

Other Threads:
=>0x000002272c045f10 VMThread "VM Thread"                           [id=7400, stack(0x00000050cbe00000,0x00000050cbf00000) (1024K)]
  0x000002272c026c50 WatcherThread "VM Periodic Task Thread"        [id=5360, stack(0x00000050cbd00000,0x00000050cbe00000) (1024K)]
  0x0000022719526ef0 WorkerThread "GC Thread#0"                     [id=12516, stack(0x00000050cb800000,0x00000050cb900000) (1024K)]
  0x000002277202ccc0 WorkerThread "GC Thread#1"                     [id=14692, stack(0x00000050ccd00000,0x00000050cce00000) (1024K)]
  0x000002277205ce80 WorkerThread "GC Thread#2"                     [id=13128, stack(0x00000050cce00000,0x00000050ccf00000) (1024K)]
  0x000002277205e650 WorkerThread "GC Thread#3"                     [id=17736, stack(0x00000050ccf00000,0x00000050cd000000) (1024K)]
  0x0000022772062a10 WorkerThread "GC Thread#4"                     [id=17680, stack(0x00000050cd000000,0x00000050cd100000) (1024K)]
  0x0000022772063240 WorkerThread "GC Thread#5"                     [id=16780, stack(0x00000050cd100000,0x00000050cd200000) (1024K)]
  0x0000022772063e80 WorkerThread "GC Thread#6"                     [id=1040, stack(0x00000050cd200000,0x00000050cd300000) (1024K)]
  0x0000022772064ac0 WorkerThread "GC Thread#7"                     [id=12088, stack(0x00000050cd300000,0x00000050cd400000) (1024K)]
  0x00000227192fdd50 ConcurrentGCThread "G1 Main Marker"            [id=180, stack(0x00000050cb900000,0x00000050cba00000) (1024K)]
  0x0000022719538aa0 WorkerThread "G1 Conc#0"                       [id=7472, stack(0x00000050cba00000,0x00000050cbb00000) (1024K)]
  0x0000022772b6e3c0 WorkerThread "G1 Conc#1"                       [id=5004, stack(0x00000050cd900000,0x00000050cda00000) (1024K)]
  0x000002272bef11e0 ConcurrentGCThread "G1 Refine#0"               [id=10608, stack(0x00000050cbb00000,0x00000050cbc00000) (1024K)]
  0x000002272bef5b90 ConcurrentGCThread "G1 Service"                [id=356, stack(0x00000050cbc00000,0x00000050cbd00000) (1024K)]
Total: 15

Threads with active compile tasks:
Total: 0

VM state: at safepoint (normal execution)

VM Mutex/Monitor currently owned by a thread:  ([mutex/lock_event])
[0x00007ff94c083910] Threads_lock - owner thread: 0x000002272c045f10
[0x00007ff94c083a10] Heap_lock - owner thread: 0x000002277245f560

Heap address: 0x0000000085200000, size: 1966 MB, Compressed Oops mode: 32-bit

CDS archive(s) mapped at: [0x000002272d000000-0x000002272dd70000-0x000002272dd70000), size 14090240, SharedBaseAddress: 0x000002272d000000, ArchiveRelocationMode: 1.
Compressed class space mapped at: 0x000002272e000000-0x000002276e000000, reserved size: 1073741824
Narrow klass base: 0x000002272d000000, Narrow klass shift: 0, Narrow klass range: 0x41000000

GC Precious Log:
 CardTable entry size: 512
 Card Set container configuration: InlinePtr #cards 5 size 8 Array Of Cards #cards 10 size 36 Howl #buckets 4 coarsen threshold 1843 Howl Bitmap #cards 512 size 80 coarsen threshold 460 Card regions per heap region 1 cards per card region 2048
 CPUs: 8 total, 8 available
 Memory: 7859M
 Large Page Support: Disabled
 NUMA Support: Disabled
 Compressed Oops: Enabled (32-bit)
 Heap Region Size: 1M
 Heap Min Capacity: 8M
 Heap Initial Capacity: 124M
 Heap Max Capacity: 1966M
 Pre-touch: Disabled
 Parallel Workers: 8
 Concurrent Workers: 2
 Concurrent Refinement Workers: 8
 Periodic GC: Disabled

Heap:
 garbage-first heap   total reserved 2013184K, committed 151552K, used 110383K [0x0000000085200000, 0x0000000100000000)
  region size 1024K, 3 young (3072K), 3 survivors (3072K)
 Metaspace       used 75452K, committed 76224K, reserved 1114112K
  class space    used 11377K, committed 11712K, reserved 1048576K

Heap Regions: E=young(eden), S=young(survivor), O=old, HS=humongous(starts), HC=humongous(continues), CS=collection set, F=free, TAMS=top-at-mark-start, PB=parsable bottom
|   0|0x0000000085200000, 0x0000000085300000, 0x0000000085300000|100%|HS|  |TAMS 0x0000000085300000| PB 0x0000000085200000| Complete |  0
|   1|0x0000000085300000, 0x0000000085400000, 0x0000000085400000|100%|HS|  |TAMS 0x0000000085400000| PB 0x0000000085300000| Complete |  0
|   2|0x0000000085400000, 0x0000000085500000, 0x0000000085500000|100%| O|  |TAMS 0x0000000085500000| PB 0x0000000085400000| Untracked |  0
|   3|0x0000000085500000, 0x0000000085600000, 0x0000000085600000|100%| O|  |TAMS 0x0000000085600000| PB 0x0000000085500000| Untracked |  0
|   4|0x0000000085600000, 0x0000000085700000, 0x0000000085700000|100%| O|  |TAMS 0x0000000085700000| PB 0x0000000085600000| Untracked |  0
|   5|0x0000000085700000, 0x0000000085800000, 0x0000000085800000|100%| O|  |TAMS 0x0000000085800000| PB 0x0000000085700000| Untracked |  0
|   6|0x0000000085800000, 0x0000000085900000, 0x0000000085900000|100%| O|  |TAMS 0x0000000085900000| PB 0x0000000085800000| Untracked |  0
|   7|0x0000000085900000, 0x0000000085a00000, 0x0000000085a00000|100%| O|  |TAMS 0x0000000085a00000| PB 0x0000000085900000| Untracked |  0
|   8|0x0000000085a00000, 0x0000000085b00000, 0x0000000085b00000|100%| O|  |TAMS 0x0000000085b00000| PB 0x0000000085a00000| Untracked |  0
|   9|0x0000000085b00000, 0x0000000085c00000, 0x0000000085c00000|100%| O|  |TAMS 0x0000000085c00000| PB 0x0000000085b00000| Untracked |  0
|  10|0x0000000085c00000, 0x0000000085d00000, 0x0000000085d00000|100%| O|  |TAMS 0x0000000085d00000| PB 0x0000000085c00000| Untracked |  0
|  11|0x0000000085d00000, 0x0000000085e00000, 0x0000000085e00000|100%| O|  |TAMS 0x0000000085e00000| PB 0x0000000085d00000| Untracked |  0
|  12|0x0000000085e00000, 0x0000000085f00000, 0x0000000085f00000|100%| O|  |TAMS 0x0000000085f00000| PB 0x0000000085e00000| Untracked |  0
|  13|0x0000000085f00000, 0x0000000086000000, 0x0000000086000000|100%| O|  |TAMS 0x0000000086000000| PB 0x0000000085f00000| Untracked |  0
|  14|0x0000000086000000, 0x0000000086100000, 0x0000000086100000|100%| O|  |TAMS 0x0000000086100000| PB 0x0000000086000000| Untracked |  0
|  15|0x0000000086100000, 0x0000000086200000, 0x0000000086200000|100%| O|  |TAMS 0x0000000086200000| PB 0x0000000086100000| Untracked |  0
|  16|0x0000000086200000, 0x0000000086300000, 0x0000000086300000|100%| O|  |TAMS 0x0000000086300000| PB 0x0000000086200000| Untracked |  0
|  17|0x0000000086300000, 0x0000000086400000, 0x0000000086400000|100%| O|  |TAMS 0x0000000086400000| PB 0x0000000086300000| Untracked |  0
|  18|0x0000000086400000, 0x0000000086500000, 0x0000000086500000|100%| O|  |TAMS 0x0000000086400000| PB 0x0000000086400000| Untracked |  0
|  19|0x0000000086500000, 0x0000000086600000, 0x0000000086600000|100%| O|  |TAMS 0x0000000086600000| PB 0x0000000086500000| Untracked |  0
|  20|0x0000000086600000, 0x0000000086700000, 0x0000000086700000|100%| O|  |TAMS 0x0000000086700000| PB 0x0000000086600000| Untracked |  0
|  21|0x0000000086700000, 0x0000000086800000, 0x0000000086800000|100%| O|  |TAMS 0x0000000086800000| PB 0x0000000086700000| Untracked |  0
|  22|0x0000000086800000, 0x0000000086900000, 0x0000000086900000|100%| O|  |TAMS 0x0000000086900000| PB 0x0000000086800000| Untracked |  0
|  23|0x0000000086900000, 0x0000000086a00000, 0x0000000086a00000|100%| O|  |TAMS 0x0000000086a00000| PB 0x0000000086900000| Untracked |  0
|  24|0x0000000086a00000, 0x0000000086b00000, 0x0000000086b00000|100%| O|  |TAMS 0x0000000086b00000| PB 0x0000000086a00000| Untracked |  0
|  25|0x0000000086b00000, 0x0000000086c00000, 0x0000000086c00000|100%| O|  |TAMS 0x0000000086c00000| PB 0x0000000086b00000| Untracked |  0
|  26|0x0000000086c00000, 0x0000000086d00000, 0x0000000086d00000|100%| O|  |TAMS 0x0000000086d00000| PB 0x0000000086c00000| Untracked |  0
|  27|0x0000000086d00000, 0x0000000086e00000, 0x0000000086e00000|100%| O|  |TAMS 0x0000000086e00000| PB 0x0000000086d00000| Untracked |  0
|  28|0x0000000086e00000, 0x0000000086f00000, 0x0000000086f00000|100%| O|  |TAMS 0x0000000086f00000| PB 0x0000000086e00000| Untracked |  0
|  29|0x0000000086f00000, 0x0000000087000000, 0x0000000087000000|100%| O|  |TAMS 0x0000000087000000| PB 0x0000000086f00000| Untracked |  0
|  30|0x0000000087000000, 0x0000000087100000, 0x0000000087100000|100%| O|  |TAMS 0x0000000087100000| PB 0x0000000087000000| Untracked |  0
|  31|0x0000000087100000, 0x0000000087200000, 0x0000000087200000|100%| O|  |TAMS 0x0000000087200000| PB 0x0000000087100000| Untracked |  0
|  32|0x0000000087200000, 0x0000000087300000, 0x0000000087300000|100%| O|  |TAMS 0x0000000087300000| PB 0x0000000087200000| Untracked |  0
|  33|0x0000000087300000, 0x0000000087400000, 0x0000000087400000|100%| O|  |TAMS 0x0000000087400000| PB 0x0000000087300000| Untracked |  0
|  34|0x0000000087400000, 0x0000000087500000, 0x0000000087500000|100%| O|  |TAMS 0x0000000087400000| PB 0x0000000087400000| Untracked |  0
|  35|0x0000000087500000, 0x0000000087600000, 0x0000000087600000|100%| O|  |TAMS 0x0000000087600000| PB 0x0000000087500000| Untracked |  0
|  36|0x0000000087600000, 0x0000000087700000, 0x0000000087700000|100%| O|  |TAMS 0x0000000087700000| PB 0x0000000087600000| Untracked |  0
|  37|0x0000000087700000, 0x0000000087800000, 0x0000000087800000|100%| O|  |TAMS 0x0000000087800000| PB 0x0000000087700000| Untracked |  0
|  38|0x0000000087800000, 0x0000000087900000, 0x0000000087900000|100%| O|  |TAMS 0x0000000087900000| PB 0x0000000087800000| Untracked |  0
|  39|0x0000000087900000, 0x0000000087a00000, 0x0000000087a00000|100%| O|  |TAMS 0x0000000087a00000| PB 0x0000000087900000| Untracked |  0
|  40|0x0000000087a00000, 0x0000000087b00000, 0x0000000087b00000|100%| O|  |TAMS 0x0000000087b00000| PB 0x0000000087a00000| Untracked |  0
|  41|0x0000000087b00000, 0x0000000087c00000, 0x0000000087c00000|100%| O|  |TAMS 0x0000000087c00000| PB 0x0000000087b00000| Untracked |  0
|  42|0x0000000087c00000, 0x0000000087d00000, 0x0000000087d00000|100%| O|  |TAMS 0x0000000087d00000| PB 0x0000000087c00000| Untracked |  0
|  43|0x0000000087d00000, 0x0000000087e00000, 0x0000000087e00000|100%| O|  |TAMS 0x0000000087e00000| PB 0x0000000087d00000| Untracked |  0
|  44|0x0000000087e00000, 0x0000000087f00000, 0x0000000087f00000|100%| O|  |TAMS 0x0000000087f00000| PB 0x0000000087e00000| Untracked |  0
|  45|0x0000000087f00000, 0x0000000088000000, 0x0000000088000000|100%| O|  |TAMS 0x0000000088000000| PB 0x0000000087f00000| Untracked |  0
|  46|0x0000000088000000, 0x0000000088100000, 0x0000000088100000|100%|HS|  |TAMS 0x0000000088100000| PB 0x0000000088000000| Complete |  0
|  47|0x0000000088100000, 0x0000000088200000, 0x0000000088200000|100%| O|  |TAMS 0x0000000088100000| PB 0x0000000088100000| Untracked |  0
|  48|0x0000000088200000, 0x0000000088300000, 0x0000000088300000|100%| O|  |TAMS 0x0000000088300000| PB 0x0000000088200000| Untracked |  0
|  49|0x0000000088300000, 0x0000000088400000, 0x0000000088400000|100%| O|  |TAMS 0x0000000088400000| PB 0x0000000088300000| Untracked |  0
|  50|0x0000000088400000, 0x0000000088500000, 0x0000000088500000|100%| O|  |TAMS 0x0000000088400000| PB 0x0000000088400000| Untracked |  0
|  51|0x0000000088500000, 0x0000000088600000, 0x0000000088600000|100%| O|  |TAMS 0x0000000088500000| PB 0x0000000088500000| Untracked |  0
|  52|0x0000000088600000, 0x0000000088700000, 0x0000000088700000|100%| O|  |TAMS 0x0000000088600000| PB 0x0000000088600000| Untracked |  0
|  53|0x0000000088700000, 0x0000000088800000, 0x0000000088800000|100%| O|  |TAMS 0x0000000088800000| PB 0x0000000088700000| Untracked |  0
|  54|0x0000000088800000, 0x0000000088900000, 0x0000000088900000|100%| O|  |TAMS 0x0000000088900000| PB 0x0000000088800000| Untracked |  0
|  55|0x0000000088900000, 0x0000000088a00000, 0x0000000088a00000|100%| O|  |TAMS 0x0000000088a00000| PB 0x0000000088900000| Untracked |  0
|  56|0x0000000088a00000, 0x0000000088b00000, 0x0000000088b00000|100%| O|  |TAMS 0x0000000088b00000| PB 0x0000000088a00000| Untracked |  0
|  57|0x0000000088b00000, 0x0000000088c00000, 0x0000000088c00000|100%| O|  |TAMS 0x0000000088c00000| PB 0x0000000088b00000| Untracked |  0
|  58|0x0000000088c00000, 0x0000000088c00000, 0x0000000088d00000|  0%| F|  |TAMS 0x0000000088c00000| PB 0x0000000088c00000| Untracked |  0
|  59|0x0000000088d00000, 0x0000000088e00000, 0x0000000088e00000|100%| O|  |TAMS 0x0000000088e00000| PB 0x0000000088d00000| Untracked |  0
|  60|0x0000000088e00000, 0x0000000088f00000, 0x0000000088f00000|100%| O|  |TAMS 0x0000000088f00000| PB 0x0000000088e00000| Untracked |  0
|  61|0x0000000088f00000, 0x0000000089000000, 0x0000000089000000|100%| O|  |TAMS 0x0000000089000000| PB 0x0000000088f00000| Untracked |  0
|  62|0x0000000089000000, 0x0000000089100000, 0x0000000089100000|100%| O|  |TAMS 0x0000000089100000| PB 0x0000000089000000| Untracked |  0
|  63|0x0000000089100000, 0x0000000089200000, 0x0000000089200000|100%| O|  |TAMS 0x0000000089200000| PB 0x0000000089100000| Untracked |  0
|  64|0x0000000089200000, 0x0000000089200000, 0x0000000089300000|  0%| F|  |TAMS 0x0000000089200000| PB 0x0000000089200000| Untracked |  0
|  65|0x0000000089300000, 0x0000000089400000, 0x0000000089400000|100%| O|  |TAMS 0x0000000089400000| PB 0x0000000089300000| Untracked |  0
|  66|0x0000000089400000, 0x0000000089500000, 0x0000000089500000|100%| O|  |TAMS 0x0000000089500000| PB 0x0000000089400000| Untracked |  0
|  67|0x0000000089500000, 0x0000000089600000, 0x0000000089600000|100%| O|  |TAMS 0x0000000089600000| PB 0x0000000089500000| Untracked |  0
|  68|0x0000000089600000, 0x0000000089700000, 0x0000000089700000|100%| O|  |TAMS 0x0000000089700000| PB 0x0000000089600000| Untracked |  0
|  69|0x0000000089700000, 0x0000000089800000, 0x0000000089800000|100%| O|  |TAMS 0x0000000089800000| PB 0x0000000089700000| Untracked |  0
|  70|0x0000000089800000, 0x0000000089900000, 0x0000000089900000|100%| O|  |TAMS 0x0000000089900000| PB 0x0000000089800000| Untracked |  0
|  71|0x0000000089900000, 0x0000000089a00000, 0x0000000089a00000|100%| O|  |TAMS 0x0000000089a00000| PB 0x0000000089900000| Untracked |  0
|  72|0x0000000089a00000, 0x0000000089b00000, 0x0000000089b00000|100%| O|  |TAMS 0x0000000089b00000| PB 0x0000000089a00000| Untracked |  0
|  73|0x0000000089b00000, 0x0000000089c00000, 0x0000000089c00000|100%| O|  |TAMS 0x0000000089c00000| PB 0x0000000089b00000| Untracked |  0
|  74|0x0000000089c00000, 0x0000000089d00000, 0x0000000089d00000|100%| O|  |TAMS 0x0000000089d00000| PB 0x0000000089c00000| Untracked |  0
|  75|0x0000000089d00000, 0x0000000089e00000, 0x0000000089e00000|100%| O|  |TAMS 0x0000000089e00000| PB 0x0000000089d00000| Untracked |  0
|  76|0x0000000089e00000, 0x0000000089f00000, 0x0000000089f00000|100%| O|  |TAMS 0x0000000089f00000| PB 0x0000000089e00000| Untracked |  0
|  77|0x0000000089f00000, 0x000000008a000000, 0x000000008a000000|100%| O|  |TAMS 0x000000008a000000| PB 0x0000000089f00000| Untracked |  0
|  78|0x000000008a000000, 0x000000008a100000, 0x000000008a100000|100%| O|  |TAMS 0x000000008a100000| PB 0x000000008a000000| Untracked |  0
|  79|0x000000008a100000, 0x000000008a200000, 0x000000008a200000|100%| O|  |TAMS 0x000000008a200000| PB 0x000000008a100000| Untracked |  0
|  80|0x000000008a200000, 0x000000008a300000, 0x000000008a300000|100%| O|  |TAMS 0x000000008a300000| PB 0x000000008a200000| Untracked |  0
|  81|0x000000008a300000, 0x000000008a400000, 0x000000008a400000|100%| O|  |TAMS 0x000000008a400000| PB 0x000000008a300000| Untracked |  0
|  82|0x000000008a400000, 0x000000008a500000, 0x000000008a500000|100%| O|  |TAMS 0x000000008a500000| PB 0x000000008a400000| Untracked |  0
|  83|0x000000008a500000, 0x000000008a600000, 0x000000008a600000|100%| O|  |TAMS 0x000000008a600000| PB 0x000000008a500000| Untracked |  0
|  84|0x000000008a600000, 0x000000008a700000, 0x000000008a700000|100%| O|  |TAMS 0x000000008a700000| PB 0x000000008a600000| Untracked |  0
|  85|0x000000008a700000, 0x000000008a800000, 0x000000008a800000|100%| O|  |TAMS 0x000000008a800000| PB 0x000000008a700000| Untracked |  0
|  86|0x000000008a800000, 0x000000008a900000, 0x000000008a900000|100%| O|  |TAMS 0x000000008a900000| PB 0x000000008a800000| Untracked |  0
|  87|0x000000008a900000, 0x000000008aa00000, 0x000000008aa00000|100%| O|  |TAMS 0x000000008aa00000| PB 0x000000008a900000| Untracked |  0
|  88|0x000000008aa00000, 0x000000008ab00000, 0x000000008ab00000|100%| O|  |TAMS 0x000000008ab00000| PB 0x000000008aa00000| Untracked |  0
|  89|0x000000008ab00000, 0x000000008ac00000, 0x000000008ac00000|100%| O|  |TAMS 0x000000008ac00000| PB 0x000000008ab00000| Untracked |  0
|  90|0x000000008ac00000, 0x000000008ad00000, 0x000000008ad00000|100%| O|  |TAMS 0x000000008ad00000| PB 0x000000008ac00000| Untracked |  0
|  91|0x000000008ad00000, 0x000000008ae00000, 0x000000008ae00000|100%| O|  |TAMS 0x000000008ae00000| PB 0x000000008ad00000| Untracked |  0
|  92|0x000000008ae00000, 0x000000008af00000, 0x000000008af00000|100%| O|  |TAMS 0x000000008af00000| PB 0x000000008ae00000| Untracked |  0
|  93|0x000000008af00000, 0x000000008b000000, 0x000000008b000000|100%| O|  |TAMS 0x000000008b000000| PB 0x000000008af00000| Untracked |  0
|  94|0x000000008b000000, 0x000000008b100000, 0x000000008b100000|100%| O|  |TAMS 0x000000008b100000| PB 0x000000008b000000| Untracked |  0
|  95|0x000000008b100000, 0x000000008b100000, 0x000000008b200000|  0%| F|  |TAMS 0x000000008b100000| PB 0x000000008b100000| Untracked |  0
|  96|0x000000008b200000, 0x000000008b300000, 0x000000008b300000|100%| O|  |TAMS 0x000000008b300000| PB 0x000000008b200000| Untracked |  0
|  97|0x000000008b300000, 0x000000008b400000, 0x000000008b400000|100%| O|  |TAMS 0x000000008b400000| PB 0x000000008b300000| Untracked |  0
|  98|0x000000008b400000, 0x000000008b500000, 0x000000008b500000|100%| O|  |TAMS 0x000000008b500000| PB 0x000000008b400000| Untracked |  0
|  99|0x000000008b500000, 0x000000008b600000, 0x000000008b600000|100%| O|  |TAMS 0x000000008b600000| PB 0x000000008b500000| Untracked |  0
| 100|0x000000008b600000, 0x000000008b700000, 0x000000008b700000|100%| O|  |TAMS 0x000000008b700000| PB 0x000000008b600000| Untracked |  0
| 101|0x000000008b700000, 0x000000008b800000, 0x000000008b800000|100%| O|  |TAMS 0x000000008b800000| PB 0x000000008b700000| Untracked |  0
| 102|0x000000008b800000, 0x000000008b900000, 0x000000008b900000|100%| O|  |TAMS 0x000000008b900000| PB 0x000000008b800000| Untracked |  0
| 103|0x000000008b900000, 0x000000008b900000, 0x000000008ba00000|  0%| F|  |TAMS 0x000000008b900000| PB 0x000000008b900000| Untracked |  0
| 104|0x000000008ba00000, 0x000000008ba00000, 0x000000008bb00000|  0%| F|  |TAMS 0x000000008ba00000| PB 0x000000008ba00000| Untracked |  0
| 105|0x000000008bb00000, 0x000000008bb00000, 0x000000008bc00000|  0%| F|  |TAMS 0x000000008bb00000| PB 0x000000008bb00000| Untracked |  0
| 106|0x000000008bc00000, 0x000000008bc00000, 0x000000008bd00000|  0%| F|  |TAMS 0x000000008bc00000| PB 0x000000008bc00000| Untracked |  0
| 107|0x000000008bd00000, 0x000000008bd00000, 0x000000008be00000|  0%| F|  |TAMS 0x000000008bd00000| PB 0x000000008bd00000| Untracked |  0
| 108|0x000000008be00000, 0x000000008bf00000, 0x000000008bf00000|100%| O|  |TAMS 0x000000008bf00000| PB 0x000000008be00000| Untracked |  0
| 109|0x000000008bf00000, 0x000000008c000000, 0x000000008c000000|100%| O|  |TAMS 0x000000008c000000| PB 0x000000008bf00000| Untracked |  0
| 110|0x000000008c000000, 0x000000008c100000, 0x000000008c100000|100%| O|  |TAMS 0x000000008c100000| PB 0x000000008c000000| Untracked |  0
| 111|0x000000008c100000, 0x000000008c200000, 0x000000008c200000|100%| O|  |TAMS 0x000000008c200000| PB 0x000000008c100000| Untracked |  0
| 112|0x000000008c200000, 0x000000008c300000, 0x000000008c300000|100%| O|  |TAMS 0x000000008c2d5438| PB 0x000000008c200000| Untracked |  0
| 113|0x000000008c300000, 0x000000008c300000, 0x000000008c400000|  0%| F|  |TAMS 0x000000008c300000| PB 0x000000008c300000| Untracked |  0
| 114|0x000000008c400000, 0x000000008c400000, 0x000000008c500000|  0%| F|  |TAMS 0x000000008c400000| PB 0x000000008c400000| Untracked |  0
| 115|0x000000008c500000, 0x000000008c500000, 0x000000008c600000|  0%| F|  |TAMS 0x000000008c500000| PB 0x000000008c500000| Untracked |  0
| 116|0x000000008c600000, 0x000000008c600000, 0x000000008c700000|  0%| F|  |TAMS 0x000000008c600000| PB 0x000000008c600000| Untracked |  0
| 117|0x000000008c700000, 0x000000008c700000, 0x000000008c800000|  0%| F|  |TAMS 0x000000008c700000| PB 0x000000008c700000| Untracked |  0
| 118|0x000000008c800000, 0x000000008c800000, 0x000000008c900000|  0%| F|  |TAMS 0x000000008c800000| PB 0x000000008c800000| Untracked |  0
| 119|0x000000008c900000, 0x000000008c900000, 0x000000008ca00000|  0%| F|  |TAMS 0x000000008c900000| PB 0x000000008c900000| Untracked |  0
| 120|0x000000008ca00000, 0x000000008ca00000, 0x000000008cb00000|  0%| F|  |TAMS 0x000000008ca00000| PB 0x000000008ca00000| Untracked |  0
| 121|0x000000008cb00000, 0x000000008cb00000, 0x000000008cc00000|  0%| F|  |TAMS 0x000000008cb00000| PB 0x000000008cb00000| Untracked |  0
| 122|0x000000008cc00000, 0x000000008cc00000, 0x000000008cd00000|  0%| F|  |TAMS 0x000000008cc00000| PB 0x000000008cc00000| Untracked |  0
| 123|0x000000008cd00000, 0x000000008cd00000, 0x000000008ce00000|  0%| F|  |TAMS 0x000000008cd00000| PB 0x000000008cd00000| Untracked |  0
| 124|0x000000008ce00000, 0x000000008ce00000, 0x000000008cf00000|  0%| F|  |TAMS 0x000000008ce00000| PB 0x000000008ce00000| Untracked |  0
| 125|0x000000008cf00000, 0x000000008cf00000, 0x000000008d000000|  0%| F|  |TAMS 0x000000008cf00000| PB 0x000000008cf00000| Untracked |  0
| 126|0x000000008d000000, 0x000000008d000000, 0x000000008d100000|  0%| F|  |TAMS 0x000000008d000000| PB 0x000000008d000000| Untracked |  0
| 127|0x000000008d100000, 0x000000008d100000, 0x000000008d200000|  0%| F|  |TAMS 0x000000008d100000| PB 0x000000008d100000| Untracked |  0
| 128|0x000000008d200000, 0x000000008d200000, 0x000000008d300000|  0%| F|  |TAMS 0x000000008d200000| PB 0x000000008d200000| Untracked |  0
| 129|0x000000008d300000, 0x000000008d300000, 0x000000008d400000|  0%| F|  |TAMS 0x000000008d300000| PB 0x000000008d300000| Untracked |  0
| 130|0x000000008d400000, 0x000000008d400000, 0x000000008d500000|  0%| F|  |TAMS 0x000000008d400000| PB 0x000000008d400000| Untracked |  0
| 131|0x000000008d500000, 0x000000008d500000, 0x000000008d600000|  0%| F|  |TAMS 0x000000008d500000| PB 0x000000008d500000| Untracked |  0
| 132|0x000000008d600000, 0x000000008d600000, 0x000000008d700000|  0%| F|  |TAMS 0x000000008d600000| PB 0x000000008d600000| Untracked |  0
| 133|0x000000008d700000, 0x000000008d700000, 0x000000008d800000|  0%| F|  |TAMS 0x000000008d700000| PB 0x000000008d700000| Untracked |  0
| 134|0x000000008d800000, 0x000000008d800000, 0x000000008d900000|  0%| F|  |TAMS 0x000000008d800000| PB 0x000000008d800000| Untracked |  0
| 135|0x000000008d900000, 0x000000008d900000, 0x000000008da00000|  0%| F|  |TAMS 0x000000008d900000| PB 0x000000008d900000| Untracked |  0
| 136|0x000000008da00000, 0x000000008da00000, 0x000000008db00000|  0%| F|  |TAMS 0x000000008da00000| PB 0x000000008da00000| Untracked |  0
| 137|0x000000008db00000, 0x000000008db00000, 0x000000008dc00000|  0%| F|  |TAMS 0x000000008db00000| PB 0x000000008db00000| Untracked |  0
| 138|0x000000008dc00000, 0x000000008dc00000, 0x000000008dd00000|  0%| F|  |TAMS 0x000000008dc00000| PB 0x000000008dc00000| Untracked |  0
| 139|0x000000008dd00000, 0x000000008dd00000, 0x000000008de00000|  0%| F|  |TAMS 0x000000008dd00000| PB 0x000000008dd00000| Untracked |  0
| 140|0x000000008de00000, 0x000000008decbcd0, 0x000000008df00000| 79%| S|CS|TAMS 0x000000008de00000| PB 0x000000008de00000| Complete |  0
| 141|0x000000008df00000, 0x000000008e000000, 0x000000008e000000|100%| S|CS|TAMS 0x000000008df00000| PB 0x000000008df00000| Complete |  0
| 142|0x000000008e000000, 0x000000008e100000, 0x000000008e100000|100%| S|CS|TAMS 0x000000008e000000| PB 0x000000008e000000| Complete |  0
| 143|0x000000008e100000, 0x000000008e100000, 0x000000008e200000|  0%| F|  |TAMS 0x000000008e100000| PB 0x000000008e100000| Untracked |  0
| 144|0x000000008e200000, 0x000000008e200000, 0x000000008e300000|  0%| F|  |TAMS 0x000000008e200000| PB 0x000000008e200000| Untracked |  0
| 145|0x000000008e300000, 0x000000008e300000, 0x000000008e400000|  0%| F|  |TAMS 0x000000008e300000| PB 0x000000008e300000| Untracked |  0
|1964|0x00000000ffe00000, 0x00000000ffe00000, 0x00000000fff00000|  0%| F|  |TAMS 0x00000000ffe00000| PB 0x00000000ffe00000| Untracked |  0
|1965|0x00000000fff00000, 0x00000000fff00000, 0x0000000100000000|  0%| F|  |TAMS 0x00000000fff00000| PB 0x00000000fff00000| Untracked |  0

Card table byte_map: [0x00000227272e0000,0x00000227276c0000] _byte_map_base: 0x0000022726eb7000

Marking Bits: (CMBitMap*) 0x0000022719527510
 Bits: [0x00000227276c0000, 0x0000022729578000)

Polling page: 0x000002271ae30000

Metaspace:

Usage:
  Non-class:     62.57 MB used.
      Class:     11.11 MB used.
       Both:     73.68 MB used.

Virtual space:
  Non-class space:       64.00 MB reserved,      63.00 MB ( 98%) committed,  1 nodes.
      Class space:        1.00 GB reserved,      11.44 MB (  1%) committed,  1 nodes.
             Both:        1.06 GB reserved,      74.44 MB (  7%) committed. 

Chunk freelists:
   Non-Class:  1.02 MB
       Class:  4.61 MB
        Both:  5.62 MB

MaxMetaspaceSize: unlimited
CompressedClassSpaceSize: 1.00 GB
Initial GC threshold: 21.00 MB
Current GC threshold: 124.06 MB
CDS: on
 - commit_granule_bytes: 65536.
 - commit_granule_words: 8192.
 - virtual_space_node_default_size: 8388608.
 - enlarge_chunks_in_place: 1.
 - use_allocation_guard: 0.


Internal statistics:

num_allocs_failed_limit: 6.
num_arena_births: 984.
num_arena_deaths: 0.
num_vsnodes_births: 2.
num_vsnodes_deaths: 0.
num_space_committed: 1191.
num_space_uncommitted: 0.
num_chunks_returned_to_freelist: 6.
num_chunks_taken_from_freelist: 3595.
num_chunk_merges: 6.
num_chunk_splits: 2698.
num_chunks_enlarged: 2172.
num_inconsistent_stats: 0.

CodeCache: size=49152Kb used=13112Kb max_used=13635Kb free=36039Kb
 bounds [0x0000022723620000, 0x0000022724380000, 0x0000022726620000]
 total_blobs=8843, nmethods=8122, adapters=641, full_count=0
Compilation: enabled, stopped_count=0, restarted_count=0

Compilation events (20 events):
Event: 13.010 Thread 0x000002272c1f57c0 9020       1       java.util.EventObject::<init> (24 bytes)
Event: 13.010 Thread 0x000002272c1f57c0 nmethod 9020 0x0000022723a7a888 code [0x0000022723a7a9a0, 0x0000022723a7ab68]
Event: 13.070 Thread 0x000002272c1f57c0 9021       1       org.antlr.v4.runtime.ParserRuleContext::<init> (5 bytes)
Event: 13.070 Thread 0x000002272c1e6f00 9022       1       org.antlr.v4.runtime.RuleContext::<init> (10 bytes)
Event: 13.070 Thread 0x000002272c1e6f00 nmethod 9022 0x0000022723a7b188 code [0x0000022723a7b2a0, 0x0000022723a7b370]
Event: 13.070 Thread 0x000002272c1f57c0 nmethod 9021 0x0000022723a7bd88 code [0x0000022723a7bea0, 0x0000022723a7bf70]
Event: 13.095 Thread 0x000002272c0743c0 9023       1       org.antlr.v4.runtime.ParserRuleContext::copyFrom (99 bytes)
Event: 13.095 Thread 0x000002272c0743c0 nmethod 9023 0x0000022723a8ac08 code [0x0000022723a8ada0, 0x0000022723a8b520]
Event: 13.127 Thread 0x000002272c0743c0 9024       1       org.antlr.v4.runtime.atn.PredictionMode::allConfigsInRuleStopStates (41 bytes)
Event: 13.128 Thread 0x000002272cac20f0 9025       1       org.antlr.v4.runtime.misc.FlexibleHashMap::<init> (60 bytes)
Event: 13.128 Thread 0x000002272c0743c0 nmethod 9024 0x000002272401cb08 code [0x000002272401cc40, 0x000002272401cee8]
Event: 13.128 Thread 0x000002272cac20f0 nmethod 9025 0x0000022724025e08 code [0x0000022724025f60, 0x0000022724026208]
Event: 13.129 Thread 0x000002272cac20f0 9026       1       org.antlr.v4.runtime.tree.TerminalNodeImpl::accept (8 bytes)
Event: 13.129 Thread 0x000002272c1f57c0 9027       1       org.antlr.v4.runtime.tree.AbstractParseTreeVisitor::visitTerminal (5 bytes)
Event: 13.129 Thread 0x000002272c1f57c0 nmethod 9027 0x0000022723a7c388 code [0x0000022723a7c4a0, 0x0000022723a7c570]
Event: 13.129 Thread 0x000002272cac20f0 nmethod 9026 0x0000022723a81308 code [0x0000022723a81420, 0x0000022723a81518]
Event: 13.130 Thread 0x000002272c1f57c0 9028       1       org.antlr.v4.runtime.atn.EmptyPredictionContext::getReturnState (5 bytes)
Event: 13.130 Thread 0x000002272c1f57c0 nmethod 9028 0x0000022723a82f88 code [0x0000022723a830a0, 0x0000022723a83168]
Event: 13.158 Thread 0x000002272c0743c0 9029       1       org.antlr.v4.runtime.atn.PredictionMode::hasSLLConflictTerminatingPrediction (109 bytes)
Event: 13.159 Thread 0x000002272c0743c0 nmethod 9029 0x0000022723c4fd08 code [0x0000022723c4fea0, 0x0000022723c50380]

GC Heap History (20 events):
Event: 12.027 GC heap after
{Heap after GC invocations=22 (full 0):
 garbage-first heap   total reserved 2013184K, committed 82944K, used 44409K [0x0000000085200000, 0x0000000100000000)
  region size 1024K, 2 young (2048K), 2 survivors (2048K)
 Metaspace       used 72800K, committed 73600K, reserved 1114112K
  class space    used 10991K, committed 11328K, reserved 1048576K
}
Event: 12.261 GC heap before
{Heap before GC invocations=22 (full 0):
 garbage-first heap   total reserved 2013184K, committed 82944K, used 75129K [0x0000000085200000, 0x0000000100000000)
  region size 1024K, 32 young (32768K), 2 survivors (2048K)
 Metaspace       used 74985K, committed 75712K, reserved 1114112K
  class space    used 11289K, committed 11584K, reserved 1048576K
}
Event: 12.263 GC heap after
{Heap after GC invocations=23 (full 0):
 garbage-first heap   total reserved 2013184K, committed 82944K, used 45626K [0x0000000085200000, 0x0000000100000000)
  region size 1024K, 3 young (3072K), 3 survivors (3072K)
 Metaspace       used 74985K, committed 75712K, reserved 1114112K
  class space    used 11289K, committed 11584K, reserved 1048576K
}
Event: 12.367 GC heap before
{Heap before GC invocations=24 (full 0):
 garbage-first heap   total reserved 2013184K, committed 82944K, used 74298K [0x0000000085200000, 0x0000000100000000)
  region size 1024K, 31 young (31744K), 3 survivors (3072K)
 Metaspace       used 74985K, committed 75712K, reserved 1114112K
  class space    used 11289K, committed 11584K, reserved 1048576K
}
Event: 12.372 GC heap after
{Heap after GC invocations=25 (full 0):
 garbage-first heap   total reserved 2013184K, committed 82944K, used 47974K [0x0000000085200000, 0x0000000100000000)
  region size 1024K, 4 young (4096K), 4 survivors (4096K)
 Metaspace       used 74985K, committed 75712K, reserved 1114112K
  class space    used 11289K, committed 11584K, reserved 1048576K
}
Event: 12.440 GC heap before
{Heap before GC invocations=25 (full 0):
 garbage-first heap   total reserved 2013184K, committed 82944K, used 72550K [0x0000000085200000, 0x0000000100000000)
  region size 1024K, 28 young (28672K), 4 survivors (4096K)
 Metaspace       used 74985K, committed 75712K, reserved 1114112K
  class space    used 11289K, committed 11584K, reserved 1048576K
}
Event: 12.450 GC heap after
{Heap after GC invocations=26 (full 0):
 garbage-first heap   total reserved 2013184K, committed 84992K, used 53871K [0x0000000085200000, 0x0000000100000000)
  region size 1024K, 4 young (4096K), 4 survivors (4096K)
 Metaspace       used 74985K, committed 75712K, reserved 1114112K
  class space    used 11289K, committed 11584K, reserved 1048576K
}
Event: 12.502 GC heap before
{Heap before GC invocations=26 (full 0):
 garbage-first heap   total reserved 2013184K, committed 84992K, used 73327K [0x0000000085200000, 0x0000000100000000)
  region size 1024K, 23 young (23552K), 4 survivors (4096K)
 Metaspace       used 74985K, committed 75712K, reserved 1114112K
  class space    used 11289K, committed 11584K, reserved 1048576K
}
Event: 12.512 GC heap after
{Heap after GC invocations=27 (full 0):
 garbage-first heap   total reserved 2013184K, committed 151552K, used 61396K [0x0000000085200000, 0x0000000100000000)
  region size 1024K, 3 young (3072K), 3 survivors (3072K)
 Metaspace       used 74985K, committed 75712K, reserved 1114112K
  class space    used 11289K, committed 11584K, reserved 1048576K
}
Event: 12.926 GC heap before
{Heap before GC invocations=28 (full 0):
 garbage-first heap   total reserved 2013184K, committed 151552K, used 119764K [0x0000000085200000, 0x0000000100000000)
  region size 1024K, 60 young (61440K), 3 survivors (3072K)
 Metaspace       used 75442K, committed 76224K, reserved 1114112K
  class space    used 11376K, committed 11712K, reserved 1048576K
}
Event: 12.939 GC heap after
{Heap after GC invocations=29 (full 0):
 garbage-first heap   total reserved 2013184K, committed 151552K, used 72031K [0x0000000085200000, 0x0000000100000000)
  region size 1024K, 8 young (8192K), 8 survivors (8192K)
 Metaspace       used 75442K, committed 76224K, reserved 1114112K
  class space    used 11376K, committed 11712K, reserved 1048576K
}
Event: 13.073 GC heap before
{Heap before GC invocations=29 (full 0):
 garbage-first heap   total reserved 2013184K, committed 151552K, used 123231K [0x0000000085200000, 0x0000000100000000)
  region size 1024K, 58 young (59392K), 8 survivors (8192K)
 Metaspace       used 75443K, committed 76224K, reserved 1114112K
  class space    used 11376K, committed 11712K, reserved 1048576K
}
Event: 13.085 GC heap after
{Heap after GC invocations=30 (full 0):
 garbage-first heap   total reserved 2013184K, committed 151552K, used 80272K [0x0000000085200000, 0x0000000100000000)
  region size 1024K, 8 young (8192K), 8 survivors (8192K)
 Metaspace       used 75443K, committed 76224K, reserved 1114112K
  class space    used 11376K, committed 11712K, reserved 1048576K
}
Event: 13.193 GC heap before
{Heap before GC invocations=30 (full 0):
 garbage-first heap   total reserved 2013184K, committed 151552K, used 125328K [0x0000000085200000, 0x0000000100000000)
  region size 1024K, 52 young (53248K), 8 survivors (8192K)
 Metaspace       used 75452K, committed 76224K, reserved 1114112K
  class space    used 11377K, committed 11712K, reserved 1048576K
}
Event: 13.203 GC heap after
{Heap after GC invocations=31 (full 0):
 garbage-first heap   total reserved 2013184K, committed 151552K, used 88278K [0x0000000085200000, 0x0000000100000000)
  region size 1024K, 7 young (7168K), 7 survivors (7168K)
 Metaspace       used 75452K, committed 76224K, reserved 1114112K
  class space    used 11377K, committed 11712K, reserved 1048576K
}
Event: 13.323 GC heap before
{Heap before GC invocations=32 (full 0):
 garbage-first heap   total reserved 2013184K, committed 151552K, used 126166K [0x0000000085200000, 0x0000000100000000)
  region size 1024K, 46 young (47104K), 7 survivors (7168K)
 Metaspace       used 75452K, committed 76224K, reserved 1114112K
  class space    used 11377K, committed 11712K, reserved 1048576K
}
Event: 13.340 GC heap after
{Heap after GC invocations=33 (full 0):
 garbage-first heap   total reserved 2013184K, committed 151552K, used 102194K [0x0000000085200000, 0x0000000100000000)
  region size 1024K, 6 young (6144K), 6 survivors (6144K)
 Metaspace       used 75452K, committed 76224K, reserved 1114112K
  class space    used 11377K, committed 11712K, reserved 1048576K
}
Event: 13.416 GC heap before
{Heap before GC invocations=33 (full 0):
 garbage-first heap   total reserved 2013184K, committed 151552K, used 129842K [0x0000000085200000, 0x0000000100000000)
  region size 1024K, 33 young (33792K), 6 survivors (6144K)
 Metaspace       used 75452K, committed 76224K, reserved 1114112K
  class space    used 11377K, committed 11712K, reserved 1048576K
}
Event: 13.432 GC heap after
{Heap after GC invocations=34 (full 0):
 garbage-first heap   total reserved 2013184K, committed 151552K, used 106325K [0x0000000085200000, 0x0000000100000000)
  region size 1024K, 5 young (5120K), 5 survivors (5120K)
 Metaspace       used 75452K, committed 76224K, reserved 1114112K
  class space    used 11377K, committed 11712K, reserved 1048576K
}
Event: 13.452 GC heap before
{Heap before GC invocations=34 (full 0):
 garbage-first heap   total reserved 2013184K, committed 151552K, used 110421K [0x0000000085200000, 0x0000000100000000)
  region size 1024K, 10 young (10240K), 5 survivors (5120K)
 Metaspace       used 75452K, committed 76224K, reserved 1114112K
  class space    used 11377K, committed 11712K, reserved 1048576K
}

Dll operation events (13 events):
Event: 0.021 Loaded shared library C:\Users\admin\.jdks\openjdk-23.0.1\bin\java.dll
Event: 0.219 Loaded shared library C:\Users\admin\.jdks\openjdk-23.0.1\bin\zip.dll
Event: 0.224 Loaded shared library C:\Users\admin\.jdks\openjdk-23.0.1\bin\instrument.dll
Event: 0.230 Loaded shared library C:\Users\admin\.jdks\openjdk-23.0.1\bin\net.dll
Event: 0.232 Loaded shared library C:\Users\admin\.jdks\openjdk-23.0.1\bin\nio.dll
Event: 0.236 Loaded shared library C:\Users\admin\.jdks\openjdk-23.0.1\bin\zip.dll
Event: 0.542 Loaded shared library D:\Intellij IDEA\IntelliJ IDEA 2024.1.4\bin\breakgen64.dll
Event: 0.549 Loaded shared library C:\Users\admin\.jdks\openjdk-23.0.1\bin\jimage.dll
Event: 0.553 Loaded shared library C:\Users\admin\.jdks\openjdk-23.0.1\bin\extnet.dll
Event: 0.579 Loaded shared library C:\Users\admin\.jdks\openjdk-23.0.1\bin\management.dll
Event: 0.596 Loaded shared library C:\Users\admin\.jdks\openjdk-23.0.1\bin\management_ext.dll
Event: 2.718 Loaded shared library C:\Users\admin\.jdks\openjdk-23.0.1\bin\sunmscapi.dll
Event: 4.971 Loaded shared library C:\Users\admin\.jdks\openjdk-23.0.1\bin\verify.dll

Deoptimization events (0 events):
No events

Classes loaded (20 events):
Event: 11.495 Loading class java/util/regex/Pattern$Behind
Event: 11.495 Loading class java/util/regex/Pattern$Behind done
Event: 11.529 Loading class java/util/EmptyStackException
Event: 11.529 Loading class java/util/EmptyStackException done
Event: 11.652 Loading class java/io/InvalidClassException
Event: 11.652 Loading class java/io/InvalidClassException done
Event: 12.163 Loading class java/lang/Character$UnicodeBlock
Event: 12.165 Loading class java/lang/Character$Subset
Event: 12.165 Loading class java/lang/Character$Subset done
Event: 12.166 Loading class java/lang/Character$UnicodeBlock done
Event: 12.232 Loading class sun/reflect/annotation/AnnotationInvocationHandler$1
Event: 12.232 Loading class sun/reflect/annotation/AnnotationInvocationHandler$1 done
Event: 12.808 Loading class sun/nio/cs/ISO_8859_1$Decoder
Event: 12.809 Loading class sun/nio/cs/ISO_8859_1$Decoder done
Event: 12.839 Loading class sun/reflect/ReflectionFactory
Event: 12.839 Loading class sun/reflect/ReflectionFactory done
Event: 12.839 Loading class sun/reflect/ReflectionFactory$1
Event: 12.839 Loading class sun/reflect/ReflectionFactory$1 done
Event: 12.839 Loading class java/io/OptionalDataException
Event: 12.839 Loading class java/io/OptionalDataException done

Classes unloaded (0 events):
No events

Classes redefined (0 events):
No events

Internal exceptions (20 events):
Event: 8.619 Thread 0x000002277245f560 Exception <a 'java/lang/NoSuchMethodError'{0x00000000882bb840}: 'java.lang.Object java.lang.invoke.DirectMethodHandle$Holder.newInvokeSpecial(java.lang.Object, java.lang.Object, java.lang.Object, java.lang.Object, java.lang.Object, int, java.lang.Object)'> (0x00000000882bb840) 
thrown [s\open\src\hotspot\share\interpreter\linkResolver.cpp, line 796]
Event: 8.622 Thread 0x000002277245f560 Exception <a 'java/lang/NoSuchMethodError'{0x00000000882f05e8}: 'java.lang.Object java.lang.invoke.DirectMethodHandle$Holder.newInvokeSpecial(java.lang.Object, java.lang.Object, java.lang.Object, java.lang.Object, java.lang.Object, java.lang.Object, java.lang.Object, java.lang.Object, java.lang.Object, java.lang.Object, java.lang.Object, java.lang.Object)'> (0x00000000882f05e8) 
thrown [s\open\src\hotspot\share\interpreter\linkResolver.cpp, line 796]
Event: 8.622 Thread 0x000002277245f560 Exception <a 'java/lang/NoSuchMethodError'{0x00000000882f95d8}: 'java.lang.Object java.lang.invoke.Invokers$Holder.linkToTargetMethod(java.lang.Object, java.lang.Object, java.lang.Object, java.lang.Object, java.lang.Object, java.lang.Object, java.lang.Object, java.lang.Object, java.lang.Object, java.lang.Object, java.lang.Object, java.lang.Object)'> (0x00000000882f95d8) 
thrown [s\open\src\hotspot\share\interpreter\linkResolver.cpp, line 796]
Event: 8.664 Thread 0x000002277245f560 Exception <a 'java/lang/IncompatibleClassChangeError'{0x000000008cb43ff8}: Found class java.lang.Object, but interface was expected> (0x000000008cb43ff8) 
thrown [s\open\src\hotspot\share\interpreter\linkResolver.cpp, line 863]
Event: 8.674 Thread 0x000002277245f560 Exception <a 'java/lang/NoSuchMethodError'{0x000000008cbe7568}: 'java.lang.Object java.lang.invoke.DirectMethodHandle$Holder.newInvokeSpecial(java.lang.Object, java.lang.Object, int, java.lang.Object, int, java.lang.Object, java.lang.Object)'> (0x000000008cbe7568) 
thrown [s\open\src\hotspot\share\interpreter\linkResolver.cpp, line 796]
Event: 8.685 Thread 0x000002277245f560 Exception <a 'java/lang/NoSuchMethodError'{0x000000008ca6b348}: 'java.lang.Object java.lang.invoke.DirectMethodHandle$Holder.newInvokeSpecial(java.lang.Object, java.lang.Object, java.lang.Object, java.lang.Object, java.lang.Object, java.lang.Object, java.lang.Object, int)'> (0x000000008ca6b348) 
thrown [s\open\src\hotspot\share\interpreter\linkResolver.cpp, line 796]
Event: 8.685 Thread 0x000002277245f560 Exception <a 'java/lang/NoSuchMethodError'{0x000000008ca6f9a0}: 'java.lang.Object java.lang.invoke.DirectMethodHandle$Holder.invokeSpecial(java.lang.Object, java.lang.Object, java.lang.Object, java.lang.Object, java.lang.Object, java.lang.Object, java.lang.Object, java.lang.Object, int)'> (0x000000008ca6f9a0) 
thrown [s\open\src\hotspot\share\interpreter\linkResolver.cpp, line 796]
Event: 8.685 Thread 0x000002277245f560 Exception <a 'java/lang/NoSuchMethodError'{0x000000008ca739e0}: 'java.lang.Object java.lang.invoke.Invokers$Holder.linkToTargetMethod(java.lang.Object, java.lang.Object, java.lang.Object, java.lang.Object, java.lang.Object, java.lang.Object, int, java.lang.Object)'> (0x000000008ca739e0) 
thrown [s\open\src\hotspot\share\interpreter\linkResolver.cpp, line 796]
Event: 9.079 Thread 0x000002277245f560 Exception <a 'java/lang/NoSuchMethodError'{0x000000008962e0f8}: 'java.lang.Object java.lang.invoke.DirectMethodHandle$Holder.invokeSpecial(java.lang.Object, java.lang.Object, int, java.lang.Object, int)'> (0x000000008962e0f8) 
thrown [s\open\src\hotspot\share\interpreter\linkResolver.cpp, line 796]
Event: 11.199 Thread 0x000002277245f560 Exception <a 'java/lang/IncompatibleClassChangeError'{0x000000008c9ccf90}: Found class java.lang.Object, but interface was expected> (0x000000008c9ccf90) 
thrown [s\open\src\hotspot\share\interpreter\linkResolver.cpp, line 863]
Event: 11.240 Thread 0x000002277245f560 Exception <a 'java/lang/IncompatibleClassChangeError'{0x0000000089b0eb20}: Found class java.lang.Object, but interface was expected> (0x0000000089b0eb20) 
thrown [s\open\src\hotspot\share\interpreter\linkResolver.cpp, line 863]
Event: 11.372 Thread 0x000002277245f560 Exception <a 'java/lang/IncompatibleClassChangeError'{0x00000000895d38e0}: Found class java.lang.Object, but interface was expected> (0x00000000895d38e0) 
thrown [s\open\src\hotspot\share\interpreter\linkResolver.cpp, line 863]
Event: 12.180 Thread 0x000002277245f560 Exception <a 'java/lang/IncompatibleClassChangeError'{0x00000000892ae668}: Found class java.lang.Object, but interface was expected> (0x00000000892ae668) 
thrown [s\open\src\hotspot\share\interpreter\linkResolver.cpp, line 863]
Event: 12.180 Thread 0x000002277245f560 Exception <a 'java/lang/IncompatibleClassChangeError'{0x00000000892b4038}: Found class java.lang.Object, but interface was expected> (0x00000000892b4038) 
thrown [s\open\src\hotspot\share\interpreter\linkResolver.cpp, line 863]
Event: 12.191 Thread 0x000002277245f560 Exception <a 'java/lang/NoSuchMethodError'{0x000000008913d4d0}: 'java.lang.Object java.lang.invoke.DirectMethodHandle$Holder.invokeStatic(java.lang.Object, int, java.lang.Object)'> (0x000000008913d4d0) 
thrown [s\open\src\hotspot\share\interpreter\linkResolver.cpp, line 796]
Event: 12.655 Thread 0x000002277245f560 Exception <a 'java/lang/NoSuchMethodError'{0x000000008d0d6258}: 'long java.lang.invoke.DelegatingMethodHandle$Holder.reinvoke_L(java.lang.Object, java.lang.Object)'> (0x000000008d0d6258) 
thrown [s\open\src\hotspot\share\interpreter\linkResolver.cpp, line 796]
Event: 12.656 Thread 0x000002277245f560 Exception <a 'java/lang/NoSuchMethodError'{0x000000008d0e00b8}: 'void java.lang.invoke.DelegatingMethodHandle$Holder.reinvoke_L(java.lang.Object, java.lang.Object, long)'> (0x000000008d0e00b8) 
thrown [s\open\src\hotspot\share\interpreter\linkResolver.cpp, line 796]
Event: 12.805 Thread 0x000002277245f560 Exception <a 'java/io/FileNotFoundException'{0x000000008c51ba18}> (0x000000008c51ba18) 
thrown [s\open\src\hotspot\share\prims\jni.cpp, line 520]
Event: 12.806 Thread 0x000002277245f560 Exception <a 'java/io/FileNotFoundException'{0x000000008c525c60}> (0x000000008c525c60) 
thrown [s\open\src\hotspot\share\prims\jni.cpp, line 520]
Event: 12.822 Thread 0x000002277245f560 Exception <a 'java/lang/NoSuchMethodError'{0x000000008c417928}: 'int java.lang.invoke.DirectMethodHandle$Holder.invokeStaticInit(java.lang.Object, int, java.lang.Object, java.lang.Object, java.lang.Object, java.lang.Object)'> (0x000000008c417928) 
thrown [s\open\src\hotspot\share\interpreter\linkResolver.cpp, line 796]

VM Operations (20 events):
Event: 12.512 Executing VM operation: G1CollectForAllocation (G1 Evacuation Pause) done
Event: 12.581 Executing VM operation: G1PauseRemark
Event: 12.585 Executing VM operation: G1PauseRemark done
Event: 12.609 Executing VM operation: G1PauseCleanup
Event: 12.609 Executing VM operation: G1PauseCleanup done
Event: 12.926 Executing VM operation: G1CollectForAllocation (G1 Evacuation Pause)
Event: 12.939 Executing VM operation: G1CollectForAllocation (G1 Evacuation Pause) done
Event: 13.073 Executing VM operation: G1CollectForAllocation (G1 Evacuation Pause)
Event: 13.085 Executing VM operation: G1CollectForAllocation (G1 Evacuation Pause) done
Event: 13.193 Executing VM operation: G1CollectForAllocation (G1 Evacuation Pause)
Event: 13.203 Executing VM operation: G1CollectForAllocation (G1 Evacuation Pause) done
Event: 13.260 Executing VM operation: G1PauseRemark
Event: 13.263 Executing VM operation: G1PauseRemark done
Event: 13.286 Executing VM operation: G1PauseCleanup
Event: 13.286 Executing VM operation: G1PauseCleanup done
Event: 13.323 Executing VM operation: G1CollectForAllocation (G1 Evacuation Pause)
Event: 13.340 Executing VM operation: G1CollectForAllocation (G1 Evacuation Pause) done
Event: 13.416 Executing VM operation: G1CollectForAllocation (G1 Evacuation Pause)
Event: 13.432 Executing VM operation: G1CollectForAllocation (G1 Evacuation Pause) done
Event: 13.452 Executing VM operation: G1TryInitiateConcMark (G1 Humongous Allocation)

Memory protections (0 events):
No events

Nmethod flushes (20 events):
Event: 12.312 Thread 0x000002272c045f10 flushing  nmethod 0x0000022723bbb088
Event: 12.312 Thread 0x000002272c045f10 flushing  nmethod 0x0000022723bbb988
Event: 12.312 Thread 0x000002272c045f10 flushing  nmethod 0x0000022723c7a208
Event: 12.312 Thread 0x000002272c045f10 flushing  nmethod 0x0000022723c7ad88
Event: 12.312 Thread 0x000002272c045f10 flushing  nmethod 0x0000022723c7c208
Event: 12.312 Thread 0x000002272c045f10 flushing  nmethod 0x0000022723caed08
Event: 12.312 Thread 0x000002272c045f10 flushing  nmethod 0x0000022723caf008
Event: 12.312 Thread 0x000002272c045f10 flushing  nmethod 0x0000022723caf308
Event: 12.312 Thread 0x000002272c045f10 flushing  nmethod 0x0000022723cc0108
Event: 12.312 Thread 0x000002272c045f10 flushing  nmethod 0x0000022723cc0d88
Event: 12.312 Thread 0x000002272c045f10 flushing  nmethod 0x0000022723cc1108
Event: 12.312 Thread 0x000002272c045f10 flushing  nmethod 0x0000022724059b08
Event: 12.312 Thread 0x000002272c045f10 flushing  nmethod 0x000002272424df08
Event: 12.584 Thread 0x000002272c045f10 flushing  nmethod 0x000002272433cc88
Event: 12.584 Thread 0x000002272c045f10 flushing  nmethod 0x0000022723f70208
Event: 12.584 Thread 0x000002272c045f10 flushing  nmethod 0x0000022724333188
Event: 12.584 Thread 0x000002272c045f10 flushing  nmethod 0x0000022724340088
Event: 12.584 Thread 0x000002272c045f10 flushing  nmethod 0x0000022724327388
Event: 12.584 Thread 0x000002272c045f10 flushing  nmethod 0x000002272431be88
Event: 12.584 Thread 0x000002272c045f10 flushing  nmethod 0x0000022724331688

Events (20 events):
Event: 8.436 Thread 0x0000022772315420 Thread exited: 0x0000022772315420
Event: 8.941 Thread 0x00000227723c6a00 Thread added: 0x0000022772315420
Event: 8.951 Thread 0x0000022772315420 Thread exited: 0x0000022772315420
Event: 9.452 Thread 0x00000227723c6a00 Thread added: 0x0000022772315420
Event: 9.456 Thread 0x0000022772315420 Thread exited: 0x0000022772315420
Event: 9.958 Thread 0x00000227723c6a00 Thread added: 0x0000022772313350
Event: 9.962 Thread 0x0000022772313350 Thread exited: 0x0000022772313350
Event: 10.463 Thread 0x00000227723c6a00 Thread added: 0x0000022772316140
Event: 10.466 Thread 0x0000022772316140 Thread exited: 0x0000022772316140
Event: 10.970 Thread 0x00000227723c6a00 Thread added: 0x0000022772316140
Event: 10.974 Thread 0x0000022772316140 Thread exited: 0x0000022772316140
Event: 11.477 Thread 0x00000227723c6a00 Thread added: 0x0000022772316140
Event: 11.484 Thread 0x0000022772316140 Thread exited: 0x0000022772316140
Event: 11.986 Thread 0x00000227723c6a00 Thread added: 0x0000022772316140
Event: 11.991 Thread 0x0000022772316140 Thread exited: 0x0000022772316140
Event: 12.495 Thread 0x00000227723c6a00 Thread added: 0x0000022772312cc0
Event: 12.501 Thread 0x0000022772312cc0 Thread exited: 0x0000022772312cc0
Event: 13.005 Thread 0x00000227723c6a00 Thread added: 0x0000022772312cc0
Event: 13.010 Thread 0x0000022772312cc0 Thread exited: 0x0000022772312cc0
Event: 13.433 Thread 0x0000022772314070 Thread exited: 0x0000022772314070


Dynamic libraries:
0x00007ff775010000 - 0x00007ff77501e000 	C:\Users\admin\.jdks\openjdk-23.0.1\bin\java.exe
0x00007ffa108e0000 - 0x00007ffa10b40000 	C:\WINDOWS\SYSTEM32\ntdll.dll
0x00007ffa0e9d0000 - 0x00007ffa0ea97000 	C:\WINDOWS\System32\KERNEL32.DLL
0x00007ffa0dac0000 - 0x00007ffa0de8a000 	C:\WINDOWS\System32\KERNELBASE.dll
0x00007ffa0dfd0000 - 0x00007ffa0e11b000 	C:\WINDOWS\System32\ucrtbase.dll
0x00007ff9f2080000 - 0x00007ff9f209b000 	C:\Users\admin\.jdks\openjdk-23.0.1\bin\VCRUNTIME140.dll
0x00007ff9f20a0000 - 0x00007ff9f20b7000 	C:\Users\admin\.jdks\openjdk-23.0.1\bin\jli.dll
0x00007ffa0eb20000 - 0x00007ffa0ecec000 	C:\WINDOWS\System32\USER32.dll
0x00007ffa0e270000 - 0x00007ffa0e297000 	C:\WINDOWS\System32\win32u.dll
0x00007ffa0f450000 - 0x00007ffa0f47a000 	C:\WINDOWS\System32\GDI32.dll
0x00007ffa0de90000 - 0x00007ffa0dfc1000 	C:\WINDOWS\System32\gdi32full.dll
0x00007ffa0e1c0000 - 0x00007ffa0e263000 	C:\WINDOWS\System32\msvcp_win.dll
0x00007ff9ed6d0000 - 0x00007ff9ed967000 	C:\WINDOWS\WinSxS\amd64_microsoft.windows.common-controls_6595b64144ccf1df_6.0.26100.3624_none_3e086962e3345f24\COMCTL32.dll
0x00007ffa0f480000 - 0x00007ffa0f529000 	C:\WINDOWS\System32\msvcrt.dll
0x00007ffa0f9c0000 - 0x00007ffa0f9ef000 	C:\WINDOWS\System32\IMM32.DLL
0x00007ff9f9ee0000 - 0x00007ff9f9eec000 	C:\Users\admin\.jdks\openjdk-23.0.1\bin\vcruntime140_1.dll
0x00007ff9f1ff0000 - 0x00007ff9f207e000 	C:\Users\admin\.jdks\openjdk-23.0.1\bin\msvcp140.dll
0x00007ff94b410000 - 0x00007ff94c15f000 	C:\Users\admin\.jdks\openjdk-23.0.1\bin\server\jvm.dll
0x00007ffa0f390000 - 0x00007ffa0f442000 	C:\WINDOWS\System32\ADVAPI32.dll
0x00007ffa0ed50000 - 0x00007ffa0edf6000 	C:\WINDOWS\System32\sechost.dll
0x00007ffa0f0d0000 - 0x00007ffa0f1e6000 	C:\WINDOWS\System32\RPCRT4.dll
0x00007ffa0f040000 - 0x00007ffa0f0b4000 	C:\WINDOWS\System32\WS2_32.dll
0x00007ffa05b60000 - 0x00007ffa05b96000 	C:\WINDOWS\SYSTEM32\WINMM.dll
0x00007ff9fa140000 - 0x00007ff9fa14b000 	C:\WINDOWS\SYSTEM32\VERSION.dll
0x00007ffa0d910000 - 0x00007ffa0d96e000 	C:\WINDOWS\SYSTEM32\POWRPROF.dll
0x00007ffa0d8f0000 - 0x00007ffa0d904000 	C:\WINDOWS\SYSTEM32\UMPDC.dll
0x00007ffa0c8d0000 - 0x00007ffa0c8ea000 	C:\WINDOWS\SYSTEM32\kernel.appcore.dll
0x00007ff9f9a20000 - 0x00007ff9f9a2a000 	C:\Users\admin\.jdks\openjdk-23.0.1\bin\jimage.dll
0x00007ffa0b020000 - 0x00007ffa0b261000 	C:\WINDOWS\SYSTEM32\DBGHELP.DLL
0x00007ffa0fbd0000 - 0x00007ffa0ff52000 	C:\WINDOWS\System32\combase.dll
0x00007ffa0ee80000 - 0x00007ffa0ef56000 	C:\WINDOWS\System32\OLEAUT32.dll
0x00007ff9ebeb0000 - 0x00007ff9ebee9000 	C:\WINDOWS\SYSTEM32\dbgcore.DLL
0x00007ffa0e120000 - 0x00007ffa0e1b9000 	C:\WINDOWS\System32\bcryptPrimitives.dll
0x00007ff9f8820000 - 0x00007ff9f882f000 	C:\Users\admin\.jdks\openjdk-23.0.1\bin\instrument.dll
0x00007ff9ebe90000 - 0x00007ff9ebeae000 	C:\Users\admin\.jdks\openjdk-23.0.1\bin\java.dll
0x00007ffa0f1f0000 - 0x00007ffa0f386000 	C:\WINDOWS\System32\ole32.dll
0x00007ffa10070000 - 0x00007ffa10799000 	C:\WINDOWS\System32\SHELL32.dll
0x00007ffa0e2a0000 - 0x00007ffa0e408000 	C:\WINDOWS\System32\wintypes.dll
0x00007ffa0b730000 - 0x00007ffa0bf82000 	C:\WINDOWS\SYSTEM32\windows.storage.dll
0x00007ffa0e6e0000 - 0x00007ffa0e7cd000 	C:\WINDOWS\System32\SHCORE.dll
0x00007ffa0fa00000 - 0x00007ffa0fa64000 	C:\WINDOWS\System32\shlwapi.dll
0x00007ffa0d9d0000 - 0x00007ffa0d9ff000 	C:\WINDOWS\SYSTEM32\profapi.dll
0x00007ff9d13a0000 - 0x00007ff9d13b7000 	C:\Users\admin\.jdks\openjdk-23.0.1\bin\zip.dll
0x00007ff9f96c0000 - 0x00007ff9f96d0000 	C:\Users\admin\.jdks\openjdk-23.0.1\bin\net.dll
0x00007ffa0cdf0000 - 0x00007ffa0ce5a000 	C:\WINDOWS\system32\mswsock.dll
0x00007ff9e23e0000 - 0x00007ff9e23f6000 	C:\Users\admin\.jdks\openjdk-23.0.1\bin\nio.dll
0x00007ff9cf8a0000 - 0x00007ff9cf8ba000 	D:\Intellij IDEA\IntelliJ IDEA 2024.1.4\bin\breakgen64.dll
0x00007ff9eebb0000 - 0x00007ff9eebb9000 	C:\Users\admin\.jdks\openjdk-23.0.1\bin\extnet.dll
0x00007ffa0c3b0000 - 0x00007ffa0c4d5000 	C:\WINDOWS\SYSTEM32\DNSAPI.dll
0x00007ffa0c300000 - 0x00007ffa0c333000 	C:\WINDOWS\SYSTEM32\IPHLPAPI.DLL
0x00007ffa0f0c0000 - 0x00007ffa0f0ca000 	C:\WINDOWS\System32\NSI.dll
0x00007ffa07410000 - 0x00007ffa0741b000 	C:\Windows\System32\rasadhlp.dll
0x00007ffa07580000 - 0x00007ffa07605000 	C:\WINDOWS\System32\fwpuclnt.dll
0x00007ff9f1fc0000 - 0x00007ff9f1fca000 	C:\Users\admin\.jdks\openjdk-23.0.1\bin\management.dll
0x00007ff9f1f70000 - 0x00007ff9f1f7b000 	C:\Users\admin\.jdks\openjdk-23.0.1\bin\management_ext.dll
0x00007ffa0ffa0000 - 0x00007ffa0ffa8000 	C:\WINDOWS\System32\PSAPI.DLL
0x00007ffa0d090000 - 0x00007ffa0d0ac000 	C:\WINDOWS\SYSTEM32\CRYPTSP.dll
0x00007ffa0c830000 - 0x00007ffa0c86a000 	C:\WINDOWS\system32\rsaenh.dll
0x00007ffa0ce90000 - 0x00007ffa0cebb000 	C:\WINDOWS\SYSTEM32\USERENV.dll
0x00007ffa0d9a0000 - 0x00007ffa0d9c6000 	C:\WINDOWS\SYSTEM32\bcrypt.dll
0x00007ffa0d0b0000 - 0x00007ffa0d0bc000 	C:\WINDOWS\SYSTEM32\CRYPTBASE.dll
0x00007ff9d1400000 - 0x00007ff9d1418000 	C:\WINDOWS\system32\napinsp.dll
0x00007ff9d1380000 - 0x00007ff9d1392000 	C:\WINDOWS\System32\winrnr.dll
0x00007ff9d0e60000 - 0x00007ff9d0e90000 	C:\WINDOWS\system32\nlansp_c.dll
0x00007ff9fb730000 - 0x00007ff9fb746000 	C:\WINDOWS\system32\wshbth.dll
0x00007ff9eec70000 - 0x00007ff9eec7e000 	C:\Users\admin\.jdks\openjdk-23.0.1\bin\sunmscapi.dll
0x00007ffa0e4a0000 - 0x00007ffa0e617000 	C:\WINDOWS\System32\CRYPT32.dll
0x00007ffa0d290000 - 0x00007ffa0d2c0000 	C:\WINDOWS\SYSTEM32\ncrypt.dll
0x00007ffa0d240000 - 0x00007ffa0d27f000 	C:\WINDOWS\SYSTEM32\NTASN1.dll
0x00007ff9cdfd0000 - 0x00007ff9cdfe0000 	C:\Users\admin\.jdks\openjdk-23.0.1\bin\verify.dll

dbghelp: loaded successfully - version: 4.0.5 - missing functions: none
symbol engine: initialized successfully - sym options: 0x614 - pdb path: .;C:\Users\admin\.jdks\openjdk-23.0.1\bin;C:\WINDOWS\SYSTEM32;C:\WINDOWS\WinSxS\amd64_microsoft.windows.common-controls_6595b64144ccf1df_6.0.26100.3624_none_3e086962e3345f24;C:\Users\admin\.jdks\openjdk-23.0.1\bin\server;D:\Intellij IDEA\IntelliJ IDEA 2024.1.4\bin

VM Arguments:
jvm_args: -XX:TieredStopAtLevel=1 -Dspring.output.ansi.enabled=always -Dcom.sun.management.jmxremote -Dspring.jmx.enabled=true -Dspring.liveBeansView.mbeanDomain -Dspring.application.admin.enabled=true -Dmanagement.endpoints.jmx.exposure.include=* -javaagent:D:\Intellij IDEA\IntelliJ IDEA 2024.1.4\lib\idea_rt.jar=58315:D:\Intellij IDEA\IntelliJ IDEA 2024.1.4\bin -Dfile.encoding=UTF-8 -Dsun.stdout.encoding=UTF-8 -Dsun.stderr.encoding=UTF-8 
java_command: com.app.vaxms_server.VaxmsServerApplication
java_class_path (initial): E:\HaUI_Learn\Semester 8\Do an tot nghiep\VaccineManagementSystem\vaxms-server\target\classes;C:\Users\admin\.m2\repository\org\springframework\boot\spring-boot-starter-security\3.4.3\spring-boot-starter-security-3.4.3.jar;C:\Users\admin\.m2\repository\org\springframework\boot\spring-boot-starter\3.4.3\spring-boot-starter-3.4.3.jar;C:\Users\admin\.m2\repository\org\springframework\boot\spring-boot-starter-logging\3.4.3\spring-boot-starter-logging-3.4.3.jar;C:\Users\admin\.m2\repository\ch\qos\logback\logback-classic\1.5.16\logback-classic-1.5.16.jar;C:\Users\admin\.m2\repository\ch\qos\logback\logback-core\1.5.16\logback-core-1.5.16.jar;C:\Users\admin\.m2\repository\org\apache\logging\log4j\log4j-to-slf4j\2.24.3\log4j-to-slf4j-2.24.3.jar;C:\Users\admin\.m2\repository\org\slf4j\jul-to-slf4j\2.0.16\jul-to-slf4j-2.0.16.jar;C:\Users\admin\.m2\repository\jakarta\annotation\jakarta.annotation-api\2.1.1\jakarta.annotation-api-2.1.1.jar;C:\Users\admin\.m2\repository\org\yaml\snakeyaml\2.3\snakeyaml-2.3.jar;C:\Users\admin\.m2\repository\org\springframework\spring-aop\6.2.3\spring-aop-6.2.3.jar;C:\Users\admin\.m2\repository\org\springframework\spring-beans\6.2.3\spring-beans-6.2.3.jar;C:\Users\admin\.m2\repository\org\springframework\security\spring-security-config\6.4.3\spring-security-config-6.4.3.jar;C:\Users\admin\.m2\repository\org\springframework\spring-context\6.2.3\spring-context-6.2.3.jar;C:\Users\admin\.m2\repository\org\springframework\security\spring-security-web\6.4.3\spring-security-web-6.4.3.jar;C:\Users\admin\.m2\repository\org\springframework\spring-expression\6.2.3\spring-expression-6.2.3.jar;C:\Users\admin\.m2\repository\org\springframework\boot\spring-boot-starter-web\3.4.3\spring-boot-starter-web-3.4.3.jar;C:\Users\admin\.m2\repository\org\springframework\boot\spring-boot-starter-json\3.4.3\spring-boot-starter-json-3.4.3.jar;C:\Users\admin\.m2\repository\com\fasterxml\jackson\datatype\jackson-datatype-jdk8\2.18.2\jackson-datatype-jdk8-2.18.2.jar;C:\Users\admin\.m2\repository\com\fasterxml\jackson\datatype\jackson-datatype-jsr310\2.18.2\jackson-datatype-jsr310-2.18.2.jar;C:\Users\admin\.m2\repository\com\fasterxml\jackson\module\jackson-module-parameter-names\2.18.2\jackson-module-parameter-names-2.18.2.jar;C:\Users\admin\.m2\repository\org\springframework\boot\spring-boot-starter-tomcat\3.4.3\spring-boot-starter-tomcat-3.4.3.jar;C:\Users\admin\.m2\repository\org\apache\tomcat\embed\tomcat-embed-core\10.1.36\tomcat-embed-core-10.1.36.jar;C:\Users\admin\.m2\repository\org\apache\tomcat\embed\tomcat-embed-websocket\10.1.36\tomcat-embed-websocket-10.1.36.jar;C:\Users\admin\.m2\repository\org\springframework\spring-web\6.2.3\spring-web-6.2.3.jar;C:\Users\admin\.m2\repository\io\micrometer\micrometer-observation\1.14.4\micrometer-observation-1.14.4.jar;C:\Users\admin\.m2\repository\io\micrometer\micrometer-commons\1.14.4\micrometer-commons-1.14.4.jar;C:\Users\admin\.m2\repository\org\springframework\spring-webmvc\6.2.3\spring-webmvc-6.2.3.jar;C:\Users\admin\.m2\repository\org\springframework\boot\spring-boot-starter-data-jpa\3.4.3\spring-boot-starter-data-jpa-3.4.3.jar;C:\Users\admin\.m2\repository\org\springframework\boot\spring-boot-starter-jdbc\3.4.3\spring-boot-starter-jdbc-3.4.3.jar;C:\Users\admin\.m2\repository\com\zaxxer\HikariCP\5.1.0\HikariCP-5.1.0.jar;C:\Users\admin\.m2\repository\org\springframework\spring-jdbc\6.2.3\spring-jdbc-6.2.3.jar;C:\Users\admin\.m2\repository\org\hibernate\orm\hibernate-core\6.6.8.Final\hibernate-core-6.6.8.Final.jar;C:\Users\admin\.m2\repository\jakarta\persistence\jakarta.persistence-api\3.1.0\jakarta.persistence-api-3.1.0.jar;C:\Users\admin\.m2\repository\jakarta\transaction\jakarta.transaction-api\2.0.1\jakarta.transaction-api-2.0.1.jar;C:\Users\admin\.m2\repository\org\jboss\logging\jboss-logging\3.6.1.Final\jboss-logging-3.6.1.Final.jar;C:\Users\admin\.m2\repository\org\hibernate\common\hibernate-commons-annotations\7.0.3.Final\hibernate-commons-annotations-7.0.3.Final.jar;C:\Users\admin\.m2\repository\io\smallrye\jandex\3.2.0\jandex-3.2.0.jar;C:\Users\admin\.m2\repository\com\fasterxml\classmate\1.7.0\classmate-1.7.0.jar;C:\Users\admin\.m2\repository\net\bytebuddy\byte-buddy\1.15.11\byte-buddy-1.15.11.jar;C:\Users\admin\.m2\repository\org\glassfish\jaxb\jaxb-runtime\4.0.5\jaxb-runtime-4.0.5.jar;C:\Users\admin\.m2\repository\org\glassfish\jaxb\jaxb-core\4.0.5\jaxb-core-4.0.5.jar;C:\Users\admin\.m2\repository\org\glassfish\jaxb\txw2\4.0.5\txw2-4.0.5.jar;C:\Users\admin\.m2\repository\com\sun\istack\istack-commons-runtime\4.1.2\istack-commons-runtime-4.1.2.jar;C:\Users\admin\.m2\repository\jakarta\inject\jakarta.inject-api\2.0.1\jakarta.inject-api-2.0.1.jar;C:\Users\admin\.m2\repository\org\antlr\antlr4-runtime\4.13.0\antlr4-runtime-4.13.0.jar;C:\Users\admin\.m2\repository\org\springframework\data\spring-data-jpa\3.4.3\spring-data-jpa-3.4.3.jar;C:\Users\admin\.m2\repository\org\springframework\data\spring-data-commons\3.4.3\spring-data-commons-3.4.3.jar;C:\Users\admin\.m2\repository\org\springframework\spring-orm\6.2.3\spring-orm-6.2.3.jar;C:\Users\admin\.m2\repository\org\springframework\spring-tx\6.2.3\spring-tx-6.2.3.jar;C:\Users\admin\.m2\repository\org\slf4j\slf4j-api\2.0.16\slf4j-api-2.0.16.jar;C:\Users\admin\.m2\repository\org\springframework\spring-aspects\6.2.3\spring-aspects-6.2.3.jar;C:\Users\admin\.m2\repository\org\aspectj\aspectjweaver\1.9.22.1\aspectjweaver-1.9.22.1.jar;C:\Users\admin\.m2\repository\org\springframework\boot\spring-boot-starter-validation\3.4.3\spring-boot-starter-validation-3.4.3.jar;C:\Users\admin\.m2\repository\org\apache\tomcat\embed\tomcat-embed-el\10.1.36\tomcat-embed-el-10.1.36.jar;C:\Users\admin\.m2\repository\org\hibernate\validator\hibernate-validator\8.0.2.Final\hibernate-validator-8.0.2.Final.jar;C:\Users\admin\.m2\repository\jakarta\validation\jakarta.validation-api\3.0.2\jakarta.validation-api-3.0.2.jar;C:\Users\admin\.m2\repository\org\springframework\boot\spring-boot-starter-mail\3.4.3\spring-boot-starter-mail-3.4.3.jar;C:\Users\admin\.m2\repository\org\springframework\spring-context-support\6.2.3\spring-context-support-6.2.3.jar;C:\Users\admin\.m2\repository\org\eclipse\angus\jakarta.mail\2.0.3\jakarta.mail-2.0.3.jar;C:\Users\admin\.m2\repository\jakarta\activation\jakarta.activation-api\2.1.3\jakarta.activation-api-2.1.3.jar;C:\Users\admin\.m2\repository\org\eclipse\angus\angus-activation\2.0.2\angus-activation-2.0.2.jar;C:\Users\admin\.m2\repository\org\springframework\boot\spring-boot-devtools\3.4.3\spring-boot-devtools-3.4.3.jar;C:\Users\admin\.m2\repository\org\springframework\boot\spring-boot\3.4.3\spring-boot-3.4.3.jar;C:\Users\admin\.m2\repository\org\springframework\boot\spring-boot-autoconfigure\3.4.3\spring-boot-autoconfigure-3.4.3.jar;C:\Users\admin\.m2\repository\org\springframework\boot\spring-boot-starter-oauth2-client\3.4.3\spring-boot-starter-oauth2-client-3.4.3.jar;C:\Users\admin\.m2\repository\org\springframework\security\spring-security-core\6.4.3\spring-security-core-6.4.3.jar;C:\Users\admin\.m2\repository\org\springframework\security\spring-security-crypto\6.4.3\spring-security-crypto-6.4.3.jar;C:\Users\admin\.m2\repository\org\springframework\security\spring-security-oauth2-client\6.4.3\spring-security-oauth2-client-6.4.3.jar;C:\Users\admin\.m2\repository\org\springframework\security\spring-security-oauth2-core\6.4.3\spring-security-oauth2-core-6.4.3.jar;C:\Users\admin\.m2\repository\com\nimbusds\oauth2-oidc-sdk\9.43.6\oauth2-oidc-sdk-9.43.6.jar;C:\Users\admin\.m2\repository\com\github\stephenc\jcip\jcip-annotations\1.0-1\jcip-annotations-1.0-1.jar;C:\Users\admin\.m2\repository\com\nimbusds\content-type\2.2\content-type-2.2.jar;C:\Users\admin\.m2\repository\com\nimbusds\lang-tag\1.7\lang-tag-1.7.jar;C:\Users\admin\.m2\repository\org\springframework\security\spring-security-oauth2-jose\6.4.3\spring-security-oauth2-jose-6.4.3.jar;C:\Users\admin\.m2\repository\com\nimbusds\nimbus-jose-jwt\9.37.3\nimbus-jose-jwt-9.37.3.jar;C:\Users\admin\.m2\repository\org\postgresql\postgresql\42.7.5\postgresql-42.7.5.jar;C:\Users\admin\.m2\repository\org\checkerframework\checker-qual\3.48.3\checker-qual-3.48.3.jar;C:\Users\admin\.m2\repository\org\springframework\boot\spring-boot-starter-websocket\3.4.3\spring-boot-starter-websocket-3.4.3.jar;C:\Users\admin\.m2\repository\org\springframework\spring-messaging\6.2.3\spring-messaging-6.2.3.jar;C:\Users\admin\.m2\repository\org\springframework\spring-websocket\6.2.3\spring-websocket-6.2.3.jar;C:\Users\admin\.m2\repository\com\cloudinary\cloudinary-http44\1.17.0\cloudinary-http44-1.17.0.jar;C:\Users\admin\.m2\repository\com\cloudinary\cloudinary-core\1.17.0\cloudinary-core-1.17.0.jar;C:\Users\admin\.m2\repository\org\apache\commons\commons-lang3\3.17.0\commons-lang3-3.17.0.jar;C:\Users\admin\.m2\repository\org\apache\httpcomponents\httpmime\4.4\httpmime-4.4.jar;C:\Users\admin\.m2\repository\org\springframework\boot\spring-boot-starter-data-redis\3.4.3\spring-boot-starter-data-redis-3.4.3.jar;C:\Users\admin\.m2\repository\io\lettuce\lettuce-core\6.4.2.RELEASE\lettuce-core-6.4.2.RELEASE.jar;C:\Users\admin\.m2\repository\io\netty\netty-common\4.1.118.Final\netty-common-4.1.118.Final.jar;C:\Users\admin\.m2\repository\io\netty\netty-handler\4.1.118.Final\netty-handler-4.1.118.Final.jar;C:\Users\admin\.m2\repository\io\netty\netty-resolver\4.1.118.Final\netty-resolver-4.1.118.Final.jar;C:\Users\admin\.m2\repository\io\netty\netty-buffer\4.1.118.Final\netty-buffer-4.1.118.Final.jar;C:\Users\admin\.m2\repository\io\netty\netty-transport-native-unix-common\4.1.118.Final\netty-transport-native-unix-common-4.1.118.Final.jar;C:\Users\admin\.m2\repository\io\netty\netty-codec\4.1.118.Final\netty-codec-4.1.118.Final.jar;C:\Users\admin\.m2\repository\io\netty\netty-transport\4.1.118.Final\netty-transport-4.1.118.Final.jar;C:\Users\admin\.m2\repository\io\projectreactor\reactor-core\3.7.3\reactor-core-3.7.3.jar;C:\Users\admin\.m2\repository\org\reactivestreams\reactive-streams\1.0.4\reactive-streams-1.0.4.jar;C:\Users\admin\.m2\repository\org\springframework\data\spring-data-redis\3.4.3\spring-data-redis-3.4.3.jar;C:\Users\admin\.m2\repository\org\springframework\data\spring-data-keyvalue\3.4.3\spring-data-keyvalue-3.4.3.jar;C:\Users\admin\.m2\repository\org\springframework\spring-oxm\6.2.3\spring-oxm-6.2.3.jar;C:\Users\admin\.m2\repository\org\springframework\boot\spring-boot-starter-amqp\3.4.3\spring-boot-starter-amqp-3.4.3.jar;C:\Users\admin\.m2\repository\org\springframework\amqp\spring-rabbit\3.2.3\spring-rabbit-3.2.3.jar;C:\Users\admin\.m2\repository\org\springframework\amqp\spring-amqp\3.2.3\spring-amqp-3.2.3.jar;C:\Users\admin\.m2\repository\org\springframework\retry\spring-retry\2.0.11\spring-retry-2.0.11.jar;C:\Users\admin\.m2\repository\com\rabbitmq\amqp-client\5.22.0\amqp-client-5.22.0.jar;C:\Users\admin\.m2\repository\io\jsonwebtoken\jjwt-api\0.11.5\jjwt-api-0.11.5.jar;C:\Users\admin\.m2\repository\io\jsonwebtoken\jjwt-impl\0.11.5\jjwt-impl-0.11.5.jar;C:\Users\admin\.m2\repository\io\jsonwebtoken\jjwt-jackson\0.11.5\jjwt-jackson-0.11.5.jar;C:\Users\admin\.m2\repository\com\fasterxml\jackson\core\jackson-databind\2.18.2\jackson-databind-2.18.2.jar;C:\Users\admin\.m2\repository\com\fasterxml\jackson\core\jackson-annotations\2.18.2\jackson-annotations-2.18.2.jar;C:\Users\admin\.m2\repository\org\springdoc\springdoc-openapi-starter-webmvc-ui\2.6.0\springdoc-openapi-starter-webmvc-ui-2.6.0.jar;C:\Users\admin\.m2\repository\org\springdoc\springdoc-openapi-starter-webmvc-api\2.6.0\springdoc-openapi-starter-webmvc-api-2.6.0.jar;C:\Users\admin\.m2\repository\org\springdoc\springdoc-openapi-starter-common\2.6.0\springdoc-openapi-starter-common-2.6.0.jar;C:\Users\admin\.m2\repository\io\swagger\core\v3\swagger-core-jakarta\2.2.22\swagger-core-jakarta-2.2.22.jar;C:\Users\admin\.m2\repository\io\swagger\core\v3\swagger-annotations-jakarta\2.2.22\swagger-annotations-jakarta-2.2.22.jar;C:\Users\admin\.m2\repository\io\swagger\core\v3\swagger-models-jakarta\2.2.22\swagger-models-jakarta-2.2.22.jar;C:\Users\admin\.m2\repository\com\fasterxml\jackson\dataformat\jackson-dataformat-yaml\2.18.2\jackson-dataformat-yaml-2.18.2.jar;C:\Users\admin\.m2\repository\org\webjars\swagger-ui\5.17.14\swagger-ui-5.17.14.jar;C:\Users\admin\.m2\repository\org\projectlombok\lombok\1.18.36\lombok-1.18.36.jar;C:\Users\admin\.m2\repository\org\modelmapper\modelmapper\2.3.5\modelmapper-2.3.5.jar;C:\Users\admin\.m2\repository\io\github\cdimascio\dotenv-java\3.2.0\dotenv-java-3.2.0.jar;C:\Users\admin\.m2\repository\jakarta\xml\bind\jakarta.xml.bind-api\4.0.2\jakarta.xml.bind-api-4.0.2.jar;C:\Users\admin\.m2\repository\net\minidev\json-smart\2.5.2\json-smart-2.5.2.jar;C:\Users\admin\.m2\repository\net\minidev\accessors-smart\2.5.2\accessors-smart-2.5.2.jar;C:\Users\admin\.m2\repository\org\ow2\asm\asm\9.7.1\asm-9.7.1.jar;C:\Users\admin\.m2\repository\org\springframework\spring-core\6.2.3\spring-core-6.2.3.jar;C:\Users\admin\.m2\repository\org\springframework\spring-jcl\6.2.3\spring-jcl-6.2.3.jar;C:\Users\admin\.m2\repository\log4j\log4j\1.2.17\log4j-1.2.17.jar;C:\Users\admin\.m2\repository\org\apache\logging\log4j\log4j-1.2-api\2.24.3\log4j-1.2-api-2.24.3.jar;C:\Users\admin\.m2\repository\org\apache\logging\log4j\log4j-api\2.24.3\log4j-api-2.24.3.jar;C:\Users\admin\.m2\repository\com\google\code\gson\gson\2.11.0\gson-2.11.0.jar;C:\Users\admin\.m2\repository\com\google\errorprone\error_prone_annotations\2.27.0\error_prone_annotations-2.27.0.jar;C:\Users\admin\.m2\repository\com\google\api-client\google-api-client\2.6.0\google-api-client-2.6.0.jar;C:\Users\admin\.m2\repository\commons-codec\commons-codec\1.17.2\commons-codec-1.17.2.jar;C:\Users\admin\.m2\repository\com\google\oauth-client\google-oauth-client\1.36.0\google-oauth-client-1.36.0.jar;C:\Users\admin\.m2\repository\com\google\auth\google-auth-library-credentials\1.23.0\google-auth-library-credentials-1.23.0.jar;C:\Users\admin\.m2\repository\com\google\auth\google-auth-library-oauth2-http\1.23.0\google-auth-library-oauth2-http-1.23.0.jar;C:\Users\admin\.m2\repository\com\google\auto\value\auto-value-annotations\1.10.4\auto-value-annotations-1.10.4.jar;C:\Users\admin\.m2\repository\com\google\code\findbugs\jsr305\3.0.2\jsr305-3.0.2.jar;C:\Users\admin\.m2\repository\com\google\http-client\google-http-client-gson\1.44.2\google-http-client-gson-1.44.2.jar;C:\Users\admin\.m2\repository\com\google\guava\guava\33.1.0-jre\guava-33.1.0-jre.jar;C:\Users\admin\.m2\repository\com\google\guava\failureaccess\1.0.2\failureaccess-1.0.2.jar;C:\Users\admin\.m2\repository\com\google\guava\listenablefuture\9999.0-empty-to-avoid-conflict-with-guava\listenablefuture-9999.0-empty-to-avoid-conflict-with-guava.jar;C:\Users\admin\.m2\repository\com\google\j2objc\j2objc-annotations\3.0.0\j2objc-annotations-3.0.0.jar;C:\Users\admin\.m2\repository\com\google\http-client\google-http-client-apache-v2\1.44.2\google-http-client-apache-v2-1.44.2.jar;C:\Users\admin\.m2\repository\org\apache\httpcomponents\httpcore\4.4.16\httpcore-4.4.16.jar;C:\Users\admin\.m2\repository\com\google\http-client\google-http-client\1.44.2\google-http-client-1.44.2.jar;C:\Users\admin\.m2\repository\io\grpc\grpc-context\1.60.1\grpc-context-1.60.1.jar;C:\Users\admin\.m2\repository\io\grpc\grpc-api\1.60.1\grpc-api-1.60.1.jar;C:\Users\admin\.m2\repository\io\opencensus\opencensus-api\0.31.1\opencensus-api-0.31.1.jar;C:\Users\admin\.m2\repository\io\opencensus\opencensus-contrib-http-util\0.31.1\opencensus-contrib-http-util-0.31.1.jar;C:\Users\admin\.m2\repository\org\apache\httpcomponents\httpclient\4.5.14\httpclient-4.5.14.jar;C:\Users\admin\.m2\repository\commons-logging\commons-logging\1.2\commons-logging-1.2.jar;C:\Users\admin\.m2\repository\com\google\http-client\google-http-client-jackson2\1.39.2\google-http-client-jackson2-1.39.2.jar;C:\Users\admin\.m2\repository\com\fasterxml\jackson\core\jackson-core\2.18.2\jackson-core-2.18.2.jar;C:\Users\admin\.m2\repository\com\squareup\okhttp3\okhttp\3.11.0\okhttp-3.11.0.jar;C:\Users\admin\.m2\repository\com\squareup\okio\okio\1.14.0\okio-1.14.0.jar;C:\Users\admin\.m2\repository\org\apache\poi\poi\5.3.0\poi-5.3.0.jar;C:\Users\admin\.m2\repository\org\apache\commons\commons-collections4\4.4\commons-collections4-4.4.jar;C:\Users\admin\.m2\repository\org\apache\commons\commons-math3\3.6.1\commons-math3-3.6.1.jar;C:\Users\admin\.m2\repository\commons-io\commons-io\2.16.1\commons-io-2.16.1.jar;C:\Users\admin\.m2\repository\com\zaxxer\SparseBitSet\1.3\SparseBitSet-1.3.jar;C:\Users\admin\.m2\repository\org\apache\poi\poi-ooxml\5.3.0\poi-ooxml-5.3.0.jar;C:\Users\admin\.m2\repository\org\apache\poi\poi-ooxml-lite\5.3.0\poi-ooxml-lite-5.3.0.jar;C:\Users\admin\.m2\repository\org\apache\xmlbeans\xmlbeans\5.2.1\xmlbeans-5.2.1.jar;C:\Users\admin\.m2\repository\org\apache\commons\commons-compress\1.26.2\commons-compress-1.26.2.jar;C:\Users\admin\.m2\repository\com\github\virtuald\curvesapi\1.08\curvesapi-1.08.jar;C:\Users\admin\.m2\repository\javax\mail\javax.mail-api\1.6.2\javax.mail-api-1.6.2.jar;C:\Users\admin\.m2\repository\com\sun\mail\javax.mail\1.6.2\javax.mail-1.6.2.jar;C:\Users\admin\.m2\repository\javax\activation\activation\1.1\activation-1.1.jar
Launcher Type: SUN_STANDARD

[Global flags]
     intx CICompilerCount                          = 4                                         {product} {ergonomic}
     uint ConcGCThreads                            = 2                                         {product} {ergonomic}
     uint G1ConcRefinementThreads                  = 8                                         {product} {ergonomic}
   size_t G1HeapRegionSize                         = 1048576                                   {product} {ergonomic}
   size_t InitialHeapSize                          = 130023424                                 {product} {ergonomic}
     bool ManagementServer                         = true                                      {product} {command line}
   size_t MarkStackSize                            = 4194304                                   {product} {ergonomic}
   size_t MarkStackSizeMax                         = 536870912                                 {product} {ergonomic}
   size_t MaxHeapSize                              = 2061500416                                {product} {ergonomic}
   size_t MaxNewSize                               = 1236271104                                {product} {ergonomic}
   size_t MinHeapDeltaBytes                        = 1048576                                   {product} {ergonomic}
   size_t MinHeapSize                              = 8388608                                   {product} {ergonomic}
    uintx NonNMethodCodeHeapSize                   = 4096                                   {pd product} {ergonomic}
    uintx NonProfiledCodeHeapSize                  = 0                                      {pd product} {ergonomic}
     bool ProfileInterpreter                       = false                                  {pd product} {command line}
    uintx ProfiledCodeHeapSize                     = 0                                      {pd product} {ergonomic}
   size_t SoftMaxHeapSize                          = 2061500416                             {manageable} {ergonomic}
     intx TieredStopAtLevel                        = 1                                         {product} {command line}
     bool UseCompressedOops                        = true                           {product lp64_product} {ergonomic}
     bool UseG1GC                                  = true                                      {product} {ergonomic}
     bool UseLargePagesIndividualAllocation        = false                                  {pd product} {ergonomic}

Logging:
Log output configuration:
 #0: stdout all=warning uptime,level,tags foldmultilines=false
 #1: stderr all=off uptime,level,tags foldmultilines=false

Environment Variables:
JAVA_HOME=C:\Program Files\Java\jdk-19
PATH=C:\ProgramData\Oracle\Java\javapath;C:\app\admin\product\21c\dbhomeXE\bin;C:\Program Files\Common Files\Oracle\Java\javapath;C:\WINDOWS\system32;C:\WINDOWS;C:\WINDOWS\System32\Wbem;C:\WINDOWS\System32\WindowsPowerShell\v1.0\;C:\WINDOWS\System32\OpenSSH\;C:\Program Files\Java\jdk-19;C:\Program Files\Java\jdk-19\bin;E:\Rational Rose\common;C:\Program Files\dotnet\;C:\Program Files (x86)\Microsoft SQL Server\150\DTS\Binn\;C:\Program Files\Azure Data Studio\bin;C:\Program Files\Microsoft SQL Server\Client SDK\ODBC\170\Tools\Binn\;C:\Program Files (x86)\Microsoft SQL Server\150\Tools\Binn\;C:\Program Files\Microsoft SQL Server\150\Tools\Binn\;C:\Program Files\Microsoft SQL Server\150\DTS\Binn\;C:\Program Files\nodejs\;C:\Program Files\nodejs;C:\Program Files\Git\cmd;D:\Laragon\bin\php;D:\Laragon\bin\php\php-8.1.10-Win32-vs16-x64;C:\Program Files\apache-maven-3.9.8\bin;C:\Users\admin\AppData\Local\Android\Sdk\platform-tools;C:\Users\admin\AppData\Local\Android\Sdk\cmdline-tools;C:\Users\admin\AppData\Local\Android\Sdk\cmdline-tools\bin;D:\Downloader_MicroService\zookeeper-3.6.2\bin;D:\Git LFS;D:\Downloader_MicroService\kafka\bin\windows;D:\Redis;;C:\Program Files\Docker\Docker\resources\bin;C:\Program Files\Java\jdk-19\bin;C:\ProgramData\Oracle\Java\javapath;C:\app\admin\product\21c\dbhomeXE\bin;C:\Program Files\Common Files\Oracle\Java\javapath;C:\WINDOWS\system32;C:\WINDOWS;C:\WINDOWS\System32\Wbem;C:\WINDOWS\System32\WindowsPowerShell\v1.0\;C:\WINDOWS\System32\OpenSSH\;C:\Program Files\Java\jdk-19;C:\Program Files\Java\jdk-19\bin;E:\Rational Rose\common;C:\Program Files\dotnet\;C:\Program Files (x86)\Microsoft SQL Server\150\DTS\Binn\;C:\Program Files\Azure Data Studio\bin;C:\Program Files\Microsoft SQL Server\Client SDK\ODBC\170\Tools\Binn\;C:\Program Files (x86)\Microsoft SQL Server\150\Tools\Binn\;C:\Program Files\Microsoft SQL Server\150\Tools\Binn\;C:\Program Files\Microsoft SQL Server\150\DTS\Binn\;C:\Program Files\nodejs\;C:\Program Files\nodejs;C:\Program Files\Git\cmd;D:\Laragon\bin\php;D:\Laragon\bin\php\php-8.1.10-Win32-vs16-x64;C:\Program Files\apache-maven-3.9.8\bin;C:\Users\admin\AppData\Local\Android\Sdk\platform-tools;C:\Users\admin\AppData\Local\Android\Sdk\cmdline-tools;C:\U
USERNAME=admin
OS=Windows_NT
PROCESSOR_IDENTIFIER=Intel64 Family 6 Model 140 Stepping 1, GenuineIntel
TMP=C:\Users\admin\AppData\Local\Temp
TEMP=C:\Users\admin\AppData\Local\Temp




Periodic native trim disabled

---------------  S Y S T E M  ---------------

OS:
 Windows 11 , 64 bit Build 26100 (10.0.26100.3775)
OS uptime: 0 days 23:25 hours
Hyper-V role detected

CPU: total 8 (initial active 8) (4 cores per cpu, 2 threads per core) family 6 model 140 stepping 1 microcode 0xb8, cx8, cmov, fxsr, ht, mmx, 3dnowpref, sse, sse2, sse3, ssse3, sse4.1, sse4.2, popcnt, lzcnt, tsc, tscinvbit, avx, avx2, aes, erms, clmul, bmi1, bmi2, adx, avx512f, avx512dq, avx512cd, avx512bw, avx512vl, sha, fma, vzeroupper, avx512_vpopcntdq, avx512_vpclmulqdq, avx512_vaes, avx512_vnni, clflush, clflushopt, clwb, avx512_vbmi2, avx512_vbmi, hv, rdtscp, rdpid, fsrm, gfni, avx512_bitalg, f16c, cet_ibt, cet_ss, avx512_ifma
Processor Information for processor 0
  Max Mhz: 2419, Current Mhz: 2419, Mhz Limit: 2419
Processor Information for processor 1
  Max Mhz: 2419, Current Mhz: 2419, Mhz Limit: 2419
Processor Information for processor 2
  Max Mhz: 2419, Current Mhz: 2419, Mhz Limit: 2419
Processor Information for processor 3
  Max Mhz: 2419, Current Mhz: 2419, Mhz Limit: 2419
Processor Information for processor 4
  Max Mhz: 2419, Current Mhz: 2419, Mhz Limit: 2419
Processor Information for processor 5
  Max Mhz: 2419, Current Mhz: 2419, Mhz Limit: 2419
Processor Information for processor 6
  Max Mhz: 2419, Current Mhz: 1209, Mhz Limit: 2419
Processor Information for processor 7
  Max Mhz: 2419, Current Mhz: 2419, Mhz Limit: 2419

Memory: 4k page, system-wide physical 7859M (431M free)
TotalPageFile size 20147M (AvailPageFile size 101M)
current process WorkingSet (physical memory assigned to process): 331M, peak: 331M
current process commit charge ("private bytes"): 374M, peak: 543M

vm_info: OpenJDK 64-Bit Server VM (23.0.1+11-39) for windows-amd64 JRE (23.0.1+11-39), built on 2024-09-30T07:20:43Z with MS VC++ 17.6 (VS2022)

END.
