#
# There is insufficient memory for the Java Runtime Environment to continue.
# Native memory allocation (mmap) failed to map 578813952 bytes for G1 virtual space
# Possible reasons:
#   The system is out of physical RAM or swap space
#   The process is running with CompressedOops enabled, and the Java Heap may be blocking the growth of the native heap
# Possible solutions:
#   Reduce memory load on the system
#   Increase physical memory or swap space
#   Check if swap backing store is full
#   Decrease Java heap size (-Xmx/-Xms)
#   Decrease number of Java threads
#   Decrease Java thread stack sizes (-Xss)
#   Set larger code cache with -XX:ReservedCodeCacheSize=
#   JVM is running with Unscaled Compressed Oops mode in which the Java heap is
#     placed in the first 4GB address space. The Java Heap base address is the
#     maximum limit for the native heap growth. Please use -XX:HeapBaseMinAddress
#     to set the Java Heap base and to place the Java Heap above 4GB virtual address.
# This output file may be truncated or incomplete.
#
#  Out of Memory Error (os_windows.cpp:3548), pid=2808, tid=12668
#
# JRE version: Java(TM) SE Runtime Environment (17.0.12+8) (build 17.0.12+8-LTS-286)
# Java VM: Java HotSpot(TM) 64-Bit Server VM (17.0.12+8-LTS-286, mixed mode, emulated-client, sharing, tiered, compressed oops, compressed class ptrs, g1 gc, windows-amd64)
# No core dump will be written. Minidumps are not enabled by default on client versions of Windows
#

---------------  S U M M A R Y ------------

Command Line: -XX:TieredStopAtLevel=1 -Dspring.output.ansi.enabled=always -Dcom.sun.management.jmxremote -Dspring.jmx.enabled=true -Dspring.liveBeansView.mbeanDomain -Dspring.application.admin.enabled=true -Dmanagement.endpoints.jmx.exposure.include=* -javaagent:D:\Intellij IDEA\IntelliJ IDEA 2024.1.4\lib\idea_rt.jar=64923:D:\Intellij IDEA\IntelliJ IDEA 2024.1.4\bin -Dfile.encoding=UTF-8 com.app.vaxms_server.VaxmsServerApplication

Host: 11th Gen Intel(R) Core(TM) i5-1135G7 @ 2.40GHz, 8 cores, 7G,  Windows 11 , 64 bit Build 26100 (10.0.26100.3912)
Time: Tue Apr 29 10:08:05 2025 SE Asia Standard Time elapsed time: 20.197375 seconds (0d 0h 0m 20s)

---------------  T H R E A D  ---------------

Current thread (0x00000135f7e9e5e0):  VMThread "VM Thread" [stack: 0x00000006c8c00000,0x00000006c8d00000] [id=12668]

Stack: [0x00000006c8c00000,0x00000006c8d00000]
Native frames: (J=compiled Java code, j=interpreted, Vv=VM code, C=native code)
V  [jvm.dll+0x67a04a]
V  [jvm.dll+0x7da4ed]
V  [jvm.dll+0x7dbe33]
V  [jvm.dll+0x7dc4a3]
V  [jvm.dll+0x24508f]
V  [jvm.dll+0x677089]
V  [jvm.dll+0x66bd32]
V  [jvm.dll+0x301fa6]
V  [jvm.dll+0x309546]
V  [jvm.dll+0x359d2e]
V  [jvm.dll+0x359f5f]
V  [jvm.dll+0x2d9078]
V  [jvm.dll+0x2d74ad]
V  [jvm.dll+0x2d6afc]
V  [jvm.dll+0x31a65b]
V  [jvm.dll+0x7e0d9b]
V  [jvm.dll+0x7e1ad4]
V  [jvm.dll+0x7e1fed]
V  [jvm.dll+0x7e23c4]
V  [jvm.dll+0x7e2490]
V  [jvm.dll+0x78abea]
V  [jvm.dll+0x678f35]
C  [ucrtbase.dll+0x37b0]
C  [KERNEL32.DLL+0x2e8d7]
C  [ntdll.dll+0x9c5dc]

VM_Operation (0x00000006ca5f84b0): G1CollectForAllocation, mode: safepoint, requested by thread 0x00000135fd384240


---------------  P R O C E S S  ---------------

Threads class SMR info:
_java_thread_list=0x00000135c1961c90, length=24, elements={
0x00000135e61a1020, 0x00000135f7ea2ea0, 0x00000135f7ea3770, 0x00000135f7eb5e90,
0x00000135f7eb6760, 0x00000135f7eb7030, 0x00000135f7eb7900, 0x00000135f7ecd8d0,
0x00000135f7eee1f0, 0x00000135f7e8ebb0, 0x00000135fc2b6a40, 0x00000135fc2b7f90,
0x00000135fc9a8cc0, 0x00000135fc9a91a0, 0x00000135fcaac660, 0x00000135fd3638d0,
0x00000135fd384240, 0x00000135fd6167d0, 0x00000135fd618630, 0x00000135fd6162c0,
0x00000135fd615db0, 0x00000135fd616ce0, 0x00000135fd6171f0, 0x00000135fd617c10
}

Java Threads: ( => current thread )
  0x00000135e61a1020 JavaThread "main" [_thread_blocked, id=1600, stack(0x00000006c8600000,0x00000006c8700000)]
  0x00000135f7ea2ea0 JavaThread "Reference Handler" daemon [_thread_blocked, id=9044, stack(0x00000006c8d00000,0x00000006c8e00000)]
  0x00000135f7ea3770 JavaThread "Finalizer" daemon [_thread_blocked, id=16572, stack(0x00000006c8e00000,0x00000006c8f00000)]
  0x00000135f7eb5e90 JavaThread "Signal Dispatcher" daemon [_thread_blocked, id=16200, stack(0x00000006c8f00000,0x00000006c9000000)]
  0x00000135f7eb6760 JavaThread "Attach Listener" daemon [_thread_blocked, id=4596, stack(0x00000006c9000000,0x00000006c9100000)]
  0x00000135f7eb7030 JavaThread "Service Thread" daemon [_thread_blocked, id=3236, stack(0x00000006c9100000,0x00000006c9200000)]
  0x00000135f7eb7900 JavaThread "Monitor Deflation Thread" daemon [_thread_blocked, id=12564, stack(0x00000006c9200000,0x00000006c9300000)]
  0x00000135f7ecd8d0 JavaThread "C1 CompilerThread0" daemon [_thread_blocked, id=14800, stack(0x00000006c9300000,0x00000006c9400000)]
  0x00000135f7eee1f0 JavaThread "Sweeper thread" daemon [_thread_blocked, id=2900, stack(0x00000006c9400000,0x00000006c9500000)]
  0x00000135f7e8ebb0 JavaThread "Common-Cleaner" daemon [_thread_blocked, id=17220, stack(0x00000006c9500000,0x00000006c9600000)]
  0x00000135fc2b6a40 JavaThread "C1 CompilerThread1" daemon [_thread_blocked, id=9112, stack(0x00000006c9600000,0x00000006c9700000)]
  0x00000135fc2b7f90 JavaThread "C1 CompilerThread2" daemon [_thread_blocked, id=13364, stack(0x00000006c9700000,0x00000006c9800000)]
  0x00000135fc9a8cc0 JavaThread "Monitor Ctrl-Break" daemon [_thread_in_native, id=9600, stack(0x00000006c9800000,0x00000006c9900000)]
  0x00000135fc9a91a0 JavaThread "Notification Thread" daemon [_thread_blocked, id=7496, stack(0x00000006c9900000,0x00000006c9a00000)]
  0x00000135fcaac660 JavaThread "RMI TCP Accept-0" daemon [_thread_in_native, id=16952, stack(0x00000006c9a00000,0x00000006c9b00000)]
  0x00000135fd3638d0 JavaThread "Thread-0" [_thread_blocked, id=12612, stack(0x00000006ca400000,0x00000006ca500000)]
  0x00000135fd384240 JavaThread "restartedMain" [_thread_blocked, id=11392, stack(0x00000006ca500000,0x00000006ca600000)]
  0x00000135fd6167d0 JavaThread "RMI TCP Connection(1)-192.168.1.137" daemon [_thread_blocked, id=3712, stack(0x00000006ca800000,0x00000006ca900000)]
  0x00000135fd618630 JavaThread "RMI Scheduler(0)" daemon [_thread_blocked, id=10048, stack(0x00000006ca900000,0x00000006caa00000)]
  0x00000135fd6162c0 JavaThread "Catalina-utility-1" [_thread_blocked, id=10940, stack(0x00000006ca700000,0x00000006ca800000)]
  0x00000135fd615db0 JavaThread "Catalina-utility-2" [_thread_blocked, id=8832, stack(0x00000006cab00000,0x00000006cac00000)]
  0x00000135fd616ce0 JavaThread "container-0" [_thread_blocked, id=15508, stack(0x00000006cac00000,0x00000006cad00000)]
  0x00000135fd6171f0 JavaThread "mysql-cj-abandoned-connection-cleanup" daemon [_thread_blocked, id=3216, stack(0x00000006cad00000,0x00000006cae00000)]
  0x00000135fd617c10 JavaThread "HikariPool-1 housekeeper" daemon [_thread_blocked, id=13320, stack(0x00000006caf00000,0x00000006cb000000)]

Other Threads:
=>0x00000135f7e9e5e0 VMThread "VM Thread" [stack: 0x00000006c8c00000,0x00000006c8d00000] [id=12668]
  0x00000135e61a2a60 WatcherThread [stack: 0x00000006c9b00000,0x00000006c9c00000] [id=11024]
  0x00000135e61fa9e0 GCTaskThread "GC Thread#0" [stack: 0x00000006c8700000,0x00000006c8800000] [id=14492]
  0x00000135fd24c660 GCTaskThread "GC Thread#1" [stack: 0x00000006c9c00000,0x00000006c9d00000] [id=13520]
  0x00000135fd2946a0 GCTaskThread "GC Thread#2" [stack: 0x00000006c9d00000,0x00000006c9e00000] [id=6428]
  0x00000135fd294960 GCTaskThread "GC Thread#3" [stack: 0x00000006c9e00000,0x00000006c9f00000] [id=7936]
  0x00000135fd295030 GCTaskThread "GC Thread#4" [stack: 0x00000006c9f00000,0x00000006ca000000] [id=15548]
  0x00000135fd295f90 GCTaskThread "GC Thread#5" [stack: 0x00000006ca000000,0x00000006ca100000] [id=4164]
  0x00000135fd296ae0 GCTaskThread "GC Thread#6" [stack: 0x00000006ca100000,0x00000006ca200000] [id=8992]
  0x00000135fd29bbc0 GCTaskThread "GC Thread#7" [stack: 0x00000006ca200000,0x00000006ca300000] [id=14164]
  0x00000135e620ae00 ConcurrentGCThread "G1 Main Marker" [stack: 0x00000006c8800000,0x00000006c8900000] [id=4884]
  0x00000135e620d400 ConcurrentGCThread "G1 Conc#0" [stack: 0x00000006c8900000,0x00000006c8a00000] [id=7884]
  0x00000135fd29b380 ConcurrentGCThread "G1 Conc#1" [stack: 0x00000006caa00000,0x00000006cab00000] [id=16300]
  0x00000135f7d3f130 ConcurrentGCThread "G1 Refine#0" [stack: 0x00000006c8a00000,0x00000006c8b00000] [id=5536]
  0x00000135fd24c920 ConcurrentGCThread "G1 Refine#1" [stack: 0x00000006ca300000,0x00000006ca400000] [id=16736]
  0x00000135f7d41820 ConcurrentGCThread "G1 Service" [stack: 0x00000006c8b00000,0x00000006c8c00000] [id=8880]

Threads with active compile tasks:

VM state: at safepoint (normal execution)

VM Mutex/Monitor currently owned by a thread:  ([mutex/lock_event])
[0x00000135e619dd80] Threads_lock - owner thread: 0x00000135f7e9e5e0
[0x00000135e619d090] Heap_lock - owner thread: 0x00000135fd384240

Heap address: 0x0000000085200000, size: 1966 MB, Compressed Oops mode: 32-bit

CDS archive(s) mapped at: [0x0000013580000000-0x0000013580bd0000-0x0000013580bd0000), size 12386304, SharedBaseAddress: 0x0000013580000000, ArchiveRelocationMode: 1.
Compressed class space mapped at: 0x0000013581000000-0x00000135c1000000, reserved size: 1073741824
Narrow klass base: 0x0000013580000000, Narrow klass shift: 0, Narrow klass range: 0x100000000

GC Precious Log:
 CPUs: 8 total, 8 available
 Memory: 7859M
 Large Page Support: Disabled
 NUMA Support: Disabled
 Compressed Oops: Enabled (32-bit)
 Heap Region Size: 1M
 Heap Min Capacity: 8M
 Heap Initial Capacity: 124M
 Heap Max Capacity: 1966M
 Pre-touch: Disabled
 Parallel Workers: 8
 Concurrent Workers: 2
 Concurrent Refinement Workers: 8
 Periodic GC: Disabled

Heap:
 garbage-first heap   total 282624K, used 124737K [0x0000000085200000, 0x0000000100000000)
  region size 1024K, 15 young (15360K), 15 survivors (15360K)
 Metaspace       used 81708K, committed 82432K, reserved 1179648K
  class space    used 11931K, committed 12288K, reserved 1048576K

Heap Regions: E=young(eden), S=young(survivor), O=old, HS=humongous(starts), HC=humongous(continues), CS=collection set, F=free, OA=open archive, CA=closed archive, TAMS=top-at-mark-start (previous, next)
|   0|0x0000000085200000, 0x0000000085300000, 0x0000000085300000|100%|HS|  |TAMS 0x0000000085300000, 0x0000000085200000| Complete 
|   1|0x0000000085300000, 0x0000000085400000, 0x0000000085400000|100%|HS|  |TAMS 0x0000000085400000, 0x0000000085300000| Complete 
|   2|0x0000000085400000, 0x0000000085500000, 0x0000000085500000|100%| O|  |TAMS 0x0000000085500000, 0x0000000085400000| Untracked 
|   3|0x0000000085500000, 0x0000000085600000, 0x0000000085600000|100%| O|  |TAMS 0x0000000085600000, 0x0000000085500000| Untracked 
|   4|0x0000000085600000, 0x0000000085700000, 0x0000000085700000|100%| O|  |TAMS 0x0000000085700000, 0x0000000085600000| Untracked 
|   5|0x0000000085700000, 0x0000000085800000, 0x0000000085800000|100%| O|  |TAMS 0x0000000085800000, 0x0000000085700000| Untracked 
|   6|0x0000000085800000, 0x0000000085900000, 0x0000000085900000|100%| O|  |TAMS 0x0000000085900000, 0x0000000085800000| Untracked 
|   7|0x0000000085900000, 0x0000000085a00000, 0x0000000085a00000|100%| O|  |TAMS 0x0000000085a00000, 0x0000000085900000| Untracked 
|   8|0x0000000085a00000, 0x0000000085b00000, 0x0000000085b00000|100%| O|  |TAMS 0x0000000085b00000, 0x0000000085a00000| Untracked 
|   9|0x0000000085b00000, 0x0000000085c00000, 0x0000000085c00000|100%| O|  |TAMS 0x0000000085c00000, 0x0000000085b00000| Untracked 
|  10|0x0000000085c00000, 0x0000000085d00000, 0x0000000085d00000|100%| O|  |TAMS 0x0000000085c00000, 0x0000000085c00000| Untracked 
|  11|0x0000000085d00000, 0x0000000085e00000, 0x0000000085e00000|100%| O|  |TAMS 0x0000000085e00000, 0x0000000085d00000| Untracked 
|  12|0x0000000085e00000, 0x0000000085f00000, 0x0000000085f00000|100%| O|  |TAMS 0x0000000085f00000, 0x0000000085e00000| Untracked 
|  13|0x0000000085f00000, 0x0000000086000000, 0x0000000086000000|100%| O|  |TAMS 0x0000000086000000, 0x0000000085f00000| Untracked 
|  14|0x0000000086000000, 0x0000000086100000, 0x0000000086100000|100%| O|  |TAMS 0x0000000086100000, 0x0000000086000000| Untracked 
|  15|0x0000000086100000, 0x0000000086200000, 0x0000000086200000|100%| O|  |TAMS 0x0000000086200000, 0x0000000086100000| Untracked 
|  16|0x0000000086200000, 0x0000000086300000, 0x0000000086300000|100%| O|  |TAMS 0x0000000086300000, 0x0000000086200000| Untracked 
|  17|0x0000000086300000, 0x0000000086400000, 0x0000000086400000|100%| O|  |TAMS 0x0000000086400000, 0x0000000086300000| Untracked 
|  18|0x0000000086400000, 0x0000000086500000, 0x0000000086500000|100%| O|  |TAMS 0x0000000086500000, 0x0000000086400000| Untracked 
|  19|0x0000000086500000, 0x0000000086600000, 0x0000000086600000|100%| O|  |TAMS 0x0000000086600000, 0x0000000086500000| Untracked 
|  20|0x0000000086600000, 0x0000000086700000, 0x0000000086700000|100%| O|  |TAMS 0x0000000086700000, 0x0000000086600000| Untracked 
|  21|0x0000000086700000, 0x0000000086800000, 0x0000000086800000|100%| O|  |TAMS 0x0000000086800000, 0x0000000086700000| Untracked 
|  22|0x0000000086800000, 0x0000000086900000, 0x0000000086900000|100%| O|  |TAMS 0x0000000086900000, 0x0000000086800000| Untracked 
|  23|0x0000000086900000, 0x0000000086a00000, 0x0000000086a00000|100%| O|  |TAMS 0x0000000086a00000, 0x0000000086900000| Untracked 
|  24|0x0000000086a00000, 0x0000000086b00000, 0x0000000086b00000|100%| O|  |TAMS 0x0000000086b00000, 0x0000000086a00000| Untracked 
|  25|0x0000000086b00000, 0x0000000086c00000, 0x0000000086c00000|100%| O|  |TAMS 0x0000000086c00000, 0x0000000086b00000| Untracked 
|  26|0x0000000086c00000, 0x0000000086d00000, 0x0000000086d00000|100%| O|  |TAMS 0x0000000086d00000, 0x0000000086c00000| Untracked 
|  27|0x0000000086d00000, 0x0000000086e00000, 0x0000000086e00000|100%| O|  |TAMS 0x0000000086e00000, 0x0000000086d00000| Untracked 
|  28|0x0000000086e00000, 0x0000000086f00000, 0x0000000086f00000|100%| O|  |TAMS 0x0000000086f00000, 0x0000000086e00000| Untracked 
|  29|0x0000000086f00000, 0x0000000087000000, 0x0000000087000000|100%| O|  |TAMS 0x0000000087000000, 0x0000000086f00000| Untracked 
|  30|0x0000000087000000, 0x0000000087100000, 0x0000000087100000|100%| O|  |TAMS 0x0000000087100000, 0x0000000087000000| Untracked 
|  31|0x0000000087100000, 0x0000000087200000, 0x0000000087200000|100%| O|  |TAMS 0x0000000087200000, 0x0000000087100000| Untracked 
|  32|0x0000000087200000, 0x0000000087300000, 0x0000000087300000|100%| O|  |TAMS 0x0000000087200000, 0x0000000087200000| Untracked 
|  33|0x0000000087300000, 0x0000000087400000, 0x0000000087400000|100%| O|  |TAMS 0x0000000087400000, 0x0000000087300000| Untracked 
|  34|0x0000000087400000, 0x0000000087500000, 0x0000000087500000|100%| O|  |TAMS 0x0000000087500000, 0x0000000087400000| Untracked 
|  35|0x0000000087500000, 0x0000000087600000, 0x0000000087600000|100%| O|  |TAMS 0x0000000087600000, 0x0000000087500000| Untracked 
|  36|0x0000000087600000, 0x0000000087700000, 0x0000000087700000|100%| O|  |TAMS 0x0000000087700000, 0x0000000087600000| Untracked 
|  37|0x0000000087700000, 0x0000000087800000, 0x0000000087800000|100%| O|  |TAMS 0x0000000087800000, 0x0000000087700000| Untracked 
|  38|0x0000000087800000, 0x0000000087900000, 0x0000000087900000|100%| O|  |TAMS 0x0000000087900000, 0x0000000087800000| Untracked 
|  39|0x0000000087900000, 0x0000000087a00000, 0x0000000087a00000|100%| O|  |TAMS 0x0000000087a00000, 0x0000000087900000| Untracked 
|  40|0x0000000087a00000, 0x0000000087b00000, 0x0000000087b00000|100%| O|  |TAMS 0x0000000087b00000, 0x0000000087a00000| Untracked 
|  41|0x0000000087b00000, 0x0000000087c00000, 0x0000000087c00000|100%| O|  |TAMS 0x0000000087c00000, 0x0000000087b00000| Untracked 
|  42|0x0000000087c00000, 0x0000000087d00000, 0x0000000087d00000|100%| O|  |TAMS 0x0000000087d00000, 0x0000000087c00000| Untracked 
|  43|0x0000000087d00000, 0x0000000087e00000, 0x0000000087e00000|100%| O|  |TAMS 0x0000000087e00000, 0x0000000087d00000| Untracked 
|  44|0x0000000087e00000, 0x0000000087f00000, 0x0000000087f00000|100%| O|  |TAMS 0x0000000087f00000, 0x0000000087e00000| Untracked 
|  45|0x0000000087f00000, 0x0000000088000000, 0x0000000088000000|100%| O|  |TAMS 0x0000000088000000, 0x0000000087f00000| Untracked 
|  46|0x0000000088000000, 0x0000000088100000, 0x0000000088100000|100%| O|  |TAMS 0x0000000088100000, 0x0000000088000000| Untracked 
|  47|0x0000000088100000, 0x0000000088200000, 0x0000000088200000|100%| O|  |TAMS 0x0000000088200000, 0x0000000088100000| Untracked 
|  48|0x0000000088200000, 0x0000000088300000, 0x0000000088300000|100%| O|  |TAMS 0x0000000088300000, 0x0000000088200000| Untracked 
|  49|0x0000000088300000, 0x0000000088400000, 0x0000000088400000|100%| O|  |TAMS 0x0000000088400000, 0x0000000088300000| Untracked 
|  50|0x0000000088400000, 0x0000000088500000, 0x0000000088500000|100%| O|  |TAMS 0x0000000088485000, 0x0000000088400000| Untracked 
|  51|0x0000000088500000, 0x0000000088600000, 0x0000000088600000|100%| O|  |TAMS 0x0000000088500000, 0x0000000088500000| Untracked 
|  52|0x0000000088600000, 0x0000000088700000, 0x0000000088700000|100%| O|  |TAMS 0x0000000088600000, 0x0000000088600000| Untracked 
|  53|0x0000000088700000, 0x0000000088800000, 0x0000000088800000|100%| O|  |TAMS 0x0000000088700000, 0x0000000088700000| Untracked 
|  54|0x0000000088800000, 0x0000000088900000, 0x0000000088900000|100%| O|  |TAMS 0x0000000088800000, 0x0000000088800000| Untracked 
|  55|0x0000000088900000, 0x0000000088a00000, 0x0000000088a00000|100%| O|  |TAMS 0x0000000088900000, 0x0000000088900000| Untracked 
|  56|0x0000000088a00000, 0x0000000088b00000, 0x0000000088b00000|100%| O|  |TAMS 0x0000000088a00000, 0x0000000088a00000| Untracked 
|  57|0x0000000088b00000, 0x0000000088c00000, 0x0000000088c00000|100%| O|  |TAMS 0x0000000088b00000, 0x0000000088b00000| Untracked 
|  58|0x0000000088c00000, 0x0000000088d00000, 0x0000000088d00000|100%| O|  |TAMS 0x0000000088c00000, 0x0000000088c00000| Untracked 
|  59|0x0000000088d00000, 0x0000000088e00000, 0x0000000088e00000|100%| O|  |TAMS 0x0000000088d00000, 0x0000000088d00000| Untracked 
|  60|0x0000000088e00000, 0x0000000088f00000, 0x0000000088f00000|100%| O|  |TAMS 0x0000000088e00000, 0x0000000088e00000| Untracked 
|  61|0x0000000088f00000, 0x0000000089000000, 0x0000000089000000|100%| O|  |TAMS 0x0000000088f00000, 0x0000000088f00000| Untracked 
|  62|0x0000000089000000, 0x0000000089100000, 0x0000000089100000|100%| O|  |TAMS 0x0000000089000000, 0x0000000089000000| Untracked 
|  63|0x0000000089100000, 0x0000000089200000, 0x0000000089200000|100%| O|  |TAMS 0x0000000089100000, 0x0000000089100000| Untracked 
|  64|0x0000000089200000, 0x0000000089300000, 0x0000000089300000|100%| O|  |TAMS 0x0000000089200000, 0x0000000089200000| Untracked 
|  65|0x0000000089300000, 0x0000000089400000, 0x0000000089400000|100%| O|  |TAMS 0x0000000089300000, 0x0000000089300000| Untracked 
|  66|0x0000000089400000, 0x0000000089500000, 0x0000000089500000|100%| O|  |TAMS 0x0000000089400000, 0x0000000089400000| Untracked 
|  67|0x0000000089500000, 0x0000000089600000, 0x0000000089600000|100%| O|  |TAMS 0x0000000089500000, 0x0000000089500000| Untracked 
|  68|0x0000000089600000, 0x0000000089700000, 0x0000000089700000|100%| O|  |TAMS 0x0000000089600000, 0x0000000089600000| Untracked 
|  69|0x0000000089700000, 0x0000000089800000, 0x0000000089800000|100%| O|  |TAMS 0x0000000089700000, 0x0000000089700000| Untracked 
|  70|0x0000000089800000, 0x0000000089900000, 0x0000000089900000|100%| O|  |TAMS 0x0000000089800000, 0x0000000089800000| Untracked 
|  71|0x0000000089900000, 0x0000000089a00000, 0x0000000089a00000|100%| O|  |TAMS 0x0000000089900000, 0x0000000089900000| Untracked 
|  72|0x0000000089a00000, 0x0000000089b00000, 0x0000000089b00000|100%| O|  |TAMS 0x0000000089a00000, 0x0000000089a00000| Untracked 
|  73|0x0000000089b00000, 0x0000000089c00000, 0x0000000089c00000|100%| O|  |TAMS 0x0000000089b00000, 0x0000000089b00000| Untracked 
|  74|0x0000000089c00000, 0x0000000089d00000, 0x0000000089d00000|100%| O|  |TAMS 0x0000000089c00000, 0x0000000089c00000| Untracked 
|  75|0x0000000089d00000, 0x0000000089e00000, 0x0000000089e00000|100%| O|  |TAMS 0x0000000089d00000, 0x0000000089d00000| Untracked 
|  76|0x0000000089e00000, 0x0000000089f00000, 0x0000000089f00000|100%| O|  |TAMS 0x0000000089e00000, 0x0000000089e00000| Untracked 
|  77|0x0000000089f00000, 0x000000008a000000, 0x000000008a000000|100%| O|  |TAMS 0x0000000089f00000, 0x0000000089f00000| Untracked 
|  78|0x000000008a000000, 0x000000008a100000, 0x000000008a100000|100%| O|  |TAMS 0x000000008a000000, 0x000000008a000000| Untracked 
|  79|0x000000008a100000, 0x000000008a200000, 0x000000008a200000|100%| O|  |TAMS 0x000000008a100000, 0x000000008a100000| Untracked 
|  80|0x000000008a200000, 0x000000008a300000, 0x000000008a300000|100%| O|  |TAMS 0x000000008a200000, 0x000000008a200000| Untracked 
|  81|0x000000008a300000, 0x000000008a400000, 0x000000008a400000|100%|HS|  |TAMS 0x000000008a300000, 0x000000008a300000| Complete 
|  82|0x000000008a400000, 0x000000008a500000, 0x000000008a500000|100%|HS|  |TAMS 0x000000008a400000, 0x000000008a400000| Complete 
|  83|0x000000008a500000, 0x000000008a600000, 0x000000008a600000|100%|HC|  |TAMS 0x000000008a500000, 0x000000008a500000| Complete 
|  84|0x000000008a600000, 0x000000008a700000, 0x000000008a700000|100%| O|  |TAMS 0x000000008a600000, 0x000000008a600000| Untracked 
|  85|0x000000008a700000, 0x000000008a800000, 0x000000008a800000|100%| O|  |TAMS 0x000000008a700000, 0x000000008a700000| Untracked 
|  86|0x000000008a800000, 0x000000008a900000, 0x000000008a900000|100%| O|  |TAMS 0x000000008a800000, 0x000000008a800000| Untracked 
|  87|0x000000008a900000, 0x000000008aa00000, 0x000000008aa00000|100%| O|  |TAMS 0x000000008a900000, 0x000000008a900000| Untracked 
|  88|0x000000008aa00000, 0x000000008ab00000, 0x000000008ab00000|100%| O|  |TAMS 0x000000008aa00000, 0x000000008aa00000| Untracked 
|  89|0x000000008ab00000, 0x000000008ac00000, 0x000000008ac00000|100%| O|  |TAMS 0x000000008ab00000, 0x000000008ab00000| Untracked 
|  90|0x000000008ac00000, 0x000000008ad00000, 0x000000008ad00000|100%| O|  |TAMS 0x000000008ac00000, 0x000000008ac00000| Untracked 
|  91|0x000000008ad00000, 0x000000008ae00000, 0x000000008ae00000|100%| O|  |TAMS 0x000000008ad00000, 0x000000008ad00000| Untracked 
|  92|0x000000008ae00000, 0x000000008af00000, 0x000000008af00000|100%| O|  |TAMS 0x000000008ae00000, 0x000000008ae00000| Untracked 
|  93|0x000000008af00000, 0x000000008b000000, 0x000000008b000000|100%| O|  |TAMS 0x000000008af00000, 0x000000008af00000| Untracked 
|  94|0x000000008b000000, 0x000000008b100000, 0x000000008b100000|100%| O|  |TAMS 0x000000008b000000, 0x000000008b000000| Untracked 
|  95|0x000000008b100000, 0x000000008b200000, 0x000000008b200000|100%| O|  |TAMS 0x000000008b100000, 0x000000008b100000| Untracked 
|  96|0x000000008b200000, 0x000000008b300000, 0x000000008b300000|100%| O|  |TAMS 0x000000008b200000, 0x000000008b200000| Untracked 
|  97|0x000000008b300000, 0x000000008b400000, 0x000000008b400000|100%| O|  |TAMS 0x000000008b300000, 0x000000008b300000| Untracked 
|  98|0x000000008b400000, 0x000000008b500000, 0x000000008b500000|100%| O|  |TAMS 0x000000008b400000, 0x000000008b400000| Untracked 
|  99|0x000000008b500000, 0x000000008b600000, 0x000000008b600000|100%| O|  |TAMS 0x000000008b500000, 0x000000008b500000| Untracked 
| 100|0x000000008b600000, 0x000000008b700000, 0x000000008b700000|100%| O|  |TAMS 0x000000008b600000, 0x000000008b600000| Untracked 
| 101|0x000000008b700000, 0x000000008b800000, 0x000000008b800000|100%| O|  |TAMS 0x000000008b700000, 0x000000008b700000| Untracked 
| 102|0x000000008b800000, 0x000000008b900000, 0x000000008b900000|100%| O|  |TAMS 0x000000008b800000, 0x000000008b800000| Untracked 
| 103|0x000000008b900000, 0x000000008ba00000, 0x000000008ba00000|100%| O|  |TAMS 0x000000008b900000, 0x000000008b900000| Untracked 
| 104|0x000000008ba00000, 0x000000008bb00000, 0x000000008bb00000|100%| O|  |TAMS 0x000000008ba00000, 0x000000008ba00000| Untracked 
| 105|0x000000008bb00000, 0x000000008bc00000, 0x000000008bc00000|100%| O|  |TAMS 0x000000008bb00000, 0x000000008bb00000| Untracked 
| 106|0x000000008bc00000, 0x000000008bcd0600, 0x000000008bd00000| 81%| O|  |TAMS 0x000000008bc00000, 0x000000008bc00000| Untracked 
| 107|0x000000008bd00000, 0x000000008bd00000, 0x000000008be00000|  0%| F|  |TAMS 0x000000008bd00000, 0x000000008bd00000| Untracked 
| 108|0x000000008be00000, 0x000000008be00000, 0x000000008bf00000|  0%| F|  |TAMS 0x000000008be00000, 0x000000008be00000| Untracked 
| 109|0x000000008bf00000, 0x000000008bf00000, 0x000000008c000000|  0%| F|  |TAMS 0x000000008bf00000, 0x000000008bf00000| Untracked 
| 110|0x000000008c000000, 0x000000008c000000, 0x000000008c100000|  0%| F|  |TAMS 0x000000008c000000, 0x000000008c000000| Untracked 
| 111|0x000000008c100000, 0x000000008c100000, 0x000000008c200000|  0%| F|  |TAMS 0x000000008c100000, 0x000000008c100000| Untracked 
| 112|0x000000008c200000, 0x000000008c200000, 0x000000008c300000|  0%| F|  |TAMS 0x000000008c200000, 0x000000008c200000| Untracked 
| 113|0x000000008c300000, 0x000000008c300000, 0x000000008c400000|  0%| F|  |TAMS 0x000000008c300000, 0x000000008c300000| Untracked 
| 114|0x000000008c400000, 0x000000008c400000, 0x000000008c500000|  0%| F|  |TAMS 0x000000008c400000, 0x000000008c400000| Untracked 
| 115|0x000000008c500000, 0x000000008c500000, 0x000000008c600000|  0%| F|  |TAMS 0x000000008c500000, 0x000000008c500000| Untracked 
| 116|0x000000008c600000, 0x000000008c600000, 0x000000008c700000|  0%| F|  |TAMS 0x000000008c600000, 0x000000008c600000| Untracked 
| 117|0x000000008c700000, 0x000000008c700000, 0x000000008c800000|  0%| F|  |TAMS 0x000000008c700000, 0x000000008c700000| Untracked 
| 118|0x000000008c800000, 0x000000008c800000, 0x000000008c900000|  0%| F|  |TAMS 0x000000008c800000, 0x000000008c800000| Untracked 
| 119|0x000000008c900000, 0x000000008c900000, 0x000000008ca00000|  0%| F|  |TAMS 0x000000008c900000, 0x000000008c900000| Untracked 
| 120|0x000000008ca00000, 0x000000008ca00000, 0x000000008cb00000|  0%| F|  |TAMS 0x000000008ca00000, 0x000000008ca00000| Untracked 
| 121|0x000000008cb00000, 0x000000008cb00000, 0x000000008cc00000|  0%| F|  |TAMS 0x000000008cb00000, 0x000000008cb00000| Untracked 
| 122|0x000000008cc00000, 0x000000008cc00000, 0x000000008cd00000|  0%| F|  |TAMS 0x000000008cc00000, 0x000000008cc00000| Untracked 
| 123|0x000000008cd00000, 0x000000008cd00000, 0x000000008ce00000|  0%| F|  |TAMS 0x000000008cd00000, 0x000000008cd00000| Untracked 
| 124|0x000000008ce00000, 0x000000008ce00000, 0x000000008cf00000|  0%| F|  |TAMS 0x000000008ce00000, 0x000000008ce00000| Untracked 
| 125|0x000000008cf00000, 0x000000008cf00000, 0x000000008d000000|  0%| F|  |TAMS 0x000000008cf00000, 0x000000008cf00000| Untracked 
| 126|0x000000008d000000, 0x000000008d000000, 0x000000008d100000|  0%| F|  |TAMS 0x000000008d000000, 0x000000008d000000| Untracked 
| 127|0x000000008d100000, 0x000000008d100000, 0x000000008d200000|  0%| F|  |TAMS 0x000000008d100000, 0x000000008d100000| Untracked 
| 128|0x000000008d200000, 0x000000008d200000, 0x000000008d300000|  0%| F|  |TAMS 0x000000008d200000, 0x000000008d200000| Untracked 
| 129|0x000000008d300000, 0x000000008d300000, 0x000000008d400000|  0%| F|  |TAMS 0x000000008d300000, 0x000000008d300000| Untracked 
| 130|0x000000008d400000, 0x000000008d400000, 0x000000008d500000|  0%| F|  |TAMS 0x000000008d400000, 0x000000008d400000| Untracked 
| 131|0x000000008d500000, 0x000000008d500000, 0x000000008d600000|  0%| F|  |TAMS 0x000000008d500000, 0x000000008d500000| Untracked 
| 132|0x000000008d600000, 0x000000008d600000, 0x000000008d700000|  0%| F|  |TAMS 0x000000008d600000, 0x000000008d600000| Untracked 
| 133|0x000000008d700000, 0x000000008d700000, 0x000000008d800000|  0%| F|  |TAMS 0x000000008d700000, 0x000000008d700000| Untracked 
| 134|0x000000008d800000, 0x000000008d800000, 0x000000008d900000|  0%| F|  |TAMS 0x000000008d800000, 0x000000008d800000| Untracked 
| 135|0x000000008d900000, 0x000000008d900000, 0x000000008da00000|  0%| F|  |TAMS 0x000000008d900000, 0x000000008d900000| Untracked 
| 136|0x000000008da00000, 0x000000008da00000, 0x000000008db00000|  0%| F|  |TAMS 0x000000008da00000, 0x000000008da00000| Untracked 
| 137|0x000000008db00000, 0x000000008db00000, 0x000000008dc00000|  0%| F|  |TAMS 0x000000008db00000, 0x000000008db00000| Untracked 
| 138|0x000000008dc00000, 0x000000008dc00000, 0x000000008dd00000|  0%| F|  |TAMS 0x000000008dc00000, 0x000000008dc00000| Untracked 
| 139|0x000000008dd00000, 0x000000008dd00000, 0x000000008de00000|  0%| F|  |TAMS 0x000000008dd00000, 0x000000008dd00000| Untracked 
| 140|0x000000008de00000, 0x000000008de00000, 0x000000008df00000|  0%| F|  |TAMS 0x000000008de00000, 0x000000008de00000| Untracked 
| 141|0x000000008df00000, 0x000000008df00000, 0x000000008e000000|  0%| F|  |TAMS 0x000000008df00000, 0x000000008df00000| Untracked 
| 142|0x000000008e000000, 0x000000008e000000, 0x000000008e100000|  0%| F|  |TAMS 0x000000008e000000, 0x000000008e000000| Untracked 
| 143|0x000000008e100000, 0x000000008e100000, 0x000000008e200000|  0%| F|  |TAMS 0x000000008e100000, 0x000000008e100000| Untracked 
| 144|0x000000008e200000, 0x000000008e200000, 0x000000008e300000|  0%| F|  |TAMS 0x000000008e200000, 0x000000008e200000| Untracked 
| 145|0x000000008e300000, 0x000000008e300000, 0x000000008e400000|  0%| F|  |TAMS 0x000000008e300000, 0x000000008e300000| Untracked 
| 146|0x000000008e400000, 0x000000008e400000, 0x000000008e500000|  0%| F|  |TAMS 0x000000008e400000, 0x000000008e400000| Untracked 
| 147|0x000000008e500000, 0x000000008e500000, 0x000000008e600000|  0%| F|  |TAMS 0x000000008e500000, 0x000000008e500000| Untracked 
| 148|0x000000008e600000, 0x000000008e600000, 0x000000008e700000|  0%| F|  |TAMS 0x000000008e600000, 0x000000008e600000| Untracked 
| 149|0x000000008e700000, 0x000000008e700000, 0x000000008e800000|  0%| F|  |TAMS 0x000000008e700000, 0x000000008e700000| Untracked 
| 150|0x000000008e800000, 0x000000008e800000, 0x000000008e900000|  0%| F|  |TAMS 0x000000008e800000, 0x000000008e800000| Untracked 
| 151|0x000000008e900000, 0x000000008e900000, 0x000000008ea00000|  0%| F|  |TAMS 0x000000008e900000, 0x000000008e900000| Untracked 
| 152|0x000000008ea00000, 0x000000008ea00000, 0x000000008eb00000|  0%| F|  |TAMS 0x000000008ea00000, 0x000000008ea00000| Untracked 
| 153|0x000000008eb00000, 0x000000008eb00000, 0x000000008ec00000|  0%| F|  |TAMS 0x000000008eb00000, 0x000000008eb00000| Untracked 
| 154|0x000000008ec00000, 0x000000008ec00000, 0x000000008ed00000|  0%| F|  |TAMS 0x000000008ec00000, 0x000000008ec00000| Untracked 
| 155|0x000000008ed00000, 0x000000008ed00000, 0x000000008ee00000|  0%| F|  |TAMS 0x000000008ed00000, 0x000000008ed00000| Untracked 
| 156|0x000000008ee00000, 0x000000008ee00000, 0x000000008ef00000|  0%| F|  |TAMS 0x000000008ee00000, 0x000000008ee00000| Untracked 
| 157|0x000000008ef00000, 0x000000008ef00000, 0x000000008f000000|  0%| F|  |TAMS 0x000000008ef00000, 0x000000008ef00000| Untracked 
| 158|0x000000008f000000, 0x000000008f000000, 0x000000008f100000|  0%| F|  |TAMS 0x000000008f000000, 0x000000008f000000| Untracked 
| 159|0x000000008f100000, 0x000000008f100000, 0x000000008f200000|  0%| F|  |TAMS 0x000000008f100000, 0x000000008f100000| Untracked 
| 160|0x000000008f200000, 0x000000008f300000, 0x000000008f300000|100%| S|CS|TAMS 0x000000008f200000, 0x000000008f200000| Complete 
| 161|0x000000008f300000, 0x000000008f400000, 0x000000008f400000|100%| S|CS|TAMS 0x000000008f300000, 0x000000008f300000| Complete 
| 162|0x000000008f400000, 0x000000008f500000, 0x000000008f500000|100%| S|CS|TAMS 0x000000008f400000, 0x000000008f400000| Complete 
| 163|0x000000008f500000, 0x000000008f600000, 0x000000008f600000|100%| S|CS|TAMS 0x000000008f500000, 0x000000008f500000| Complete 
| 164|0x000000008f600000, 0x000000008f700000, 0x000000008f700000|100%| S|CS|TAMS 0x000000008f600000, 0x000000008f600000| Complete 
| 165|0x000000008f700000, 0x000000008f800000, 0x000000008f800000|100%| S|CS|TAMS 0x000000008f700000, 0x000000008f700000| Complete 
| 166|0x000000008f800000, 0x000000008f900000, 0x000000008f900000|100%| S|CS|TAMS 0x000000008f800000, 0x000000008f800000| Complete 
| 167|0x000000008f900000, 0x000000008fa00000, 0x000000008fa00000|100%| S|CS|TAMS 0x000000008f900000, 0x000000008f900000| Complete 
| 168|0x000000008fa00000, 0x000000008fb00000, 0x000000008fb00000|100%| S|CS|TAMS 0x000000008fa00000, 0x000000008fa00000| Complete 
| 169|0x000000008fb00000, 0x000000008fc00000, 0x000000008fc00000|100%| S|CS|TAMS 0x000000008fb00000, 0x000000008fb00000| Complete 
| 170|0x000000008fc00000, 0x000000008fd00000, 0x000000008fd00000|100%| S|CS|TAMS 0x000000008fc00000, 0x000000008fc00000| Complete 
| 171|0x000000008fd00000, 0x000000008fe00000, 0x000000008fe00000|100%| S|CS|TAMS 0x000000008fd00000, 0x000000008fd00000| Complete 
| 172|0x000000008fe00000, 0x000000008ff00000, 0x000000008ff00000|100%| S|CS|TAMS 0x000000008fe00000, 0x000000008fe00000| Complete 
| 173|0x000000008ff00000, 0x0000000090000000, 0x0000000090000000|100%| S|CS|TAMS 0x000000008ff00000, 0x000000008ff00000| Complete 
| 174|0x0000000090000000, 0x0000000090100000, 0x0000000090100000|100%| S|CS|TAMS 0x0000000090000000, 0x0000000090000000| Complete 
| 175|0x0000000090100000, 0x0000000090100000, 0x0000000090200000|  0%| F|  |TAMS 0x0000000090100000, 0x0000000090100000| Untracked 
| 176|0x0000000090200000, 0x0000000090200000, 0x0000000090300000|  0%| F|  |TAMS 0x0000000090200000, 0x0000000090200000| Untracked 
| 177|0x0000000090300000, 0x0000000090300000, 0x0000000090400000|  0%| F|  |TAMS 0x0000000090300000, 0x0000000090300000| Untracked 
| 178|0x0000000090400000, 0x0000000090400000, 0x0000000090500000|  0%| F|  |TAMS 0x0000000090400000, 0x0000000090400000| Untracked 
| 179|0x0000000090500000, 0x0000000090500000, 0x0000000090600000|  0%| F|  |TAMS 0x0000000090500000, 0x0000000090500000| Untracked 
| 180|0x0000000090600000, 0x0000000090600000, 0x0000000090700000|  0%| F|  |TAMS 0x0000000090600000, 0x0000000090600000| Untracked 
| 181|0x0000000090700000, 0x0000000090700000, 0x0000000090800000|  0%| F|  |TAMS 0x0000000090700000, 0x0000000090700000| Untracked 
| 182|0x0000000090800000, 0x0000000090800000, 0x0000000090900000|  0%| F|  |TAMS 0x0000000090800000, 0x0000000090800000| Untracked 
| 183|0x0000000090900000, 0x0000000090900000, 0x0000000090a00000|  0%| F|  |TAMS 0x0000000090900000, 0x0000000090900000| Untracked 
| 184|0x0000000090a00000, 0x0000000090a00000, 0x0000000090b00000|  0%| F|  |TAMS 0x0000000090a00000, 0x0000000090a00000| Untracked 
| 185|0x0000000090b00000, 0x0000000090b00000, 0x0000000090c00000|  0%| F|  |TAMS 0x0000000090b00000, 0x0000000090b00000| Untracked 
| 186|0x0000000090c00000, 0x0000000090c00000, 0x0000000090d00000|  0%| F|  |TAMS 0x0000000090c00000, 0x0000000090c00000| Untracked 
| 187|0x0000000090d00000, 0x0000000090d00000, 0x0000000090e00000|  0%| F|  |TAMS 0x0000000090d00000, 0x0000000090d00000| Untracked 
| 188|0x0000000090e00000, 0x0000000090e00000, 0x0000000090f00000|  0%| F|  |TAMS 0x0000000090e00000, 0x0000000090e00000| Untracked 
| 189|0x0000000090f00000, 0x0000000090f00000, 0x0000000091000000|  0%| F|  |TAMS 0x0000000090f00000, 0x0000000090f00000| Untracked 
| 190|0x0000000091000000, 0x0000000091000000, 0x0000000091100000|  0%| F|  |TAMS 0x0000000091000000, 0x0000000091000000| Untracked 
| 191|0x0000000091100000, 0x0000000091100000, 0x0000000091200000|  0%| F|  |TAMS 0x0000000091100000, 0x0000000091100000| Untracked 
| 192|0x0000000091200000, 0x0000000091200000, 0x0000000091300000|  0%| F|  |TAMS 0x0000000091200000, 0x0000000091200000| Untracked 
| 193|0x0000000091300000, 0x0000000091300000, 0x0000000091400000|  0%| F|  |TAMS 0x0000000091300000, 0x0000000091300000| Untracked 
| 194|0x0000000091400000, 0x0000000091400000, 0x0000000091500000|  0%| F|  |TAMS 0x0000000091400000, 0x0000000091400000| Untracked 
| 195|0x0000000091500000, 0x0000000091500000, 0x0000000091600000|  0%| F|  |TAMS 0x0000000091500000, 0x0000000091500000| Untracked 
| 196|0x0000000091600000, 0x0000000091600000, 0x0000000091700000|  0%| F|  |TAMS 0x0000000091600000, 0x0000000091600000| Untracked 
| 197|0x0000000091700000, 0x0000000091700000, 0x0000000091800000|  0%| F|  |TAMS 0x0000000091700000, 0x0000000091700000| Untracked 
| 198|0x0000000091800000, 0x0000000091800000, 0x0000000091900000|  0%| F|  |TAMS 0x0000000091800000, 0x0000000091800000| Untracked 
| 199|0x0000000091900000, 0x0000000091900000, 0x0000000091a00000|  0%| F|  |TAMS 0x0000000091900000, 0x0000000091900000| Untracked 
| 200|0x0000000091a00000, 0x0000000091a00000, 0x0000000091b00000|  0%| F|  |TAMS 0x0000000091a00000, 0x0000000091a00000| Untracked 
| 201|0x0000000091b00000, 0x0000000091b00000, 0x0000000091c00000|  0%| F|  |TAMS 0x0000000091b00000, 0x0000000091b00000| Untracked 
| 202|0x0000000091c00000, 0x0000000091c00000, 0x0000000091d00000|  0%| F|  |TAMS 0x0000000091c00000, 0x0000000091c00000| Untracked 
| 203|0x0000000091d00000, 0x0000000091d00000, 0x0000000091e00000|  0%| F|  |TAMS 0x0000000091d00000, 0x0000000091d00000| Untracked 
| 204|0x0000000091e00000, 0x0000000091e00000, 0x0000000091f00000|  0%| F|  |TAMS 0x0000000091e00000, 0x0000000091e00000| Untracked 
| 205|0x0000000091f00000, 0x0000000091f00000, 0x0000000092000000|  0%| F|  |TAMS 0x0000000091f00000, 0x0000000091f00000| Untracked 
| 206|0x0000000092000000, 0x0000000092000000, 0x0000000092100000|  0%| F|  |TAMS 0x0000000092000000, 0x0000000092000000| Untracked 
| 207|0x0000000092100000, 0x0000000092100000, 0x0000000092200000|  0%| F|  |TAMS 0x0000000092100000, 0x0000000092100000| Untracked 
| 208|0x0000000092200000, 0x0000000092200000, 0x0000000092300000|  0%| F|  |TAMS 0x0000000092200000, 0x0000000092200000| Untracked 
| 209|0x0000000092300000, 0x0000000092300000, 0x0000000092400000|  0%| F|  |TAMS 0x0000000092300000, 0x0000000092300000| Untracked 
| 210|0x0000000092400000, 0x0000000092400000, 0x0000000092500000|  0%| F|  |TAMS 0x0000000092400000, 0x0000000092400000| Untracked 
| 211|0x0000000092500000, 0x0000000092500000, 0x0000000092600000|  0%| F|  |TAMS 0x0000000092500000, 0x0000000092500000| Untracked 
| 212|0x0000000092600000, 0x0000000092600000, 0x0000000092700000|  0%| F|  |TAMS 0x0000000092600000, 0x0000000092600000| Untracked 
| 213|0x0000000092700000, 0x0000000092700000, 0x0000000092800000|  0%| F|  |TAMS 0x0000000092700000, 0x0000000092700000| Untracked 
| 214|0x0000000092800000, 0x0000000092800000, 0x0000000092900000|  0%| F|  |TAMS 0x0000000092800000, 0x0000000092800000| Untracked 
| 215|0x0000000092900000, 0x0000000092900000, 0x0000000092a00000|  0%| F|  |TAMS 0x0000000092900000, 0x0000000092900000| Untracked 
| 216|0x0000000092a00000, 0x0000000092a00000, 0x0000000092b00000|  0%| F|  |TAMS 0x0000000092a00000, 0x0000000092a00000| Untracked 
| 217|0x0000000092b00000, 0x0000000092b00000, 0x0000000092c00000|  0%| F|  |TAMS 0x0000000092b00000, 0x0000000092b00000| Untracked 
| 218|0x0000000092c00000, 0x0000000092c00000, 0x0000000092d00000|  0%| F|  |TAMS 0x0000000092c00000, 0x0000000092c00000| Untracked 
| 219|0x0000000092d00000, 0x0000000092d00000, 0x0000000092e00000|  0%| F|  |TAMS 0x0000000092d00000, 0x0000000092d00000| Untracked 
| 220|0x0000000092e00000, 0x0000000092e00000, 0x0000000092f00000|  0%| F|  |TAMS 0x0000000092e00000, 0x0000000092e00000| Untracked 
| 221|0x0000000092f00000, 0x0000000092f00000, 0x0000000093000000|  0%| F|  |TAMS 0x0000000092f00000, 0x0000000092f00000| Untracked 
| 222|0x0000000093000000, 0x0000000093000000, 0x0000000093100000|  0%| F|  |TAMS 0x0000000093000000, 0x0000000093000000| Untracked 
| 223|0x0000000093100000, 0x0000000093100000, 0x0000000093200000|  0%| F|  |TAMS 0x0000000093100000, 0x0000000093100000| Untracked 
| 224|0x0000000093200000, 0x0000000093200000, 0x0000000093300000|  0%| F|  |TAMS 0x0000000093200000, 0x0000000093200000| Untracked 
| 225|0x0000000093300000, 0x0000000093300000, 0x0000000093400000|  0%| F|  |TAMS 0x0000000093300000, 0x0000000093300000| Untracked 
| 226|0x0000000093400000, 0x0000000093400000, 0x0000000093500000|  0%| F|  |TAMS 0x0000000093400000, 0x0000000093400000| Untracked 
| 227|0x0000000093500000, 0x0000000093500000, 0x0000000093600000|  0%| F|  |TAMS 0x0000000093500000, 0x0000000093500000| Untracked 
| 228|0x0000000093600000, 0x0000000093600000, 0x0000000093700000|  0%| F|  |TAMS 0x0000000093600000, 0x0000000093600000| Untracked 
| 229|0x0000000093700000, 0x0000000093700000, 0x0000000093800000|  0%| F|  |TAMS 0x0000000093700000, 0x0000000093700000| Untracked 
| 230|0x0000000093800000, 0x0000000093800000, 0x0000000093900000|  0%| F|  |TAMS 0x0000000093800000, 0x0000000093800000| Untracked 
| 231|0x0000000093900000, 0x0000000093900000, 0x0000000093a00000|  0%| F|  |TAMS 0x0000000093900000, 0x0000000093900000| Untracked 
| 232|0x0000000093a00000, 0x0000000093a00000, 0x0000000093b00000|  0%| F|  |TAMS 0x0000000093a00000, 0x0000000093a00000| Untracked 
| 233|0x0000000093b00000, 0x0000000093b00000, 0x0000000093c00000|  0%| F|  |TAMS 0x0000000093b00000, 0x0000000093b00000| Untracked 
| 234|0x0000000093c00000, 0x0000000093c00000, 0x0000000093d00000|  0%| F|  |TAMS 0x0000000093c00000, 0x0000000093c00000| Untracked 
| 235|0x0000000093d00000, 0x0000000093d00000, 0x0000000093e00000|  0%| F|  |TAMS 0x0000000093d00000, 0x0000000093d00000| Untracked 
| 236|0x0000000093e00000, 0x0000000093e00000, 0x0000000093f00000|  0%| F|  |TAMS 0x0000000093e00000, 0x0000000093e00000| Untracked 
| 237|0x0000000093f00000, 0x0000000093f00000, 0x0000000094000000|  0%| F|  |TAMS 0x0000000093f00000, 0x0000000093f00000| Untracked 
| 238|0x0000000094000000, 0x0000000094000000, 0x0000000094100000|  0%| F|  |TAMS 0x0000000094000000, 0x0000000094000000| Untracked 
| 239|0x0000000094100000, 0x0000000094100000, 0x0000000094200000|  0%| F|  |TAMS 0x0000000094100000, 0x0000000094100000| Untracked 
| 240|0x0000000094200000, 0x0000000094200000, 0x0000000094300000|  0%| F|  |TAMS 0x0000000094200000, 0x0000000094200000| Untracked 
| 241|0x0000000094300000, 0x0000000094300000, 0x0000000094400000|  0%| F|  |TAMS 0x0000000094300000, 0x0000000094300000| Untracked 
| 242|0x0000000094400000, 0x0000000094400000, 0x0000000094500000|  0%| F|  |TAMS 0x0000000094400000, 0x0000000094400000| Untracked 
| 243|0x0000000094500000, 0x0000000094500000, 0x0000000094600000|  0%| F|  |TAMS 0x0000000094500000, 0x0000000094500000| Untracked 
| 244|0x0000000094600000, 0x0000000094600000, 0x0000000094700000|  0%| F|  |TAMS 0x0000000094600000, 0x0000000094600000| Untracked 
| 245|0x0000000094700000, 0x0000000094700000, 0x0000000094800000|  0%| F|  |TAMS 0x0000000094700000, 0x0000000094700000| Untracked 
| 246|0x0000000094800000, 0x0000000094800000, 0x0000000094900000|  0%| F|  |TAMS 0x0000000094800000, 0x0000000094800000| Untracked 
| 247|0x0000000094900000, 0x0000000094900000, 0x0000000094a00000|  0%| F|  |TAMS 0x0000000094900000, 0x0000000094900000| Untracked 
| 248|0x0000000094a00000, 0x0000000094a00000, 0x0000000094b00000|  0%| F|  |TAMS 0x0000000094a00000, 0x0000000094a00000| Untracked 
| 249|0x0000000094b00000, 0x0000000094b00000, 0x0000000094c00000|  0%| F|  |TAMS 0x0000000094b00000, 0x0000000094b00000| Untracked 
| 250|0x0000000094c00000, 0x0000000094c00000, 0x0000000094d00000|  0%| F|  |TAMS 0x0000000094c00000, 0x0000000094c00000| Untracked 
| 251|0x0000000094d00000, 0x0000000094d00000, 0x0000000094e00000|  0%| F|  |TAMS 0x0000000094d00000, 0x0000000094d00000| Untracked 
| 252|0x0000000094e00000, 0x0000000094e00000, 0x0000000094f00000|  0%| F|  |TAMS 0x0000000094e00000, 0x0000000094e00000| Untracked 
| 253|0x0000000094f00000, 0x0000000094f00000, 0x0000000095000000|  0%| F|  |TAMS 0x0000000094f00000, 0x0000000094f00000| Untracked 
| 254|0x0000000095000000, 0x0000000095000000, 0x0000000095100000|  0%| F|  |TAMS 0x0000000095000000, 0x0000000095000000| Untracked 
| 255|0x0000000095100000, 0x0000000095100000, 0x0000000095200000|  0%| F|  |TAMS 0x0000000095100000, 0x0000000095100000| Untracked 
| 256|0x0000000095200000, 0x0000000095200000, 0x0000000095300000|  0%| F|  |TAMS 0x0000000095200000, 0x0000000095200000| Untracked 
| 257|0x0000000095300000, 0x0000000095300000, 0x0000000095400000|  0%| F|  |TAMS 0x0000000095300000, 0x0000000095300000| Untracked 
| 258|0x0000000095400000, 0x0000000095400000, 0x0000000095500000|  0%| F|  |TAMS 0x0000000095400000, 0x0000000095400000| Untracked 
| 259|0x0000000095500000, 0x0000000095500000, 0x0000000095600000|  0%| F|  |TAMS 0x0000000095500000, 0x0000000095500000| Untracked 
| 260|0x0000000095600000, 0x0000000095600000, 0x0000000095700000|  0%| F|  |TAMS 0x0000000095600000, 0x0000000095600000| Untracked 
| 261|0x0000000095700000, 0x0000000095700000, 0x0000000095800000|  0%| F|  |TAMS 0x0000000095700000, 0x0000000095700000| Untracked 
| 262|0x0000000095800000, 0x0000000095800000, 0x0000000095900000|  0%| F|  |TAMS 0x0000000095800000, 0x0000000095800000| Untracked 
| 263|0x0000000095900000, 0x0000000095900000, 0x0000000095a00000|  0%| F|  |TAMS 0x0000000095900000, 0x0000000095900000| Untracked 
| 264|0x0000000095a00000, 0x0000000095a00000, 0x0000000095b00000|  0%| F|  |TAMS 0x0000000095a00000, 0x0000000095a00000| Untracked 
| 265|0x0000000095b00000, 0x0000000095b00000, 0x0000000095c00000|  0%| F|  |TAMS 0x0000000095b00000, 0x0000000095b00000| Untracked 
| 266|0x0000000095c00000, 0x0000000095c00000, 0x0000000095d00000|  0%| F|  |TAMS 0x0000000095c00000, 0x0000000095c00000| Untracked 
| 267|0x0000000095d00000, 0x0000000095d00000, 0x0000000095e00000|  0%| F|  |TAMS 0x0000000095d00000, 0x0000000095d00000| Untracked 
| 268|0x0000000095e00000, 0x0000000095e00000, 0x0000000095f00000|  0%| F|  |TAMS 0x0000000095e00000, 0x0000000095e00000| Untracked 
| 269|0x0000000095f00000, 0x0000000095f00000, 0x0000000096000000|  0%| F|  |TAMS 0x0000000095f00000, 0x0000000095f00000| Untracked 
| 270|0x0000000096000000, 0x0000000096000000, 0x0000000096100000|  0%| F|  |TAMS 0x0000000096000000, 0x0000000096000000| Untracked 
| 271|0x0000000096100000, 0x0000000096100000, 0x0000000096200000|  0%| F|  |TAMS 0x0000000096100000, 0x0000000096100000| Untracked 
| 272|0x0000000096200000, 0x0000000096200000, 0x0000000096300000|  0%| F|  |TAMS 0x0000000096200000, 0x0000000096200000| Untracked 
| 273|0x0000000096300000, 0x0000000096300000, 0x0000000096400000|  0%| F|  |TAMS 0x0000000096300000, 0x0000000096300000| Untracked 
| 274|0x0000000096400000, 0x0000000096400000, 0x0000000096500000|  0%| F|  |TAMS 0x0000000096400000, 0x0000000096400000| Untracked 
| 275|0x0000000096500000, 0x0000000096500000, 0x0000000096600000|  0%| F|  |TAMS 0x0000000096500000, 0x0000000096500000| Untracked 

Card table byte_map: [0x00000135f0f30000,0x00000135f1310000] _byte_map_base: 0x00000135f0b07000

Marking Bits (Prev, Next): (CMBitMap*) 0x00000135e61faf50, (CMBitMap*) 0x00000135e61faf10
 Prev Bits: [0x00000135f35b0000, 0x00000135f5468000)
 Next Bits: [0x00000135f16f0000, 0x00000135f35a8000)

Polling page: 0x00000135e58a0000

Metaspace:

Usage:
  Non-class:     68.14 MB used.
      Class:     11.65 MB used.
       Both:     79.79 MB used.

Virtual space:
  Non-class space:      128.00 MB reserved,      68.50 MB ( 54%) committed,  2 nodes.
      Class space:        1.00 GB reserved,      12.00 MB (  1%) committed,  1 nodes.
             Both:        1.12 GB reserved,      80.50 MB (  7%) committed. 

Chunk freelists:
   Non-Class:  11.35 MB
       Class:  3.85 MB
        Both:  15.19 MB

MaxMetaspaceSize: unlimited
CompressedClassSpaceSize: 1.00 GB
Initial GC threshold: 21.00 MB
Current GC threshold: 134.06 MB
CDS: on
MetaspaceReclaimPolicy: balanced
 - commit_granule_bytes: 65536.
 - commit_granule_words: 8192.
 - virtual_space_node_default_size: 8388608.
 - enlarge_chunks_in_place: 1.
 - new_chunks_are_fully_committed: 0.
 - uncommit_free_chunks: 1.
 - use_allocation_guard: 0.
 - handle_deallocations: 1.


Internal statistics:

num_allocs_failed_limit: 6.
num_arena_births: 968.
num_arena_deaths: 0.
num_vsnodes_births: 3.
num_vsnodes_deaths: 0.
num_space_committed: 1286.
num_space_uncommitted: 0.
num_chunks_returned_to_freelist: 6.
num_chunks_taken_from_freelist: 3973.
num_chunk_merges: 6.
num_chunk_splits: 2844.
num_chunks_enlarged: 2216.
num_inconsistent_stats: 0.

CodeCache: size=49152Kb used=16277Kb max_used=16749Kb free=32874Kb
 bounds [0x00000135eda40000, 0x00000135eeaa0000, 0x00000135f0a40000]
 total_blobs=9703 nmethods=8997 adapters=630
 compilation: enabled
              stopped_count=0, restarted_count=0
 full_count=0

Compilation events (20 events):
Event: 17.487 Thread 0x00000135f7ecd8d0 nmethod 8988 0x00000135ee01cd10 code [0x00000135ee01cee0, 0x00000135ee01d138]
Event: 17.487 Thread 0x00000135fc2b7f90 nmethod 8980 0x00000135ee01b710 code [0x00000135ee01b9a0, 0x00000135ee01c788]
Event: 17.487 Thread 0x00000135fc2b6a40 8989   !   1       org.antlr.v4.runtime.atn.LexerATNSimulator::addDFAState (224 bytes)
Event: 17.487 Thread 0x00000135f7ecd8d0 8990       1       org.antlr.v4.runtime.atn.LexerATNSimulator::addDFAEdge (37 bytes)
Event: 17.488 Thread 0x00000135f7ecd8d0 nmethod 8990 0x00000135ee01b310 code [0x00000135ee01b4c0, 0x00000135ee01b638]
Event: 17.488 Thread 0x00000135fc2b6a40 nmethod 8989 0x00000135ee01a310 code [0x00000135ee01a540, 0x00000135ee01ade8]
Event: 17.521 Thread 0x00000135fc2b7f90 8991       1       org.antlr.v4.runtime.atn.PredictionMode::allConfigsInRuleStopStates (41 bytes)
Event: 17.521 Thread 0x00000135f7ecd8d0 8992       1       java.util.ArrayList::equals (62 bytes)
Event: 17.522 Thread 0x00000135f7ecd8d0 nmethod 8992 0x00000135ee019c90 code [0x00000135ee019e60, 0x00000135ee01a1c8]
Event: 17.522 Thread 0x00000135fc2b7f90 nmethod 8991 0x00000135ee019690 code [0x00000135ee019840, 0x00000135ee019ae8]
Event: 17.613 Thread 0x00000135fc2b7f90 8993       1       org.antlr.v4.runtime.dfa.DFAState::equals (35 bytes)
Event: 17.613 Thread 0x00000135f7ecd8d0 8994       1       org.antlr.v4.runtime.atn.ATNConfigSet::equals (105 bytes)
Event: 17.614 Thread 0x00000135fc2b7f90 nmethod 8993 0x00000135ee019210 code [0x00000135ee0193c0, 0x00000135ee0195a8]
Event: 17.614 Thread 0x00000135f7ecd8d0 nmethod 8994 0x00000135ee018d10 code [0x00000135ee018ec0, 0x00000135ee019128]
Event: 17.614 Thread 0x00000135f7ecd8d0 8995       1       org.antlr.v4.runtime.atn.PredictionMode::hasSLLConflictTerminatingPrediction (109 bytes)
Event: 17.614 Thread 0x00000135f7ecd8d0 nmethod 8995 0x00000135ee018310 code [0x00000135ee018520, 0x00000135ee0189d8]
Event: 17.684 Thread 0x00000135fc2b6a40 8996       1       org.antlr.v4.runtime.dfa.DFA::getPrecedenceStartState (45 bytes)
Event: 17.684 Thread 0x00000135fc2b6a40 nmethod 8996 0x00000135ee017e10 code [0x00000135ee017fc0, 0x00000135ee0181c8]
Event: 18.068 Thread 0x00000135fc2b6a40 8997       1       sun.rmi.transport.ObjectEndpoint::<init> (60 bytes)
Event: 18.069 Thread 0x00000135fc2b6a40 nmethod 8997 0x00000135ee017990 code [0x00000135ee017b40, 0x00000135ee017d48]

GC Heap History (20 events):
Event: 16.168 GC heap after
{Heap after GC invocations=33 (full 0):
 garbage-first heap   total 97280K, used 49038K [0x0000000085200000, 0x0000000100000000)
  region size 1024K, 4 young (4096K), 4 survivors (4096K)
 Metaspace       used 79989K, committed 80704K, reserved 1179648K
  class space    used 11692K, committed 12032K, reserved 1048576K
}
Event: 16.378 GC heap before
{Heap before GC invocations=33 (full 0):
 garbage-first heap   total 97280K, used 78734K [0x0000000085200000, 0x0000000100000000)
  region size 1024K, 34 young (34816K), 4 survivors (4096K)
 Metaspace       used 81449K, committed 82112K, reserved 1179648K
  class space    used 11881K, committed 12224K, reserved 1048576K
}
Event: 16.382 GC heap after
{Heap after GC invocations=34 (full 0):
 garbage-first heap   total 97280K, used 50387K [0x0000000085200000, 0x0000000100000000)
  region size 1024K, 3 young (3072K), 3 survivors (3072K)
 Metaspace       used 81449K, committed 82112K, reserved 1179648K
  class space    used 11881K, committed 12224K, reserved 1048576K
}
Event: 16.591 GC heap before
{Heap before GC invocations=35 (full 0):
 garbage-first heap   total 109568K, used 81107K [0x0000000085200000, 0x0000000100000000)
  region size 1024K, 33 young (33792K), 3 survivors (3072K)
 Metaspace       used 81632K, committed 82304K, reserved 1179648K
  class space    used 11918K, committed 12224K, reserved 1048576K
}
Event: 16.595 GC heap after
{Heap after GC invocations=36 (full 0):
 garbage-first heap   total 109568K, used 51271K [0x0000000085200000, 0x0000000100000000)
  region size 1024K, 3 young (3072K), 3 survivors (3072K)
 Metaspace       used 81632K, committed 82304K, reserved 1179648K
  class space    used 11918K, committed 12224K, reserved 1048576K
}
Event: 16.602 GC heap before
{Heap before GC invocations=36 (full 0):
 garbage-first heap   total 109568K, used 53319K [0x0000000085200000, 0x0000000100000000)
  region size 1024K, 5 young (5120K), 3 survivors (3072K)
 Metaspace       used 81632K, committed 82304K, reserved 1179648K
  class space    used 11918K, committed 12224K, reserved 1048576K
}
Event: 16.605 GC heap after
{Heap after GC invocations=37 (full 0):
 garbage-first heap   total 109568K, used 51238K [0x0000000085200000, 0x0000000100000000)
  region size 1024K, 1 young (1024K), 1 survivors (1024K)
 Metaspace       used 81632K, committed 82304K, reserved 1179648K
  class space    used 11918K, committed 12224K, reserved 1048576K
}
Event: 16.740 GC heap before
{Heap before GC invocations=37 (full 0):
 garbage-first heap   total 109568K, used 91174K [0x0000000085200000, 0x0000000100000000)
  region size 1024K, 40 young (40960K), 1 survivors (1024K)
 Metaspace       used 81635K, committed 82304K, reserved 1179648K
  class space    used 11919K, committed 12224K, reserved 1048576K
}
Event: 16.746 GC heap after
{Heap after GC invocations=38 (full 0):
 garbage-first heap   total 109568K, used 58949K [0x0000000085200000, 0x0000000100000000)
  region size 1024K, 5 young (5120K), 5 survivors (5120K)
 Metaspace       used 81635K, committed 82304K, reserved 1179648K
  class space    used 11919K, committed 12224K, reserved 1048576K
}
Event: 16.858 GC heap before
{Heap before GC invocations=39 (full 0):
 garbage-first heap   total 124928K, used 86597K [0x0000000085200000, 0x0000000100000000)
  region size 1024K, 32 young (32768K), 5 survivors (5120K)
 Metaspace       used 81649K, committed 82368K, reserved 1179648K
  class space    used 11927K, committed 12288K, reserved 1048576K
}
Event: 16.864 GC heap after
{Heap after GC invocations=40 (full 0):
 garbage-first heap   total 124928K, used 61942K [0x0000000085200000, 0x0000000100000000)
  region size 1024K, 3 young (3072K), 3 survivors (3072K)
 Metaspace       used 81649K, committed 82368K, reserved 1179648K
  class space    used 11927K, committed 12288K, reserved 1048576K
}
Event: 16.871 GC heap before
{Heap before GC invocations=40 (full 0):
 garbage-first heap   total 124928K, used 65014K [0x0000000085200000, 0x0000000100000000)
  region size 1024K, 6 young (6144K), 3 survivors (3072K)
 Metaspace       used 81649K, committed 82368K, reserved 1179648K
  class space    used 11927K, committed 12288K, reserved 1048576K
}
Event: 17.436 GC heap after
{Heap after GC invocations=41 (full 0):
 garbage-first heap   total 282624K, used 63116K [0x0000000085200000, 0x0000000100000000)
  region size 1024K, 1 young (1024K), 1 survivors (1024K)
 Metaspace       used 81649K, committed 82368K, reserved 1179648K
  class space    used 11927K, committed 12288K, reserved 1048576K
}
Event: 17.456 GC heap before
{Heap before GC invocations=41 (full 0):
 garbage-first heap   total 282624K, used 75404K [0x0000000085200000, 0x0000000100000000)
  region size 1024K, 13 young (13312K), 1 survivors (1024K)
 Metaspace       used 81649K, committed 82368K, reserved 1179648K
  class space    used 11927K, committed 12288K, reserved 1048576K
}
Event: 17.462 GC heap after
{Heap after GC invocations=42 (full 0):
 garbage-first heap   total 282624K, used 67242K [0x0000000085200000, 0x0000000100000000)
  region size 1024K, 2 young (2048K), 2 survivors (2048K)
 Metaspace       used 81649K, committed 82368K, reserved 1179648K
  class space    used 11927K, committed 12288K, reserved 1048576K
}
Event: 17.504 GC heap before
{Heap before GC invocations=42 (full 0):
 garbage-first heap   total 282624K, used 78506K [0x0000000085200000, 0x0000000100000000)
  region size 1024K, 13 young (13312K), 2 survivors (2048K)
 Metaspace       used 81707K, committed 82432K, reserved 1179648K
  class space    used 11931K, committed 12288K, reserved 1048576K
}
Event: 17.509 GC heap after
{Heap after GC invocations=43 (full 0):
 garbage-first heap   total 282624K, used 71029K [0x0000000085200000, 0x0000000100000000)
  region size 1024K, 2 young (2048K), 2 survivors (2048K)
 Metaspace       used 81707K, committed 82432K, reserved 1179648K
  class space    used 11931K, committed 12288K, reserved 1048576K
}
Event: 17.820 GC heap before
{Heap before GC invocations=43 (full 0):
 garbage-first heap   total 282624K, used 199029K [0x0000000085200000, 0x0000000100000000)
  region size 1024K, 127 young (130048K), 2 survivors (2048K)
 Metaspace       used 81708K, committed 82432K, reserved 1179648K
  class space    used 11931K, committed 12288K, reserved 1048576K
}
Event: 17.847 GC heap after
{Heap after GC invocations=44 (full 0):
 garbage-first heap   total 282624K, used 99296K [0x0000000085200000, 0x0000000100000000)
  region size 1024K, 16 young (16384K), 16 survivors (16384K)
 Metaspace       used 81708K, committed 82432K, reserved 1179648K
  class space    used 11931K, committed 12288K, reserved 1048576K
}
Event: 18.157 GC heap before
{Heap before GC invocations=44 (full 0):
 garbage-first heap   total 282624K, used 205792K [0x0000000085200000, 0x0000000100000000)
  region size 1024K, 117 young (119808K), 16 survivors (16384K)
 Metaspace       used 81708K, committed 82432K, reserved 1179648K
  class space    used 11931K, committed 12288K, reserved 1048576K
}

Deoptimization events (8 events):
Event: 8.231 Thread 0x00000135fd384240 DEOPT PACKING pc=0x00000135ee3648fc sp=0x00000006ca5fe240
Event: 8.231 Thread 0x00000135fd384240 DEOPT UNPACKING pc=0x00000135eda966e3 sp=0x00000006ca5fd750 mode 0
Event: 8.232 Thread 0x00000135fd384240 DEOPT PACKING pc=0x00000135ee364af4 sp=0x00000006ca5fe330
Event: 8.232 Thread 0x00000135fd384240 DEOPT UNPACKING pc=0x00000135eda966e3 sp=0x00000006ca5fd858 mode 0
Event: 10.012 Thread 0x00000135fd384240 DEOPT PACKING pc=0x00000135ee07e081 sp=0x00000006ca5fe140
Event: 10.012 Thread 0x00000135fd384240 DEOPT UNPACKING pc=0x00000135eda966e3 sp=0x00000006ca5fd5d0 mode 3
Event: 10.013 Thread 0x00000135fd6162c0 DEOPT PACKING pc=0x00000135edf5f717 sp=0x00000006ca7fed60
Event: 10.013 Thread 0x00000135fd6162c0 DEOPT UNPACKING pc=0x00000135eda966e3 sp=0x00000006ca7fe1b8 mode 3

Classes unloaded (0 events):
No events

Classes redefined (0 events):
No events

Internal exceptions (20 events):
Event: 15.615 Thread 0x00000135fd384240 Exception <a 'java/lang/reflect/InvocationTargetException'{0x000000008a4306c8}> (0x000000008a4306c8) 
thrown [s\open\src\hotspot\share\runtime\reflection.cpp, line 1121]
Event: 15.624 Thread 0x00000135fd384240 Exception <a 'java/lang/NoSuchMethodError'{0x000000008a498b70}: 'int java.lang.invoke.DirectMethodHandle$Holder.invokeStatic(java.lang.Object, java.lang.Object, int)'> (0x000000008a498b70) 
thrown [s\open\src\hotspot\share\interpreter\linkResolver.cpp, line 759]
Event: 15.631 Thread 0x00000135fd384240 Exception <a 'java/lang/IncompatibleClassChangeError'{0x000000008a4dcd48}: Found class java.lang.Object, but interface was expected> (0x000000008a4dcd48) 
thrown [s\open\src\hotspot\share\interpreter\linkResolver.cpp, line 826]
Event: 15.631 Thread 0x00000135fd384240 Exception <a 'java/lang/IncompatibleClassChangeError'{0x000000008a4e3340}: Found class java.lang.Object, but interface was expected> (0x000000008a4e3340) 
thrown [s\open\src\hotspot\share\interpreter\linkResolver.cpp, line 826]
Event: 15.686 Thread 0x00000135fd384240 Exception <a 'java/lang/NoSuchMethodError'{0x000000008a2b53c0}: 'java.lang.Object java.lang.invoke.DirectMethodHandle$Holder.invokeStatic(java.lang.Object, int, java.lang.Object)'> (0x000000008a2b53c0) 
thrown [s\open\src\hotspot\share\interpreter\linkResolver.cpp, line 759]
Event: 15.696 Thread 0x00000135fd384240 Exception <a 'java/lang/reflect/InvocationTargetException'{0x000000008a110cf0}> (0x000000008a110cf0) 
thrown [s\open\src\hotspot\share\runtime\reflection.cpp, line 1121]
Event: 16.255 Thread 0x00000135fd384240 Exception <a 'java/lang/reflect/InvocationTargetException'{0x000000008b0a2958}> (0x000000008b0a2958) 
thrown [s\open\src\hotspot\share\runtime\reflection.cpp, line 1121]
Event: 16.257 Thread 0x00000135fd384240 Exception <a 'java/lang/reflect/InvocationTargetException'{0x000000008b0ad578}> (0x000000008b0ad578) 
thrown [s\open\src\hotspot\share\runtime\reflection.cpp, line 1121]
Event: 16.262 Thread 0x00000135fd384240 Exception <a 'java/lang/reflect/InvocationTargetException'{0x000000008b0bd2d0}> (0x000000008b0bd2d0) 
thrown [s\open\src\hotspot\share\runtime\reflection.cpp, line 1121]
Event: 16.270 Thread 0x00000135fd384240 Exception <a 'java/lang/reflect/InvocationTargetException'{0x000000008a92d520}> (0x000000008a92d520) 
thrown [s\open\src\hotspot\share\runtime\reflection.cpp, line 1121]
Event: 16.281 Thread 0x00000135fd384240 Exception <a 'java/lang/reflect/InvocationTargetException'{0x000000008a88b708}> (0x000000008a88b708) 
thrown [s\open\src\hotspot\share\runtime\reflection.cpp, line 1121]
Event: 16.355 Thread 0x00000135fd384240 Exception <a 'java/lang/reflect/InvocationTargetException'{0x0000000089c11c80}> (0x0000000089c11c80) 
thrown [s\open\src\hotspot\share\runtime\reflection.cpp, line 1121]
Event: 16.428 Thread 0x00000135fd384240 Exception <a 'java/lang/reflect/InvocationTargetException'{0x000000008a3bf6d8}> (0x000000008a3bf6d8) 
thrown [s\open\src\hotspot\share\runtime\reflection.cpp, line 1121]
Event: 16.477 Thread 0x00000135fd384240 Exception <a 'java/lang/reflect/InvocationTargetException'{0x000000008b6e8fe0}> (0x000000008b6e8fe0) 
thrown [s\open\src\hotspot\share\runtime\reflection.cpp, line 1121]
Event: 16.480 Thread 0x00000135fd384240 Exception <a 'java/lang/reflect/InvocationTargetException'{0x000000008b6f8e10}> (0x000000008b6f8e10) 
thrown [s\open\src\hotspot\share\runtime\reflection.cpp, line 1121]
Event: 16.486 Thread 0x00000135fd384240 Exception <a 'java/lang/reflect/InvocationTargetException'{0x000000008af149d0}> (0x000000008af149d0) 
thrown [s\open\src\hotspot\share\runtime\reflection.cpp, line 1121]
Event: 16.495 Thread 0x00000135fd384240 Exception <a 'java/lang/reflect/InvocationTargetException'{0x000000008af2fe88}> (0x000000008af2fe88) 
thrown [s\open\src\hotspot\share\runtime\reflection.cpp, line 1121]
Event: 16.497 Thread 0x00000135fd384240 Exception <a 'java/lang/reflect/InvocationTargetException'{0x000000008af39df0}> (0x000000008af39df0) 
thrown [s\open\src\hotspot\share\runtime\reflection.cpp, line 1121]
Event: 16.500 Thread 0x00000135fd384240 Exception <a 'java/lang/reflect/InvocationTargetException'{0x000000008af4a188}> (0x000000008af4a188) 
thrown [s\open\src\hotspot\share\runtime\reflection.cpp, line 1121]
Event: 16.505 Thread 0x00000135fd384240 Exception <a 'java/lang/reflect/InvocationTargetException'{0x000000008ae1e348}> (0x000000008ae1e348) 
thrown [s\open\src\hotspot\share\runtime\reflection.cpp, line 1121]

VM Operations (20 events):
Event: 16.595 Executing VM operation: G1CollectForAllocation done
Event: 16.601 Executing VM operation: G1CollectForAllocation
Event: 16.605 Executing VM operation: G1CollectForAllocation done
Event: 16.740 Executing VM operation: G1CollectForAllocation
Event: 16.747 Executing VM operation: G1CollectForAllocation done
Event: 16.813 Executing VM operation: G1Concurrent
Event: 16.818 Executing VM operation: G1Concurrent done
Event: 16.843 Executing VM operation: G1Concurrent
Event: 16.843 Executing VM operation: G1Concurrent done
Event: 16.858 Executing VM operation: G1CollectForAllocation
Event: 16.864 Executing VM operation: G1CollectForAllocation done
Event: 16.871 Executing VM operation: G1CollectForAllocation
Event: 17.436 Executing VM operation: G1CollectForAllocation done
Event: 17.456 Executing VM operation: G1CollectForAllocation
Event: 17.462 Executing VM operation: G1CollectForAllocation done
Event: 17.504 Executing VM operation: G1CollectForAllocation
Event: 17.509 Executing VM operation: G1CollectForAllocation done
Event: 17.820 Executing VM operation: G1CollectForAllocation
Event: 17.847 Executing VM operation: G1CollectForAllocation done
Event: 18.156 Executing VM operation: G1CollectForAllocation

Events (20 events):
Event: 15.667 loading class java/util/regex/Pattern$Bound
Event: 15.667 loading class java/util/regex/Pattern$Bound done
Event: 15.669 loading class java/util/regex/Pattern$Behind
Event: 15.669 loading class java/util/regex/Pattern$Behind done
Event: 15.720 loading class java/util/EmptyStackException
Event: 15.720 loading class java/util/EmptyStackException done
Event: 15.752 Thread 0x00000135fd6158a0 Thread added: 0x00000135fd6158a0
Event: 15.757 Thread 0x00000135fd6158a0 Thread exited: 0x00000135fd6158a0
Event: 15.860 loading class java/io/InvalidClassException
Event: 15.861 loading class java/io/InvalidClassException done
Event: 15.868 loading class java/util/ArrayList$ListItr
Event: 15.868 loading class java/util/ArrayList$ListItr done
Event: 16.260 Thread 0x00000135fd6158a0 Thread added: 0x00000135fd6158a0
Event: 16.266 Thread 0x00000135fd6158a0 Thread exited: 0x00000135fd6158a0
Event: 16.768 Thread 0x00000135fd6158a0 Thread added: 0x00000135fd6158a0
Event: 16.773 Thread 0x00000135fd6158a0 Thread exited: 0x00000135fd6158a0
Event: 17.436 Thread 0x00000135fd618b40 Thread exited: 0x00000135fd618b40
Event: 17.436 Thread 0x00000135fd618b40 Thread added: 0x00000135fd618b40
Event: 17.437 Thread 0x00000135fd5662a0 Thread exited: 0x00000135fd5662a0
Event: 18.068 Thread 0x00000135fd618b40 Thread exited: 0x00000135fd618b40


Dynamic libraries:
0x00007ff6d8410000 - 0x00007ff6d8420000 	C:\Program Files\Java\jdk-17\bin\java.exe
0x00007ffa13420000 - 0x00007ffa13686000 	C:\WINDOWS\SYSTEM32\ntdll.dll
0x00007ffa11d90000 - 0x00007ffa11e59000 	C:\WINDOWS\System32\KERNEL32.DLL
0x00007ffa105e0000 - 0x00007ffa109ac000 	C:\WINDOWS\System32\KERNELBASE.dll
0x00007ffa10d20000 - 0x00007ffa10e6b000 	C:\WINDOWS\System32\ucrtbase.dll
0x00007ffa08780000 - 0x00007ffa08799000 	C:\Program Files\Java\jdk-17\bin\jli.dll
0x00007ffa081b0000 - 0x00007ffa081cb000 	C:\Program Files\Java\jdk-17\bin\VCRUNTIME140.dll
0x00007ffa12cc0000 - 0x00007ffa12d72000 	C:\WINDOWS\System32\ADVAPI32.dll
0x00007ffa11830000 - 0x00007ffa118d9000 	C:\WINDOWS\System32\msvcrt.dll
0x00007ffa12c10000 - 0x00007ffa12cb6000 	C:\WINDOWS\System32\sechost.dll
0x00007ffa114f0000 - 0x00007ffa11606000 	C:\WINDOWS\System32\RPCRT4.dll
0x00007ffa11320000 - 0x00007ffa114ea000 	C:\WINDOWS\System32\USER32.dll
0x00007ffa105b0000 - 0x00007ffa105d7000 	C:\WINDOWS\System32\win32u.dll
0x00007ff9f1040000 - 0x00007ff9f12da000 	C:\WINDOWS\WinSxS\amd64_microsoft.windows.common-controls_6595b64144ccf1df_6.0.26100.3912_none_3e07963ce335137e\COMCTL32.dll
0x00007ffa12420000 - 0x00007ffa1244b000 	C:\WINDOWS\System32\GDI32.dll
0x00007ffa109b0000 - 0x00007ffa10ae2000 	C:\WINDOWS\System32\gdi32full.dll
0x00007ffa10c70000 - 0x00007ffa10d13000 	C:\WINDOWS\System32\msvcp_win.dll
0x00007ff9fd240000 - 0x00007ff9fd24b000 	C:\WINDOWS\SYSTEM32\VERSION.dll
0x00007ffa112e0000 - 0x00007ffa11310000 	C:\WINDOWS\System32\IMM32.DLL
0x00007ffa0cf20000 - 0x00007ffa0cf2c000 	C:\Program Files\Java\jdk-17\bin\vcruntime140_1.dll
0x00007ff9efc10000 - 0x00007ff9efc9e000 	C:\Program Files\Java\jdk-17\bin\msvcp140.dll
0x00007ff978630000 - 0x00007ff979210000 	C:\Program Files\Java\jdk-17\bin\server\jvm.dll
0x00007ffa11b50000 - 0x00007ffa11b58000 	C:\WINDOWS\System32\PSAPI.DLL
0x00007ffa040d0000 - 0x00007ffa04106000 	C:\WINDOWS\SYSTEM32\WINMM.dll
0x00007ff9df710000 - 0x00007ff9df71a000 	C:\WINDOWS\SYSTEM32\WSOCK32.dll
0x00007ffa11b60000 - 0x00007ffa11bd4000 	C:\WINDOWS\System32\WS2_32.dll
0x00007ffa0f370000 - 0x00007ffa0f38a000 	C:\WINDOWS\SYSTEM32\kernel.appcore.dll
0x00007ffa0ae60000 - 0x00007ffa0ae6a000 	C:\Program Files\Java\jdk-17\bin\jimage.dll
0x00007ffa0daa0000 - 0x00007ffa0dce1000 	C:\WINDOWS\SYSTEM32\DBGHELP.DLL
0x00007ffa11e60000 - 0x00007ffa121e4000 	C:\WINDOWS\System32\combase.dll
0x00007ffa12df0000 - 0x00007ffa12ed0000 	C:\WINDOWS\System32\OLEAUT32.dll
0x00007ff9ea590000 - 0x00007ff9ea5c9000 	C:\WINDOWS\SYSTEM32\dbgcore.DLL
0x00007ffa10e70000 - 0x00007ffa10f09000 	C:\WINDOWS\System32\bcryptPrimitives.dll
0x00007ff9efbf0000 - 0x00007ff9efbfe000 	C:\Program Files\Java\jdk-17\bin\instrument.dll
0x00007ff9fb220000 - 0x00007ff9fb245000 	C:\Program Files\Java\jdk-17\bin\java.dll
0x00007ff9acf70000 - 0x00007ff9ad047000 	C:\Program Files\Java\jdk-17\bin\jsvml.dll
0x00007ffa124e0000 - 0x00007ffa12c0d000 	C:\WINDOWS\System32\SHELL32.dll
0x00007ffa10fd0000 - 0x00007ffa11144000 	C:\WINDOWS\System32\wintypes.dll
0x00007ffa0e1f0000 - 0x00007ffa0ea46000 	C:\WINDOWS\SYSTEM32\windows.storage.dll
0x00007ffa111e0000 - 0x00007ffa112cf000 	C:\WINDOWS\System32\SHCORE.dll
0x00007ffa12d80000 - 0x00007ffa12de9000 	C:\WINDOWS\System32\shlwapi.dll
0x00007ffa104c0000 - 0x00007ffa104ef000 	C:\WINDOWS\SYSTEM32\profapi.dll
0x00007ff9fb200000 - 0x00007ff9fb218000 	C:\Program Files\Java\jdk-17\bin\zip.dll
0x00007ffa08190000 - 0x00007ffa081a9000 	C:\Program Files\Java\jdk-17\bin\net.dll
0x00007ffa03df0000 - 0x00007ffa03f0e000 	C:\WINDOWS\SYSTEM32\WINHTTP.dll
0x00007ffa0f8e0000 - 0x00007ffa0f94a000 	C:\WINDOWS\system32\mswsock.dll
0x00007ff9fc800000 - 0x00007ff9fc816000 	C:\Program Files\Java\jdk-17\bin\nio.dll
0x00007ff9be6f0000 - 0x00007ff9be70a000 	D:\Intellij IDEA\IntelliJ IDEA 2024.1.4\bin\breakgen64.dll
0x00007ffa0ee50000 - 0x00007ffa0ef77000 	C:\WINDOWS\SYSTEM32\DNSAPI.dll
0x00007ffa0edb0000 - 0x00007ffa0ede3000 	C:\WINDOWS\SYSTEM32\IPHLPAPI.DLL
0x00007ffa12f40000 - 0x00007ffa12f4a000 	C:\WINDOWS\System32\NSI.dll
0x00007ffa07510000 - 0x00007ffa0751b000 	C:\Windows\System32\rasadhlp.dll
0x00007ffa07790000 - 0x00007ffa07816000 	C:\WINDOWS\System32\fwpuclnt.dll
0x00007ff9fc9e0000 - 0x00007ff9fc9ea000 	C:\Program Files\Java\jdk-17\bin\management.dll
0x00007ff9f1560000 - 0x00007ff9f156b000 	C:\Program Files\Java\jdk-17\bin\management_ext.dll
0x00007ffa0fb80000 - 0x00007ffa0fb9c000 	C:\WINDOWS\SYSTEM32\CRYPTSP.dll
0x00007ffa0f2d0000 - 0x00007ffa0f30a000 	C:\WINDOWS\system32\rsaenh.dll
0x00007ffa0f980000 - 0x00007ffa0f9ab000 	C:\WINDOWS\SYSTEM32\USERENV.dll
0x00007ffa10490000 - 0x00007ffa104b6000 	C:\WINDOWS\SYSTEM32\bcrypt.dll
0x00007ffa0fba0000 - 0x00007ffa0fbac000 	C:\WINDOWS\SYSTEM32\CRYPTBASE.dll
0x00007ffa076c0000 - 0x00007ffa076df000 	C:\WINDOWS\SYSTEM32\dhcpcsvc6.DLL
0x00007ffa07690000 - 0x00007ffa076b5000 	C:\WINDOWS\SYSTEM32\dhcpcsvc.DLL
0x00007ff9cf5c0000 - 0x00007ff9cf5d8000 	C:\WINDOWS\system32\napinsp.dll
0x00007ff9cf5a0000 - 0x00007ff9cf5b2000 	C:\WINDOWS\System32\winrnr.dll
0x00007ff9cf500000 - 0x00007ff9cf530000 	C:\WINDOWS\system32\nlansp_c.dll
0x00007ff9fd030000 - 0x00007ff9fd046000 	C:\WINDOWS\system32\wshbth.dll
0x00007ff9efe80000 - 0x00007ff9efe8e000 	C:\Program Files\Java\jdk-17\bin\sunmscapi.dll
0x00007ffa10af0000 - 0x00007ffa10c67000 	C:\WINDOWS\System32\CRYPT32.dll
0x00007ffa0fd90000 - 0x00007ffa0fdc0000 	C:\WINDOWS\SYSTEM32\ncrypt.dll
0x00007ffa0fd40000 - 0x00007ffa0fd7f000 	C:\WINDOWS\SYSTEM32\NTASN1.dll
0x00007ff9b8630000 - 0x00007ff9b8640000 	C:\Program Files\Java\jdk-17\bin\verify.dll

dbghelp: loaded successfully - version: 4.0.5 - missing functions: none
symbol engine: initialized successfully - sym options: 0x614 - pdb path: .;C:\Program Files\Java\jdk-17\bin;C:\WINDOWS\SYSTEM32;C:\WINDOWS\WinSxS\amd64_microsoft.windows.common-controls_6595b64144ccf1df_6.0.26100.3912_none_3e07963ce335137e;C:\Program Files\Java\jdk-17\bin\server;D:\Intellij IDEA\IntelliJ IDEA 2024.1.4\bin

VM Arguments:
jvm_args: -XX:TieredStopAtLevel=1 -Dspring.output.ansi.enabled=always -Dcom.sun.management.jmxremote -Dspring.jmx.enabled=true -Dspring.liveBeansView.mbeanDomain -Dspring.application.admin.enabled=true -Dmanagement.endpoints.jmx.exposure.include=* -javaagent:D:\Intellij IDEA\IntelliJ IDEA 2024.1.4\lib\idea_rt.jar=64923:D:\Intellij IDEA\IntelliJ IDEA 2024.1.4\bin -Dfile.encoding=UTF-8 
java_command: com.app.vaxms_server.VaxmsServerApplication
java_class_path (initial): E:\HaUI_Learn\Semester 8\Do an tot nghiep\VaccineManagementSystem\vaxms-server\target\classes;C:\Users\admin\.m2\repository\org\springframework\boot\spring-boot-starter-security\3.4.3\spring-boot-starter-security-3.4.3.jar;C:\Users\admin\.m2\repository\org\springframework\boot\spring-boot-starter\3.4.3\spring-boot-starter-3.4.3.jar;C:\Users\admin\.m2\repository\org\springframework\boot\spring-boot-starter-logging\3.4.3\spring-boot-starter-logging-3.4.3.jar;C:\Users\admin\.m2\repository\ch\qos\logback\logback-classic\1.5.16\logback-classic-1.5.16.jar;C:\Users\admin\.m2\repository\ch\qos\logback\logback-core\1.5.16\logback-core-1.5.16.jar;C:\Users\admin\.m2\repository\org\apache\logging\log4j\log4j-to-slf4j\2.24.3\log4j-to-slf4j-2.24.3.jar;C:\Users\admin\.m2\repository\org\slf4j\jul-to-slf4j\2.0.16\jul-to-slf4j-2.0.16.jar;C:\Users\admin\.m2\repository\jakarta\annotation\jakarta.annotation-api\2.1.1\jakarta.annotation-api-2.1.1.jar;C:\Users\admin\.m2\repository\org\yaml\snakeyaml\2.3\snakeyaml-2.3.jar;C:\Users\admin\.m2\repository\org\springframework\spring-aop\6.2.3\spring-aop-6.2.3.jar;C:\Users\admin\.m2\repository\org\springframework\spring-beans\6.2.3\spring-beans-6.2.3.jar;C:\Users\admin\.m2\repository\org\springframework\security\spring-security-config\6.4.3\spring-security-config-6.4.3.jar;C:\Users\admin\.m2\repository\org\springframework\spring-context\6.2.3\spring-context-6.2.3.jar;C:\Users\admin\.m2\repository\org\springframework\security\spring-security-web\6.4.3\spring-security-web-6.4.3.jar;C:\Users\admin\.m2\repository\org\springframework\spring-expression\6.2.3\spring-expression-6.2.3.jar;C:\Users\admin\.m2\repository\org\springframework\boot\spring-boot-starter-web\3.4.3\spring-boot-starter-web-3.4.3.jar;C:\Users\admin\.m2\repository\org\springframework\boot\spring-boot-starter-json\3.4.3\spring-boot-starter-json-3.4.3.jar;C:\Users\admin\.m2\repository\com\fasterxml\jackson\datatype\jackson-datatype-jdk8\2.18.2\jackson-datat
Launcher Type: SUN_STANDARD

[Global flags]
     intx CICompilerCount                          = 4                                         {product} {ergonomic}
     uint ConcGCThreads                            = 2                                         {product} {ergonomic}
     uint G1ConcRefinementThreads                  = 8                                         {product} {ergonomic}
   size_t G1HeapRegionSize                         = 1048576                                   {product} {ergonomic}
    uintx GCDrainStackTargetSize                   = 64                                        {product} {ergonomic}
   size_t InitialHeapSize                          = 130023424                                 {product} {ergonomic}
     bool ManagementServer                         = true                                      {product} {command line}
   size_t MarkStackSize                            = 4194304                                   {product} {ergonomic}
   size_t MaxHeapSize                              = 2061500416                                {product} {ergonomic}
   size_t MaxNewSize                               = 1236271104                                {product} {ergonomic}
   size_t MinHeapDeltaBytes                        = 1048576                                   {product} {ergonomic}
   size_t MinHeapSize                              = 8388608                                   {product} {ergonomic}
    uintx NonProfiledCodeHeapSize                  = 0                                      {pd product} {ergonomic}
     bool ProfileInterpreter                       = false                                  {pd product} {command line}
    uintx ProfiledCodeHeapSize                     = 0                                      {pd product} {ergonomic}
   size_t SoftMaxHeapSize                          = 2061500416                             {manageable} {ergonomic}
     intx TieredStopAtLevel                        = 1                                         {product} {command line}
     bool UseCompressedClassPointers               = true                           {product lp64_product} {ergonomic}
     bool UseCompressedOops                        = true                           {product lp64_product} {ergonomic}
     bool UseG1GC                                  = true                                      {product} {ergonomic}
     bool UseLargePagesIndividualAllocation        = false                                  {pd product} {ergonomic}

Logging:
Log output configuration:
 #0: stdout all=warning uptime,level,tags
 #1: stderr all=off uptime,level,tags

Environment Variables:
JAVA_HOME=C:\Program Files\Java\jdk-17
PATH=C:\app\admin\product\21c\dbhomeXE\bin;C:\WINDOWS\system32;C:\WINDOWS;C:\WINDOWS\System32\Wbem;C:\WINDOWS\System32\WindowsPowerShell\v1.0\;C:\WINDOWS\System32\OpenSSH\;C:\Program Files\Java\jdk-17;C:\Program Files\Java\jdk-17\bin;E:\Rational Rose\common;C:\Program Files\dotnet\;C:\Program Files (x86)\Microsoft SQL Server\150\DTS\Binn\;C:\Program Files\Azure Data Studio\bin;C:\Program Files\Microsoft SQL Server\Client SDK\ODBC\170\Tools\Binn\;C:\Program Files (x86)\Microsoft SQL Server\150\Tools\Binn\;C:\Program Files\Microsoft SQL Server\150\Tools\Binn\;C:\Program Files\Microsoft SQL Server\150\DTS\Binn\;C:\Program Files\nodejs\;C:\Program Files\nodejs;C:\Program Files\Git\cmd;D:\Laragon\bin\php;D:\Laragon\bin\php\php-8.1.10-Win32-vs16-x64;C:\Program Files\apache-maven-3.9.8\bin;C:\Users\admin\AppData\Local\Android\Sdk\platform-tools;C:\Users\admin\AppData\Local\Android\Sdk\cmdline-tools;C:\Users\admin\AppData\Local\Android\Sdk\cmdline-tools\bin;D:\Downloader_MicroService\zookeeper-3.6.2\bin;D:\Git LFS;D:\Downloader_MicroService\kafka\bin\windows;D:\Redis;C:\Program Files\Docker\Docker\resources\bin;C:\Program Files\Java\jdk-17\bin;C:\Program Files\Java\jdk-17;C:\ProgramData\Oracle\Java\javapath;C:\app\admin\product\21c\dbhomeXE\bin;C:\Program Files\Common Files\Oracle\Java\javapath;C:\WINDOWS\system32;C:\WINDOWS;C:\WINDOWS\System32\Wbem;C:\WINDOWS\System32\WindowsPowerShell\v1.0\;C:\WINDOWS\System32\OpenSSH\;E:\Rational Rose\common;C:\Program Files\dotnet\;C:\Program Files (x86)\Microsoft SQL Server\150\DTS\Binn\;C:\Program Files\Azure Data Studio\bin;C:\Program Files\Microsoft SQL Server\Client SDK\ODBC\170\Tools\Binn\;C:\Program Files (x86)\Microsoft SQL Server\150\Tools\Binn\;C:\Program Files\Microsoft SQL Server\150\Tools\Binn\;C:\Program Files\Microsoft SQL Server\150\DTS\Binn\;C:\Program Files\nodejs\;C:\Program Files\nodejs;C:\Program Files\Git\cmd;D:\Laragon\bin\php;D:\Laragon\bin\php\php-8.1.10-Win32-vs16-x64;C:\Program Files\apache-maven-3.9.8\bin;C:\Use
USERNAME=admin
OS=Windows_NT
PROCESSOR_IDENTIFIER=Intel64 Family 6 Model 140 Stepping 1, GenuineIntel



---------------  S Y S T E M  ---------------

OS:
 Windows 11 , 64 bit Build 26100 (10.0.26100.3912)
OS uptime: 0 days 15:50 hours
Hyper-V role detected

CPU: total 8 (initial active 8) (4 cores per cpu, 2 threads per core) family 6 model 140 stepping 1 microcode 0xb8, cx8, cmov, fxsr, ht, mmx, 3dnowpref, sse, sse2, sse3, ssse3, sse4.1, sse4.2, popcnt, lzcnt, tsc, tscinvbit, avx, avx2, aes, erms, clmul, bmi1, bmi2, adx, avx512f, avx512dq, avx512cd, avx512bw, avx512vl, sha, fma, vzeroupper, avx512_vpopcntdq, avx512_vpclmulqdq, avx512_vaes, avx512_vnni, clflush, clflushopt, clwb, avx512_vbmi2, avx512_vbmi, hv

Memory: 4k page, system-wide physical 7859M (527M free)
TotalPageFile size 20147M (AvailPageFile size 8M)
current process WorkingSet (physical memory assigned to process): 443M, peak: 444M
current process commit charge ("private bytes"): 508M, peak: 1060M

vm_info: Java HotSpot(TM) 64-Bit Server VM (17.0.12+8-LTS-286) for windows-amd64 JRE (17.0.12+8-LTS-286), built on Jun  5 2024 06:46:59 by "mach5one" with MS VC++ 17.6 (VS2022)

END.
