2025-04-13T00:39:43.326+07:00  INFO 19224 --- [vaxms-server] [restartedMain] c.a.vaxms_server.VaxmsServerApplication  : Starting VaxmsServerApplication using Java 23.0.1 with PID 19224 (E:\HaUI_Learn\Semester 8\Do an tot nghiep\VaccineManagementSystem\vaxms-server\target\classes started by admin in E:\HaUI_Learn\Semester 8\Do an tot nghiep\VaccineManagementSystem)
2025-04-13T00:39:43.335+07:00  INFO 19224 --- [vaxms-server] [restartedMain] c.a.vaxms_server.VaxmsServerApplication  : No active profile set, falling back to 1 default profile: "default"
2025-04-13T00:39:43.551+07:00  INFO 19224 --- [vaxms-server] [restartedMain] .e.DevToolsPropertyDefaultsPostProcessor : Devtools property defaults active! Set 'spring.devtools.add-properties' to 'false' to disable
2025-04-13T00:39:43.551+07:00  INFO 19224 --- [vaxms-server] [restartedMain] .e.DevToolsPropertyDefaultsPostProcessor : For additional web related logging consider setting the 'logging.level.web' property to 'DEBUG'
2025-04-13T00:39:48.475+07:00  INFO 19224 --- [vaxms-server] [restartedMain] .s.d.r.c.RepositoryConfigurationDelegate : Multiple Spring Data modules found, entering strict repository configuration mode
2025-04-13T00:39:48.475+07:00  INFO 19224 --- [vaxms-server] [restartedMain] .s.d.r.c.RepositoryConfigurationDelegate : Bootstrapping Spring Data JPA repositories in DEFAULT mode.
2025-04-13T00:39:48.713+07:00  INFO 19224 --- [vaxms-server] [restartedMain] .s.d.r.c.RepositoryConfigurationDelegate : Finished Spring Data repository scanning in 226 ms. Found 21 JPA repository interfaces.
2025-04-13T00:39:49.215+07:00  INFO 19224 --- [vaxms-server] [restartedMain] .s.d.r.c.RepositoryConfigurationDelegate : Multiple Spring Data modules found, entering strict repository configuration mode
2025-04-13T00:39:49.217+07:00  INFO 19224 --- [vaxms-server] [restartedMain] .s.d.r.c.RepositoryConfigurationDelegate : Bootstrapping Spring Data Redis repositories in DEFAULT mode.
2025-04-13T00:39:49.267+07:00  INFO 19224 --- [vaxms-server] [restartedMain] .RepositoryConfigurationExtensionSupport : Spring Data Redis - Could not safely identify store assignment for repository candidate interface com.app.vaxms_server.repository.AgeGroupRepository; If you want this repository to be a Redis repository, consider annotating your entities with one of these annotations: org.springframework.data.redis.core.RedisHash (preferred), or consider extending one of the following types with your repository: org.springframework.data.keyvalue.repository.KeyValueRepository
2025-04-13T00:39:49.268+07:00  INFO 19224 --- [vaxms-server] [restartedMain] .RepositoryConfigurationExtensionSupport : Spring Data Redis - Could not safely identify store assignment for repository candidate interface com.app.vaxms_server.repository.AuthorityRepository; If you want this repository to be a Redis repository, consider annotating your entities with one of these annotations: org.springframework.data.redis.core.RedisHash (preferred), or consider extending one of the following types with your repository: org.springframework.data.keyvalue.repository.KeyValueRepository
2025-04-13T00:39:49.268+07:00  INFO 19224 --- [vaxms-server] [restartedMain] .RepositoryConfigurationExtensionSupport : Spring Data Redis - Could not safely identify store assignment for repository candidate interface com.app.vaxms_server.repository.CenterRepository; If you want this repository to be a Redis repository, consider annotating your entities with one of these annotations: org.springframework.data.redis.core.RedisHash (preferred), or consider extending one of the following types with your repository: org.springframework.data.keyvalue.repository.KeyValueRepository
2025-04-13T00:39:49.269+07:00  INFO 19224 --- [vaxms-server] [restartedMain] .RepositoryConfigurationExtensionSupport : Spring Data Redis - Could not safely identify store assignment for repository candidate interface com.app.vaxms_server.repository.ChatRepository; If you want this repository to be a Redis repository, consider annotating your entities with one of these annotations: org.springframework.data.redis.core.RedisHash (preferred), or consider extending one of the following types with your repository: org.springframework.data.keyvalue.repository.KeyValueRepository
2025-04-13T00:39:49.269+07:00  INFO 19224 --- [vaxms-server] [restartedMain] .RepositoryConfigurationExtensionSupport : Spring Data Redis - Could not safely identify store assignment for repository candidate interface com.app.vaxms_server.repository.CustomerProfileRepository; If you want this repository to be a Redis repository, consider annotating your entities with one of these annotations: org.springframework.data.redis.core.RedisHash (preferred), or consider extending one of the following types with your repository: org.springframework.data.keyvalue.repository.KeyValueRepository
2025-04-13T00:39:49.270+07:00  INFO 19224 --- [vaxms-server] [restartedMain] .RepositoryConfigurationExtensionSupport : Spring Data Redis - Could not safely identify store assignment for repository candidate interface com.app.vaxms_server.repository.CustomerScheduleRepository; If you want this repository to be a Redis repository, consider annotating your entities with one of these annotations: org.springframework.data.redis.core.RedisHash (preferred), or consider extending one of the following types with your repository: org.springframework.data.keyvalue.repository.KeyValueRepository
2025-04-13T00:39:49.270+07:00  INFO 19224 --- [vaxms-server] [restartedMain] .RepositoryConfigurationExtensionSupport : Spring Data Redis - Could not safely identify store assignment for repository candidate interface com.app.vaxms_server.repository.DoctorRepository; If you want this repository to be a Redis repository, consider annotating your entities with one of these annotations: org.springframework.data.redis.core.RedisHash (preferred), or consider extending one of the following types with your repository: org.springframework.data.keyvalue.repository.KeyValueRepository
2025-04-13T00:39:49.270+07:00  INFO 19224 --- [vaxms-server] [restartedMain] .RepositoryConfigurationExtensionSupport : Spring Data Redis - Could not safely identify store assignment for repository candidate interface com.app.vaxms_server.repository.FeedbackRepository; If you want this repository to be a Redis repository, consider annotating your entities with one of these annotations: org.springframework.data.redis.core.RedisHash (preferred), or consider extending one of the following types with your repository: org.springframework.data.keyvalue.repository.KeyValueRepository
2025-04-13T00:39:49.271+07:00  INFO 19224 --- [vaxms-server] [restartedMain] .RepositoryConfigurationExtensionSupport : Spring Data Redis - Could not safely identify store assignment for repository candidate interface com.app.vaxms_server.repository.ManufacturerRepository; If you want this repository to be a Redis repository, consider annotating your entities with one of these annotations: org.springframework.data.redis.core.RedisHash (preferred), or consider extending one of the following types with your repository: org.springframework.data.keyvalue.repository.KeyValueRepository
2025-04-13T00:39:49.271+07:00  INFO 19224 --- [vaxms-server] [restartedMain] .RepositoryConfigurationExtensionSupport : Spring Data Redis - Could not safely identify store assignment for repository candidate interface com.app.vaxms_server.repository.NewsRepository; If you want this repository to be a Redis repository, consider annotating your entities with one of these annotations: org.springframework.data.redis.core.RedisHash (preferred), or consider extending one of the following types with your repository: org.springframework.data.keyvalue.repository.KeyValueRepository
2025-04-13T00:39:49.271+07:00  INFO 19224 --- [vaxms-server] [restartedMain] .RepositoryConfigurationExtensionSupport : Spring Data Redis - Could not safely identify store assignment for repository candidate interface com.app.vaxms_server.repository.NurseRepository; If you want this repository to be a Redis repository, consider annotating your entities with one of these annotations: org.springframework.data.redis.core.RedisHash (preferred), or consider extending one of the following types with your repository: org.springframework.data.keyvalue.repository.KeyValueRepository
2025-04-13T00:39:49.272+07:00  INFO 19224 --- [vaxms-server] [restartedMain] .RepositoryConfigurationExtensionSupport : Spring Data Redis - Could not safely identify store assignment for repository candidate interface com.app.vaxms_server.repository.PaymentRepository; If you want this repository to be a Redis repository, consider annotating your entities with one of these annotations: org.springframework.data.redis.core.RedisHash (preferred), or consider extending one of the following types with your repository: org.springframework.data.keyvalue.repository.KeyValueRepository
2025-04-13T00:39:49.273+07:00  INFO 19224 --- [vaxms-server] [restartedMain] .RepositoryConfigurationExtensionSupport : Spring Data Redis - Could not safely identify store assignment for repository candidate interface com.app.vaxms_server.repository.UserRepository; If you want this repository to be a Redis repository, consider annotating your entities with one of these annotations: org.springframework.data.redis.core.RedisHash (preferred), or consider extending one of the following types with your repository: org.springframework.data.keyvalue.repository.KeyValueRepository
2025-04-13T00:39:49.273+07:00  INFO 19224 --- [vaxms-server] [restartedMain] .RepositoryConfigurationExtensionSupport : Spring Data Redis - Could not safely identify store assignment for repository candidate interface com.app.vaxms_server.repository.VaccineInventoryRepository; If you want this repository to be a Redis repository, consider annotating your entities with one of these annotations: org.springframework.data.redis.core.RedisHash (preferred), or consider extending one of the following types with your repository: org.springframework.data.keyvalue.repository.KeyValueRepository
2025-04-13T00:39:49.273+07:00  INFO 19224 --- [vaxms-server] [restartedMain] .RepositoryConfigurationExtensionSupport : Spring Data Redis - Could not safely identify store assignment for repository candidate interface com.app.vaxms_server.repository.VaccineRepository; If you want this repository to be a Redis repository, consider annotating your entities with one of these annotations: org.springframework.data.redis.core.RedisHash (preferred), or consider extending one of the following types with your repository: org.springframework.data.keyvalue.repository.KeyValueRepository
2025-04-13T00:39:49.274+07:00  INFO 19224 --- [vaxms-server] [restartedMain] .RepositoryConfigurationExtensionSupport : Spring Data Redis - Could not safely identify store assignment for repository candidate interface com.app.vaxms_server.repository.VaccineScheduleDoctorRepository; If you want this repository to be a Redis repository, consider annotating your entities with one of these annotations: org.springframework.data.redis.core.RedisHash (preferred), or consider extending one of the following types with your repository: org.springframework.data.keyvalue.repository.KeyValueRepository
2025-04-13T00:39:49.274+07:00  INFO 19224 --- [vaxms-server] [restartedMain] .RepositoryConfigurationExtensionSupport : Spring Data Redis - Could not safely identify store assignment for repository candidate interface com.app.vaxms_server.repository.VaccineScheduleNurseRepository; If you want this repository to be a Redis repository, consider annotating your entities with one of these annotations: org.springframework.data.redis.core.RedisHash (preferred), or consider extending one of the following types with your repository: org.springframework.data.keyvalue.repository.KeyValueRepository
2025-04-13T00:39:49.275+07:00  INFO 19224 --- [vaxms-server] [restartedMain] .RepositoryConfigurationExtensionSupport : Spring Data Redis - Could not safely identify store assignment for repository candidate interface com.app.vaxms_server.repository.VaccineScheduleRepository; If you want this repository to be a Redis repository, consider annotating your entities with one of these annotations: org.springframework.data.redis.core.RedisHash (preferred), or consider extending one of the following types with your repository: org.springframework.data.keyvalue.repository.KeyValueRepository
2025-04-13T00:39:49.275+07:00  INFO 19224 --- [vaxms-server] [restartedMain] .RepositoryConfigurationExtensionSupport : Spring Data Redis - Could not safely identify store assignment for repository candidate interface com.app.vaxms_server.repository.VaccineScheduleTimeRepository; If you want this repository to be a Redis repository, consider annotating your entities with one of these annotations: org.springframework.data.redis.core.RedisHash (preferred), or consider extending one of the following types with your repository: org.springframework.data.keyvalue.repository.KeyValueRepository
2025-04-13T00:39:49.275+07:00  INFO 19224 --- [vaxms-server] [restartedMain] .RepositoryConfigurationExtensionSupport : Spring Data Redis - Could not safely identify store assignment for repository candidate interface com.app.vaxms_server.repository.VaccineTypeRepository; If you want this repository to be a Redis repository, consider annotating your entities with one of these annotations: org.springframework.data.redis.core.RedisHash (preferred), or consider extending one of the following types with your repository: org.springframework.data.keyvalue.repository.KeyValueRepository
2025-04-13T00:39:49.275+07:00  INFO 19224 --- [vaxms-server] [restartedMain] .RepositoryConfigurationExtensionSupport : Spring Data Redis - Could not safely identify store assignment for repository candidate interface com.app.vaxms_server.repository.WorkScheduleRepository; If you want this repository to be a Redis repository, consider annotating your entities with one of these annotations: org.springframework.data.redis.core.RedisHash (preferred), or consider extending one of the following types with your repository: org.springframework.data.keyvalue.repository.KeyValueRepository
2025-04-13T00:39:49.275+07:00  INFO 19224 --- [vaxms-server] [restartedMain] .s.d.r.c.RepositoryConfigurationDelegate : Finished Spring Data repository scanning in 44 ms. Found 0 Redis repository interfaces.
2025-04-13T00:39:50.326+07:00  INFO 19224 --- [vaxms-server] [restartedMain] o.s.b.w.embedded.tomcat.TomcatWebServer  : Tomcat initialized with port 8080 (http)
2025-04-13T00:39:50.342+07:00  INFO 19224 --- [vaxms-server] [restartedMain] o.apache.catalina.core.StandardService   : Starting service [Tomcat]
2025-04-13T00:39:50.342+07:00  INFO 19224 --- [vaxms-server] [restartedMain] o.apache.catalina.core.StandardEngine    : Starting Servlet engine: [Apache Tomcat/10.1.36]
2025-04-13T00:39:50.404+07:00  INFO 19224 --- [vaxms-server] [restartedMain] o.a.c.c.C.[Tomcat].[localhost].[/]       : Initializing Spring embedded WebApplicationContext
2025-04-13T00:39:50.404+07:00  INFO 19224 --- [vaxms-server] [restartedMain] w.s.c.ServletWebServerApplicationContext : Root WebApplicationContext: initialization completed in 6851 ms
2025-04-13T00:39:50.664+07:00  INFO 19224 --- [vaxms-server] [restartedMain] o.hibernate.jpa.internal.util.LogHelper  : HHH000204: Processing PersistenceUnitInfo [name: default]
2025-04-13T00:39:50.785+07:00  INFO 19224 --- [vaxms-server] [restartedMain] org.hibernate.Version                    : HHH000412: Hibernate ORM core version 6.6.8.Final
2025-04-13T00:39:50.835+07:00  INFO 19224 --- [vaxms-server] [restartedMain] o.h.c.internal.RegionFactoryInitiator    : HHH000026: Second-level cache disabled
2025-04-13T00:39:51.271+07:00  INFO 19224 --- [vaxms-server] [restartedMain] o.s.o.j.p.SpringPersistenceUnitInfo      : No LoadTimeWeaver setup: ignoring JPA class transformer
2025-04-13T00:39:51.332+07:00  INFO 19224 --- [vaxms-server] [restartedMain] com.zaxxer.hikari.HikariDataSource       : HikariPool-1 - Starting...
2025-04-13T00:39:51.690+07:00  INFO 19224 --- [vaxms-server] [restartedMain] com.zaxxer.hikari.pool.HikariPool        : HikariPool-1 - Added connection org.postgresql.jdbc.PgConnection@58e48b17
2025-04-13T00:39:51.692+07:00  INFO 19224 --- [vaxms-server] [restartedMain] com.zaxxer.hikari.HikariDataSource       : HikariPool-1 - Start completed.
2025-04-13T00:39:51.748+07:00  WARN 19224 --- [vaxms-server] [restartedMain] org.hibernate.orm.deprecation            : HHH90000025: PostgreSQLDialect does not need to be specified explicitly using 'hibernate.dialect' (remove the property setting and it will be selected by default)
2025-04-13T00:39:51.770+07:00  INFO 19224 --- [vaxms-server] [restartedMain] org.hibernate.orm.connections.pooling    : HHH10001005: Database info:
	Database JDBC URL [Connecting through datasource 'HikariDataSource (HikariPool-1)']
	Database driver: undefined/unknown
	Database version: 17.4
	Autocommit mode: undefined/unknown
	Isolation level: undefined/unknown
	Minimum pool size: undefined/unknown
	Maximum pool size: undefined/unknown
2025-04-13T00:39:54.275+07:00  INFO 19224 --- [vaxms-server] [restartedMain] o.h.e.t.j.p.i.JtaPlatformInitiator       : HHH000489: No JTA platform available (set 'hibernate.transaction.jta.platform' to enable JTA platform integration)
2025-04-13T00:39:57.343+07:00  INFO 19224 --- [vaxms-server] [restartedMain] j.LocalContainerEntityManagerFactoryBean : Initialized JPA EntityManagerFactory for persistence unit 'default'
2025-04-13T00:39:58.313+07:00  INFO 19224 --- [vaxms-server] [restartedMain] o.s.d.j.r.query.QueryEnhancerFactory     : Hibernate is in classpath; If applicable, HQL parser will be used.
2025-04-13T00:40:03.352+07:00  WARN 19224 --- [vaxms-server] [restartedMain] JpaBaseConfiguration$JpaWebConfiguration : spring.jpa.open-in-view is enabled by default. Therefore, database queries may be performed during view rendering. Explicitly configure spring.jpa.open-in-view to disable this warning
2025-04-13T00:40:03.631+07:00  INFO 19224 --- [vaxms-server] [restartedMain] r$InitializeUserDetailsManagerConfigurer : Global AuthenticationManager configured with UserDetailsService bean with name userUtils
2025-04-13T00:40:05.995+07:00  INFO 19224 --- [vaxms-server] [restartedMain] o.s.b.d.a.OptionalLiveReloadServer       : LiveReload server is running on port 35729
2025-04-13T00:40:06.066+07:00  INFO 19224 --- [vaxms-server] [restartedMain] o.s.m.s.b.SimpleBrokerMessageHandler     : Starting...
2025-04-13T00:40:06.066+07:00  INFO 19224 --- [vaxms-server] [restartedMain] o.s.m.s.b.SimpleBrokerMessageHandler     : BrokerAvailabilityEvent[available=true, SimpleBrokerMessageHandler [org.springframework.messaging.simp.broker.DefaultSubscriptionRegistry@44469e56]]
2025-04-13T00:40:06.069+07:00  INFO 19224 --- [vaxms-server] [restartedMain] o.s.m.s.b.SimpleBrokerMessageHandler     : Started.
2025-04-13T00:40:06.090+07:00  INFO 19224 --- [vaxms-server] [restartedMain] o.s.b.w.embedded.tomcat.TomcatWebServer  : Tomcat started on port 8080 (http) with context path '/'
2025-04-13T00:40:06.103+07:00  INFO 19224 --- [vaxms-server] [restartedMain] c.a.vaxms_server.VaxmsServerApplication  : Started VaxmsServerApplication in 23.97 seconds (process running for 26.924)
2025-04-13T00:40:25.143+07:00  INFO 19224 --- [vaxms-server] [http-nio-8080-exec-2] o.apache.tomcat.util.http.parser.Cookie  : A cookie header was received [g_state={"i_l":0}] that contained an invalid cookie. That cookie will be ignored.
 Note: further occurrences of this error will be logged at DEBUG level.
2025-04-13T00:40:25.154+07:00  INFO 19224 --- [vaxms-server] [http-nio-8080-exec-2] o.a.c.c.C.[Tomcat].[localhost].[/]       : Initializing Spring DispatcherServlet 'dispatcherServlet'
2025-04-13T00:40:25.155+07:00  INFO 19224 --- [vaxms-server] [http-nio-8080-exec-2] o.s.web.servlet.DispatcherServlet        : Initializing Servlet 'dispatcherServlet'
2025-04-13T00:40:25.157+07:00  INFO 19224 --- [vaxms-server] [http-nio-8080-exec-2] o.s.web.servlet.DispatcherServlet        : Completed initialization in 2 ms
